[2021-01-10 14:19:28,018] INFO Registered kafka:type=kafka.Log4jController MBean (kafka.utils.Log4jControllerRegistration$)
[2021-01-10 14:19:28,379] INFO Setting -D jdk.tls.rejectClientInitiatedRenegotiation=true to disable client-initiated TLS renegotiation (org.apache.zookeeper.common.X509Util)
[2021-01-10 14:19:28,478] INFO Registered signal handlers for TERM, INT, HUP (org.apache.kafka.common.utils.LoggingSignalHandler)
[2021-01-10 14:19:28,482] INFO starting (kafka.server.KafkaServer)
[2021-01-10 14:19:28,482] INFO Connecting to zookeeper on localhost:14181 (kafka.server.KafkaServer)
[2021-01-10 14:19:28,502] INFO [ZooKeeperClient Kafka server] Initializing a new session to localhost:14181. (kafka.zookeeper.ZooKeeperClient)
[2021-01-10 14:19:28,508] INFO Client environment:zookeeper.version=3.5.8-f439ca583e70862c3068a1f2a7d4d068eec33315, built on 05/04/2020 15:53 GMT (org.apache.zookeeper.ZooKeeper)
[2021-01-10 14:19:28,508] INFO Client environment:host.name=ubuntu (org.apache.zookeeper.ZooKeeper)
[2021-01-10 14:19:28,508] INFO Client environment:java.version=11.0.7 (org.apache.zookeeper.ZooKeeper)
[2021-01-10 14:19:28,508] INFO Client environment:java.vendor=AdoptOpenJDK (org.apache.zookeeper.ZooKeeper)
[2021-01-10 14:19:28,508] INFO Client environment:java.home=/usr/local/jdk-11.0.7+10 (org.apache.zookeeper.ZooKeeper)
[2021-01-10 14:19:28,508] INFO Client environment:java.class.path=/usr/local/swissbib/current.kafka.2.7.0/broker2/bin/../libs/activation-1.1.1.jar:/usr/local/swissbib/current.kafka.2.7.0/broker2/bin/../libs/aopalliance-repackaged-2.6.1.jar:/usr/local/swissbib/current.kafka.2.7.0/broker2/bin/../libs/argparse4j-0.7.0.jar:/usr/local/swissbib/current.kafka.2.7.0/broker2/bin/../libs/audience-annotations-0.5.0.jar:/usr/local/swissbib/current.kafka.2.7.0/broker2/bin/../libs/commons-cli-1.4.jar:/usr/local/swissbib/current.kafka.2.7.0/broker2/bin/../libs/commons-lang3-3.8.1.jar:/usr/local/swissbib/current.kafka.2.7.0/broker2/bin/../libs/connect-api-2.7.0.jar:/usr/local/swissbib/current.kafka.2.7.0/broker2/bin/../libs/connect-basic-auth-extension-2.7.0.jar:/usr/local/swissbib/current.kafka.2.7.0/broker2/bin/../libs/connect-file-2.7.0.jar:/usr/local/swissbib/current.kafka.2.7.0/broker2/bin/../libs/connect-json-2.7.0.jar:/usr/local/swissbib/current.kafka.2.7.0/broker2/bin/../libs/connect-mirror-2.7.0.jar:/usr/local/swissbib/current.kafka.2.7.0/broker2/bin/../libs/connect-mirror-client-2.7.0.jar:/usr/local/swissbib/current.kafka.2.7.0/broker2/bin/../libs/connect-runtime-2.7.0.jar:/usr/local/swissbib/current.kafka.2.7.0/broker2/bin/../libs/connect-transforms-2.7.0.jar:/usr/local/swissbib/current.kafka.2.7.0/broker2/bin/../libs/hk2-api-2.6.1.jar:/usr/local/swissbib/current.kafka.2.7.0/broker2/bin/../libs/hk2-locator-2.6.1.jar:/usr/local/swissbib/current.kafka.2.7.0/broker2/bin/../libs/hk2-utils-2.6.1.jar:/usr/local/swissbib/current.kafka.2.7.0/broker2/bin/../libs/jackson-annotations-2.10.5.jar:/usr/local/swissbib/current.kafka.2.7.0/broker2/bin/../libs/jackson-core-2.10.5.jar:/usr/local/swissbib/current.kafka.2.7.0/broker2/bin/../libs/jackson-databind-2.10.5.1.jar:/usr/local/swissbib/current.kafka.2.7.0/broker2/bin/../libs/jackson-dataformat-csv-2.10.5.jar:/usr/local/swissbib/current.kafka.2.7.0/broker2/bin/../libs/jackson-datatype-jdk8-2.10.5.jar:/usr/local/swissbib/current.kafka.2.7.0/broker2/bin/../libs/jackson-jaxrs-base-2.10.5.jar:/usr/local/swissbib/current.kafka.2.7.0/broker2/bin/../libs/jackson-jaxrs-json-provider-2.10.5.jar:/usr/local/swissbib/current.kafka.2.7.0/broker2/bin/../libs/jackson-module-jaxb-annotations-2.10.5.jar:/usr/local/swissbib/current.kafka.2.7.0/broker2/bin/../libs/jackson-module-paranamer-2.10.5.jar:/usr/local/swissbib/current.kafka.2.7.0/broker2/bin/../libs/jackson-module-scala_2.13-2.10.5.jar:/usr/local/swissbib/current.kafka.2.7.0/broker2/bin/../libs/jakarta.activation-api-1.2.1.jar:/usr/local/swissbib/current.kafka.2.7.0/broker2/bin/../libs/jakarta.annotation-api-1.3.5.jar:/usr/local/swissbib/current.kafka.2.7.0/broker2/bin/../libs/jakarta.inject-2.6.1.jar:/usr/local/swissbib/current.kafka.2.7.0/broker2/bin/../libs/jakarta.validation-api-2.0.2.jar:/usr/local/swissbib/current.kafka.2.7.0/broker2/bin/../libs/jakarta.ws.rs-api-2.1.6.jar:/usr/local/swissbib/current.kafka.2.7.0/broker2/bin/../libs/jakarta.xml.bind-api-2.3.2.jar:/usr/local/swissbib/current.kafka.2.7.0/broker2/bin/../libs/javassist-3.25.0-GA.jar:/usr/local/swissbib/current.kafka.2.7.0/broker2/bin/../libs/javassist-3.26.0-GA.jar:/usr/local/swissbib/current.kafka.2.7.0/broker2/bin/../libs/javax.servlet-api-3.1.0.jar:/usr/local/swissbib/current.kafka.2.7.0/broker2/bin/../libs/javax.ws.rs-api-2.1.1.jar:/usr/local/swissbib/current.kafka.2.7.0/broker2/bin/../libs/jaxb-api-2.3.0.jar:/usr/local/swissbib/current.kafka.2.7.0/broker2/bin/../libs/jersey-client-2.31.jar:/usr/local/swissbib/current.kafka.2.7.0/broker2/bin/../libs/jersey-common-2.31.jar:/usr/local/swissbib/current.kafka.2.7.0/broker2/bin/../libs/jersey-container-servlet-2.31.jar:/usr/local/swissbib/current.kafka.2.7.0/broker2/bin/../libs/jersey-container-servlet-core-2.31.jar:/usr/local/swissbib/current.kafka.2.7.0/broker2/bin/../libs/jersey-hk2-2.31.jar:/usr/local/swissbib/current.kafka.2.7.0/broker2/bin/../libs/jersey-media-jaxb-2.31.jar:/usr/local/swissbib/current.kafka.2.7.0/broker2/bin/../libs/jersey-server-2.31.jar:/usr/local/swissbib/current.kafka.2.7.0/broker2/bin/../libs/jetty-client-9.4.33.v20201020.jar:/usr/local/swissbib/current.kafka.2.7.0/broker2/bin/../libs/jetty-continuation-9.4.33.v20201020.jar:/usr/local/swissbib/current.kafka.2.7.0/broker2/bin/../libs/jetty-http-9.4.33.v20201020.jar:/usr/local/swissbib/current.kafka.2.7.0/broker2/bin/../libs/jetty-io-9.4.33.v20201020.jar:/usr/local/swissbib/current.kafka.2.7.0/broker2/bin/../libs/jetty-security-9.4.33.v20201020.jar:/usr/local/swissbib/current.kafka.2.7.0/broker2/bin/../libs/jetty-server-9.4.33.v20201020.jar:/usr/local/swissbib/current.kafka.2.7.0/broker2/bin/../libs/jetty-servlet-9.4.33.v20201020.jar:/usr/local/swissbib/current.kafka.2.7.0/broker2/bin/../libs/jetty-servlets-9.4.33.v20201020.jar:/usr/local/swissbib/current.kafka.2.7.0/broker2/bin/../libs/jetty-util-9.4.33.v20201020.jar:/usr/local/swissbib/current.kafka.2.7.0/broker2/bin/../libs/jopt-simple-5.0.4.jar:/usr/local/swissbib/current.kafka.2.7.0/broker2/bin/../libs/kafka_2.13-2.7.0.jar:/usr/local/swissbib/current.kafka.2.7.0/broker2/bin/../libs/kafka_2.13-2.7.0-sources.jar:/usr/local/swissbib/current.kafka.2.7.0/broker2/bin/../libs/kafka-clients-2.7.0.jar:/usr/local/swissbib/current.kafka.2.7.0/broker2/bin/../libs/kafka-log4j-appender-2.7.0.jar:/usr/local/swissbib/current.kafka.2.7.0/broker2/bin/../libs/kafka-raft-2.7.0.jar:/usr/local/swissbib/current.kafka.2.7.0/broker2/bin/../libs/kafka-streams-2.7.0.jar:/usr/local/swissbib/current.kafka.2.7.0/broker2/bin/../libs/kafka-streams-examples-2.7.0.jar:/usr/local/swissbib/current.kafka.2.7.0/broker2/bin/../libs/kafka-streams-scala_2.13-2.7.0.jar:/usr/local/swissbib/current.kafka.2.7.0/broker2/bin/../libs/kafka-streams-test-utils-2.7.0.jar:/usr/local/swissbib/current.kafka.2.7.0/broker2/bin/../libs/kafka-tools-2.7.0.jar:/usr/local/swissbib/current.kafka.2.7.0/broker2/bin/../libs/log4j-1.2.17.jar:/usr/local/swissbib/current.kafka.2.7.0/broker2/bin/../libs/lz4-java-1.7.1.jar:/usr/local/swissbib/current.kafka.2.7.0/broker2/bin/../libs/maven-artifact-3.6.3.jar:/usr/local/swissbib/current.kafka.2.7.0/broker2/bin/../libs/metrics-core-2.2.0.jar:/usr/local/swissbib/current.kafka.2.7.0/broker2/bin/../libs/netty-buffer-4.1.51.Final.jar:/usr/local/swissbib/current.kafka.2.7.0/broker2/bin/../libs/netty-codec-4.1.51.Final.jar:/usr/local/swissbib/current.kafka.2.7.0/broker2/bin/../libs/netty-common-4.1.51.Final.jar:/usr/local/swissbib/current.kafka.2.7.0/broker2/bin/../libs/netty-handler-4.1.51.Final.jar:/usr/local/swissbib/current.kafka.2.7.0/broker2/bin/../libs/netty-resolver-4.1.51.Final.jar:/usr/local/swissbib/current.kafka.2.7.0/broker2/bin/../libs/netty-transport-4.1.51.Final.jar:/usr/local/swissbib/current.kafka.2.7.0/broker2/bin/../libs/netty-transport-native-epoll-4.1.51.Final.jar:/usr/local/swissbib/current.kafka.2.7.0/broker2/bin/../libs/netty-transport-native-unix-common-4.1.51.Final.jar:/usr/local/swissbib/current.kafka.2.7.0/broker2/bin/../libs/osgi-resource-locator-1.0.3.jar:/usr/local/swissbib/current.kafka.2.7.0/broker2/bin/../libs/paranamer-2.8.jar:/usr/local/swissbib/current.kafka.2.7.0/broker2/bin/../libs/plexus-utils-3.2.1.jar:/usr/local/swissbib/current.kafka.2.7.0/broker2/bin/../libs/reflections-0.9.12.jar:/usr/local/swissbib/current.kafka.2.7.0/broker2/bin/../libs/rocksdbjni-5.18.4.jar:/usr/local/swissbib/current.kafka.2.7.0/broker2/bin/../libs/scala-collection-compat_2.13-2.2.0.jar:/usr/local/swissbib/current.kafka.2.7.0/broker2/bin/../libs/scala-java8-compat_2.13-0.9.1.jar:/usr/local/swissbib/current.kafka.2.7.0/broker2/bin/../libs/scala-library-2.13.3.jar:/usr/local/swissbib/current.kafka.2.7.0/broker2/bin/../libs/scala-logging_2.13-3.9.2.jar:/usr/local/swissbib/current.kafka.2.7.0/broker2/bin/../libs/scala-reflect-2.13.3.jar:/usr/local/swissbib/current.kafka.2.7.0/broker2/bin/../libs/slf4j-api-1.7.30.jar:/usr/local/swissbib/current.kafka.2.7.0/broker2/bin/../libs/slf4j-log4j12-1.7.30.jar:/usr/local/swissbib/current.kafka.2.7.0/broker2/bin/../libs/snappy-java-1.1.7.7.jar:/usr/local/swissbib/current.kafka.2.7.0/broker2/bin/../libs/zookeeper-3.5.8.jar:/usr/local/swissbib/current.kafka.2.7.0/broker2/bin/../libs/zookeeper-jute-3.5.8.jar:/usr/local/swissbib/current.kafka.2.7.0/broker2/bin/../libs/zstd-jni-1.4.5-6.jar (org.apache.zookeeper.ZooKeeper)
[2021-01-10 14:19:28,509] INFO Client environment:java.library.path=/usr/java/packages/lib:/usr/lib64:/lib64:/lib:/usr/lib (org.apache.zookeeper.ZooKeeper)
[2021-01-10 14:19:28,509] INFO Client environment:java.io.tmpdir=/tmp (org.apache.zookeeper.ZooKeeper)
[2021-01-10 14:19:28,509] INFO Client environment:java.compiler=<NA> (org.apache.zookeeper.ZooKeeper)
[2021-01-10 14:19:28,509] INFO Client environment:os.name=Linux (org.apache.zookeeper.ZooKeeper)
[2021-01-10 14:19:28,509] INFO Client environment:os.arch=amd64 (org.apache.zookeeper.ZooKeeper)
[2021-01-10 14:19:28,509] INFO Client environment:os.version=4.15.0-129-generic (org.apache.zookeeper.ZooKeeper)
[2021-01-10 14:19:28,509] INFO Client environment:user.name=swissbib (org.apache.zookeeper.ZooKeeper)
[2021-01-10 14:19:28,509] INFO Client environment:user.home=/home/swissbib (org.apache.zookeeper.ZooKeeper)
[2021-01-10 14:19:28,509] INFO Client environment:user.dir=/usr/local/swissbib/current.kafka.2.7.0/broker2 (org.apache.zookeeper.ZooKeeper)
[2021-01-10 14:19:28,509] INFO Client environment:os.memory.free=1013MB (org.apache.zookeeper.ZooKeeper)
[2021-01-10 14:19:28,509] INFO Client environment:os.memory.max=1024MB (org.apache.zookeeper.ZooKeeper)
[2021-01-10 14:19:28,509] INFO Client environment:os.memory.total=1024MB (org.apache.zookeeper.ZooKeeper)
[2021-01-10 14:19:28,512] INFO Initiating client connection, connectString=localhost:14181 sessionTimeout=18000 watcher=kafka.zookeeper.ZooKeeperClient$ZooKeeperClientWatcher$@79c7532f (org.apache.zookeeper.ZooKeeper)
[2021-01-10 14:19:28,517] INFO jute.maxbuffer value is 4194304 Bytes (org.apache.zookeeper.ClientCnxnSocket)
[2021-01-10 14:19:28,522] INFO zookeeper.request.timeout value is 0. feature enabled= (org.apache.zookeeper.ClientCnxn)
[2021-01-10 14:19:28,525] INFO [ZooKeeperClient Kafka server] Waiting until connected. (kafka.zookeeper.ZooKeeperClient)
[2021-01-10 14:19:28,528] INFO Opening socket connection to server localhost/127.0.0.1:14181. Will not attempt to authenticate using SASL (unknown error) (org.apache.zookeeper.ClientCnxn)
[2021-01-10 14:19:28,533] INFO Socket connection established, initiating session, client: /127.0.0.1:48970, server: localhost/127.0.0.1:14181 (org.apache.zookeeper.ClientCnxn)
[2021-01-10 14:19:28,541] INFO Session establishment complete on server localhost/127.0.0.1:14181, sessionid = 0x10000bbae970001, negotiated timeout = 18000 (org.apache.zookeeper.ClientCnxn)
[2021-01-10 14:19:28,543] INFO [ZooKeeperClient Kafka server] Connected. (kafka.zookeeper.ZooKeeperClient)
[2021-01-10 14:19:28,644] INFO [feature-zk-node-event-process-thread]: Starting (kafka.server.FinalizedFeatureChangeListener$ChangeNotificationProcessorThread)
[2021-01-10 14:19:28,826] INFO Updated cache from existing <empty> to latest FinalizedFeaturesAndEpoch(features=Features{}, epoch=0). (kafka.server.FinalizedFeatureCache)
[2021-01-10 14:19:28,829] INFO Cluster ID = d2jGiucjQEKK79xKXPf7uA (kafka.server.KafkaServer)
[2021-01-10 14:19:28,891] INFO KafkaConfig values: 
	advertised.host.name = null
	advertised.listeners = null
	advertised.port = null
	alter.config.policy.class.name = null
	alter.log.dirs.replication.quota.window.num = 11
	alter.log.dirs.replication.quota.window.size.seconds = 1
	authorizer.class.name = 
	auto.create.topics.enable = true
	auto.leader.rebalance.enable = true
	background.threads = 10
	broker.id = 2
	broker.id.generation.enable = true
	broker.rack = null
	client.quota.callback.class = null
	compression.type = producer
	connection.failed.authentication.delay.ms = 100
	connections.max.idle.ms = 600000
	connections.max.reauth.ms = 0
	control.plane.listener.name = null
	controlled.shutdown.enable = true
	controlled.shutdown.max.retries = 3
	controlled.shutdown.retry.backoff.ms = 5000
	controller.quota.window.num = 11
	controller.quota.window.size.seconds = 1
	controller.socket.timeout.ms = 30000
	create.topic.policy.class.name = null
	default.replication.factor = 1
	delegation.token.expiry.check.interval.ms = 3600000
	delegation.token.expiry.time.ms = 86400000
	delegation.token.master.key = null
	delegation.token.max.lifetime.ms = 604800000
	delete.records.purgatory.purge.interval.requests = 1
	delete.topic.enable = true
	fetch.max.bytes = 57671680
	fetch.purgatory.purge.interval.requests = 1000
	group.initial.rebalance.delay.ms = 0
	group.max.session.timeout.ms = 1800000
	group.max.size = 2147483647
	group.min.session.timeout.ms = 6000
	host.name = 
	inter.broker.listener.name = null
	inter.broker.protocol.version = 2.7-IV2
	kafka.metrics.polling.interval.secs = 10
	kafka.metrics.reporters = []
	leader.imbalance.check.interval.seconds = 300
	leader.imbalance.per.broker.percentage = 10
	listener.security.protocol.map = PLAINTEXT:PLAINTEXT,SSL:SSL,SASL_PLAINTEXT:SASL_PLAINTEXT,SASL_SSL:SASL_SSL
	listeners = PLAINTEXT://:9093
	log.cleaner.backoff.ms = 15000
	log.cleaner.dedupe.buffer.size = 134217728
	log.cleaner.delete.retention.ms = 86400000
	log.cleaner.enable = true
	log.cleaner.io.buffer.load.factor = 0.9
	log.cleaner.io.buffer.size = 524288
	log.cleaner.io.max.bytes.per.second = 1.7976931348623157E308
	log.cleaner.max.compaction.lag.ms = 9223372036854775807
	log.cleaner.min.cleanable.ratio = 0.5
	log.cleaner.min.compaction.lag.ms = 0
	log.cleaner.threads = 1
	log.cleanup.policy = [delete]
	log.dir = /tmp/kafka-logs
	log.dirs = ../kafkalog/broker2
	log.flush.interval.messages = 9223372036854775807
	log.flush.interval.ms = null
	log.flush.offset.checkpoint.interval.ms = 60000
	log.flush.scheduler.interval.ms = 9223372036854775807
	log.flush.start.offset.checkpoint.interval.ms = 60000
	log.index.interval.bytes = 4096
	log.index.size.max.bytes = 10485760
	log.message.downconversion.enable = true
	log.message.format.version = 2.7-IV2
	log.message.timestamp.difference.max.ms = 9223372036854775807
	log.message.timestamp.type = CreateTime
	log.preallocate = false
	log.retention.bytes = -1
	log.retention.check.interval.ms = 300000
	log.retention.hours = 168
	log.retention.minutes = null
	log.retention.ms = null
	log.roll.hours = 168
	log.roll.jitter.hours = 0
	log.roll.jitter.ms = null
	log.roll.ms = null
	log.segment.bytes = 1073741824
	log.segment.delete.delay.ms = 60000
	max.connection.creation.rate = 2147483647
	max.connections = 2147483647
	max.connections.per.ip = 2147483647
	max.connections.per.ip.overrides = 
	max.incremental.fetch.session.cache.slots = 1000
	message.max.bytes = 1048588
	metric.reporters = []
	metrics.num.samples = 2
	metrics.recording.level = INFO
	metrics.sample.window.ms = 30000
	min.insync.replicas = 1
	num.io.threads = 8
	num.network.threads = 3
	num.partitions = 1
	num.recovery.threads.per.data.dir = 1
	num.replica.alter.log.dirs.threads = null
	num.replica.fetchers = 1
	offset.metadata.max.bytes = 4096
	offsets.commit.required.acks = -1
	offsets.commit.timeout.ms = 5000
	offsets.load.buffer.size = 5242880
	offsets.retention.check.interval.ms = 600000
	offsets.retention.minutes = 10080
	offsets.topic.compression.codec = 0
	offsets.topic.num.partitions = 50
	offsets.topic.replication.factor = 1
	offsets.topic.segment.bytes = 104857600
	password.encoder.cipher.algorithm = AES/CBC/PKCS5Padding
	password.encoder.iterations = 4096
	password.encoder.key.length = 128
	password.encoder.keyfactory.algorithm = null
	password.encoder.old.secret = null
	password.encoder.secret = null
	port = 9092
	principal.builder.class = null
	producer.purgatory.purge.interval.requests = 1000
	queued.max.request.bytes = -1
	queued.max.requests = 500
	quota.consumer.default = 9223372036854775807
	quota.producer.default = 9223372036854775807
	quota.window.num = 11
	quota.window.size.seconds = 1
	replica.fetch.backoff.ms = 1000
	replica.fetch.max.bytes = 1048576
	replica.fetch.min.bytes = 1
	replica.fetch.response.max.bytes = 10485760
	replica.fetch.wait.max.ms = 500
	replica.high.watermark.checkpoint.interval.ms = 5000
	replica.lag.time.max.ms = 30000
	replica.selector.class = null
	replica.socket.receive.buffer.bytes = 65536
	replica.socket.timeout.ms = 30000
	replication.quota.window.num = 11
	replication.quota.window.size.seconds = 1
	request.timeout.ms = 30000
	reserved.broker.max.id = 1000
	sasl.client.callback.handler.class = null
	sasl.enabled.mechanisms = [GSSAPI]
	sasl.jaas.config = null
	sasl.kerberos.kinit.cmd = /usr/bin/kinit
	sasl.kerberos.min.time.before.relogin = 60000
	sasl.kerberos.principal.to.local.rules = [DEFAULT]
	sasl.kerberos.service.name = null
	sasl.kerberos.ticket.renew.jitter = 0.05
	sasl.kerberos.ticket.renew.window.factor = 0.8
	sasl.login.callback.handler.class = null
	sasl.login.class = null
	sasl.login.refresh.buffer.seconds = 300
	sasl.login.refresh.min.period.seconds = 60
	sasl.login.refresh.window.factor = 0.8
	sasl.login.refresh.window.jitter = 0.05
	sasl.mechanism.inter.broker.protocol = GSSAPI
	sasl.server.callback.handler.class = null
	security.inter.broker.protocol = PLAINTEXT
	security.providers = null
	socket.connection.setup.timeout.max.ms = 127000
	socket.connection.setup.timeout.ms = 10000
	socket.receive.buffer.bytes = 102400
	socket.request.max.bytes = 104857600
	socket.send.buffer.bytes = 102400
	ssl.cipher.suites = []
	ssl.client.auth = none
	ssl.enabled.protocols = [TLSv1.2, TLSv1.3]
	ssl.endpoint.identification.algorithm = https
	ssl.engine.factory.class = null
	ssl.key.password = null
	ssl.keymanager.algorithm = SunX509
	ssl.keystore.certificate.chain = null
	ssl.keystore.key = null
	ssl.keystore.location = null
	ssl.keystore.password = null
	ssl.keystore.type = JKS
	ssl.principal.mapping.rules = DEFAULT
	ssl.protocol = TLSv1.3
	ssl.provider = null
	ssl.secure.random.implementation = null
	ssl.trustmanager.algorithm = PKIX
	ssl.truststore.certificates = null
	ssl.truststore.location = null
	ssl.truststore.password = null
	ssl.truststore.type = JKS
	transaction.abort.timed.out.transaction.cleanup.interval.ms = 10000
	transaction.max.timeout.ms = 900000
	transaction.remove.expired.transaction.cleanup.interval.ms = 3600000
	transaction.state.log.load.buffer.size = 5242880
	transaction.state.log.min.isr = 1
	transaction.state.log.num.partitions = 50
	transaction.state.log.replication.factor = 1
	transaction.state.log.segment.bytes = 104857600
	transactional.id.expiration.ms = 604800000
	unclean.leader.election.enable = false
	zookeeper.clientCnxnSocket = null
	zookeeper.connect = localhost:14181
	zookeeper.connection.timeout.ms = 18000
	zookeeper.max.in.flight.requests = 10
	zookeeper.session.timeout.ms = 18000
	zookeeper.set.acl = false
	zookeeper.ssl.cipher.suites = null
	zookeeper.ssl.client.enable = false
	zookeeper.ssl.crl.enable = false
	zookeeper.ssl.enabled.protocols = null
	zookeeper.ssl.endpoint.identification.algorithm = HTTPS
	zookeeper.ssl.keystore.location = null
	zookeeper.ssl.keystore.password = null
	zookeeper.ssl.keystore.type = null
	zookeeper.ssl.ocsp.enable = false
	zookeeper.ssl.protocol = TLSv1.2
	zookeeper.ssl.truststore.location = null
	zookeeper.ssl.truststore.password = null
	zookeeper.ssl.truststore.type = null
	zookeeper.sync.time.ms = 2000
 (kafka.server.KafkaConfig)
[2021-01-10 14:19:28,903] INFO KafkaConfig values: 
	advertised.host.name = null
	advertised.listeners = null
	advertised.port = null
	alter.config.policy.class.name = null
	alter.log.dirs.replication.quota.window.num = 11
	alter.log.dirs.replication.quota.window.size.seconds = 1
	authorizer.class.name = 
	auto.create.topics.enable = true
	auto.leader.rebalance.enable = true
	background.threads = 10
	broker.id = 2
	broker.id.generation.enable = true
	broker.rack = null
	client.quota.callback.class = null
	compression.type = producer
	connection.failed.authentication.delay.ms = 100
	connections.max.idle.ms = 600000
	connections.max.reauth.ms = 0
	control.plane.listener.name = null
	controlled.shutdown.enable = true
	controlled.shutdown.max.retries = 3
	controlled.shutdown.retry.backoff.ms = 5000
	controller.quota.window.num = 11
	controller.quota.window.size.seconds = 1
	controller.socket.timeout.ms = 30000
	create.topic.policy.class.name = null
	default.replication.factor = 1
	delegation.token.expiry.check.interval.ms = 3600000
	delegation.token.expiry.time.ms = 86400000
	delegation.token.master.key = null
	delegation.token.max.lifetime.ms = 604800000
	delete.records.purgatory.purge.interval.requests = 1
	delete.topic.enable = true
	fetch.max.bytes = 57671680
	fetch.purgatory.purge.interval.requests = 1000
	group.initial.rebalance.delay.ms = 0
	group.max.session.timeout.ms = 1800000
	group.max.size = 2147483647
	group.min.session.timeout.ms = 6000
	host.name = 
	inter.broker.listener.name = null
	inter.broker.protocol.version = 2.7-IV2
	kafka.metrics.polling.interval.secs = 10
	kafka.metrics.reporters = []
	leader.imbalance.check.interval.seconds = 300
	leader.imbalance.per.broker.percentage = 10
	listener.security.protocol.map = PLAINTEXT:PLAINTEXT,SSL:SSL,SASL_PLAINTEXT:SASL_PLAINTEXT,SASL_SSL:SASL_SSL
	listeners = PLAINTEXT://:9093
	log.cleaner.backoff.ms = 15000
	log.cleaner.dedupe.buffer.size = 134217728
	log.cleaner.delete.retention.ms = 86400000
	log.cleaner.enable = true
	log.cleaner.io.buffer.load.factor = 0.9
	log.cleaner.io.buffer.size = 524288
	log.cleaner.io.max.bytes.per.second = 1.7976931348623157E308
	log.cleaner.max.compaction.lag.ms = 9223372036854775807
	log.cleaner.min.cleanable.ratio = 0.5
	log.cleaner.min.compaction.lag.ms = 0
	log.cleaner.threads = 1
	log.cleanup.policy = [delete]
	log.dir = /tmp/kafka-logs
	log.dirs = ../kafkalog/broker2
	log.flush.interval.messages = 9223372036854775807
	log.flush.interval.ms = null
	log.flush.offset.checkpoint.interval.ms = 60000
	log.flush.scheduler.interval.ms = 9223372036854775807
	log.flush.start.offset.checkpoint.interval.ms = 60000
	log.index.interval.bytes = 4096
	log.index.size.max.bytes = 10485760
	log.message.downconversion.enable = true
	log.message.format.version = 2.7-IV2
	log.message.timestamp.difference.max.ms = 9223372036854775807
	log.message.timestamp.type = CreateTime
	log.preallocate = false
	log.retention.bytes = -1
	log.retention.check.interval.ms = 300000
	log.retention.hours = 168
	log.retention.minutes = null
	log.retention.ms = null
	log.roll.hours = 168
	log.roll.jitter.hours = 0
	log.roll.jitter.ms = null
	log.roll.ms = null
	log.segment.bytes = 1073741824
	log.segment.delete.delay.ms = 60000
	max.connection.creation.rate = 2147483647
	max.connections = 2147483647
	max.connections.per.ip = 2147483647
	max.connections.per.ip.overrides = 
	max.incremental.fetch.session.cache.slots = 1000
	message.max.bytes = 1048588
	metric.reporters = []
	metrics.num.samples = 2
	metrics.recording.level = INFO
	metrics.sample.window.ms = 30000
	min.insync.replicas = 1
	num.io.threads = 8
	num.network.threads = 3
	num.partitions = 1
	num.recovery.threads.per.data.dir = 1
	num.replica.alter.log.dirs.threads = null
	num.replica.fetchers = 1
	offset.metadata.max.bytes = 4096
	offsets.commit.required.acks = -1
	offsets.commit.timeout.ms = 5000
	offsets.load.buffer.size = 5242880
	offsets.retention.check.interval.ms = 600000
	offsets.retention.minutes = 10080
	offsets.topic.compression.codec = 0
	offsets.topic.num.partitions = 50
	offsets.topic.replication.factor = 1
	offsets.topic.segment.bytes = 104857600
	password.encoder.cipher.algorithm = AES/CBC/PKCS5Padding
	password.encoder.iterations = 4096
	password.encoder.key.length = 128
	password.encoder.keyfactory.algorithm = null
	password.encoder.old.secret = null
	password.encoder.secret = null
	port = 9092
	principal.builder.class = null
	producer.purgatory.purge.interval.requests = 1000
	queued.max.request.bytes = -1
	queued.max.requests = 500
	quota.consumer.default = 9223372036854775807
	quota.producer.default = 9223372036854775807
	quota.window.num = 11
	quota.window.size.seconds = 1
	replica.fetch.backoff.ms = 1000
	replica.fetch.max.bytes = 1048576
	replica.fetch.min.bytes = 1
	replica.fetch.response.max.bytes = 10485760
	replica.fetch.wait.max.ms = 500
	replica.high.watermark.checkpoint.interval.ms = 5000
	replica.lag.time.max.ms = 30000
	replica.selector.class = null
	replica.socket.receive.buffer.bytes = 65536
	replica.socket.timeout.ms = 30000
	replication.quota.window.num = 11
	replication.quota.window.size.seconds = 1
	request.timeout.ms = 30000
	reserved.broker.max.id = 1000
	sasl.client.callback.handler.class = null
	sasl.enabled.mechanisms = [GSSAPI]
	sasl.jaas.config = null
	sasl.kerberos.kinit.cmd = /usr/bin/kinit
	sasl.kerberos.min.time.before.relogin = 60000
	sasl.kerberos.principal.to.local.rules = [DEFAULT]
	sasl.kerberos.service.name = null
	sasl.kerberos.ticket.renew.jitter = 0.05
	sasl.kerberos.ticket.renew.window.factor = 0.8
	sasl.login.callback.handler.class = null
	sasl.login.class = null
	sasl.login.refresh.buffer.seconds = 300
	sasl.login.refresh.min.period.seconds = 60
	sasl.login.refresh.window.factor = 0.8
	sasl.login.refresh.window.jitter = 0.05
	sasl.mechanism.inter.broker.protocol = GSSAPI
	sasl.server.callback.handler.class = null
	security.inter.broker.protocol = PLAINTEXT
	security.providers = null
	socket.connection.setup.timeout.max.ms = 127000
	socket.connection.setup.timeout.ms = 10000
	socket.receive.buffer.bytes = 102400
	socket.request.max.bytes = 104857600
	socket.send.buffer.bytes = 102400
	ssl.cipher.suites = []
	ssl.client.auth = none
	ssl.enabled.protocols = [TLSv1.2, TLSv1.3]
	ssl.endpoint.identification.algorithm = https
	ssl.engine.factory.class = null
	ssl.key.password = null
	ssl.keymanager.algorithm = SunX509
	ssl.keystore.certificate.chain = null
	ssl.keystore.key = null
	ssl.keystore.location = null
	ssl.keystore.password = null
	ssl.keystore.type = JKS
	ssl.principal.mapping.rules = DEFAULT
	ssl.protocol = TLSv1.3
	ssl.provider = null
	ssl.secure.random.implementation = null
	ssl.trustmanager.algorithm = PKIX
	ssl.truststore.certificates = null
	ssl.truststore.location = null
	ssl.truststore.password = null
	ssl.truststore.type = JKS
	transaction.abort.timed.out.transaction.cleanup.interval.ms = 10000
	transaction.max.timeout.ms = 900000
	transaction.remove.expired.transaction.cleanup.interval.ms = 3600000
	transaction.state.log.load.buffer.size = 5242880
	transaction.state.log.min.isr = 1
	transaction.state.log.num.partitions = 50
	transaction.state.log.replication.factor = 1
	transaction.state.log.segment.bytes = 104857600
	transactional.id.expiration.ms = 604800000
	unclean.leader.election.enable = false
	zookeeper.clientCnxnSocket = null
	zookeeper.connect = localhost:14181
	zookeeper.connection.timeout.ms = 18000
	zookeeper.max.in.flight.requests = 10
	zookeeper.session.timeout.ms = 18000
	zookeeper.set.acl = false
	zookeeper.ssl.cipher.suites = null
	zookeeper.ssl.client.enable = false
	zookeeper.ssl.crl.enable = false
	zookeeper.ssl.enabled.protocols = null
	zookeeper.ssl.endpoint.identification.algorithm = HTTPS
	zookeeper.ssl.keystore.location = null
	zookeeper.ssl.keystore.password = null
	zookeeper.ssl.keystore.type = null
	zookeeper.ssl.ocsp.enable = false
	zookeeper.ssl.protocol = TLSv1.2
	zookeeper.ssl.truststore.location = null
	zookeeper.ssl.truststore.password = null
	zookeeper.ssl.truststore.type = null
	zookeeper.sync.time.ms = 2000
 (kafka.server.KafkaConfig)
[2021-01-10 14:19:28,948] INFO [ThrottledChannelReaper-Fetch]: Starting (kafka.server.ClientQuotaManager$ThrottledChannelReaper)
[2021-01-10 14:19:28,949] INFO [ThrottledChannelReaper-Produce]: Starting (kafka.server.ClientQuotaManager$ThrottledChannelReaper)
[2021-01-10 14:19:28,951] INFO [ThrottledChannelReaper-Request]: Starting (kafka.server.ClientQuotaManager$ThrottledChannelReaper)
[2021-01-10 14:19:28,953] INFO [ThrottledChannelReaper-ControllerMutation]: Starting (kafka.server.ClientQuotaManager$ThrottledChannelReaper)
[2021-01-10 14:19:28,985] INFO Loading logs from log dirs ArraySeq(/usr/local/swissbib/current.kafka.2.7.0/broker2/../kafkalog/broker2) (kafka.log.LogManager)
[2021-01-10 14:19:28,988] INFO Skipping recovery for all logs in /usr/local/swissbib/current.kafka.2.7.0/broker2/../kafkalog/broker2 since clean shutdown file was found (kafka.log.LogManager)
[2021-01-10 14:19:29,042] INFO [Log partition=test2-1, dir=/usr/local/swissbib/current.kafka.2.7.0/broker2/../kafkalog/broker2] Loading producer state till offset 0 with message format version 2 (kafka.log.Log)
[2021-01-10 14:19:29,060] INFO Completed load of Log(dir=/usr/local/swissbib/current.kafka.2.7.0/broker2/../kafkalog/broker2/test2-1.92739b6c542149e4912a3ccfc5341de3-delete, topic=test2, partition=1, highWatermark=0, lastStableOffset=0, logStartOffset=0, logEndOffset=0) with 1 segments in 68ms (1/3 loaded in /usr/local/swissbib/current.kafka.2.7.0/broker2/../kafkalog/broker2) (kafka.log.LogManager)
[2021-01-10 14:19:29,063] INFO [Log partition=test2-0, dir=/usr/local/swissbib/current.kafka.2.7.0/broker2/../kafkalog/broker2] Loading producer state till offset 0 with message format version 2 (kafka.log.Log)
[2021-01-10 14:19:29,069] INFO Completed load of Log(dir=/usr/local/swissbib/current.kafka.2.7.0/broker2/../kafkalog/broker2/test2-0.f2bc62f747384bae899f4ec9f31e6d1d-delete, topic=test2, partition=0, highWatermark=0, lastStableOffset=0, logStartOffset=0, logEndOffset=0) with 1 segments in 8ms (2/3 loaded in /usr/local/swissbib/current.kafka.2.7.0/broker2/../kafkalog/broker2) (kafka.log.LogManager)
[2021-01-10 14:19:29,071] INFO [Log partition=test2-2, dir=/usr/local/swissbib/current.kafka.2.7.0/broker2/../kafkalog/broker2] Loading producer state till offset 0 with message format version 2 (kafka.log.Log)
[2021-01-10 14:19:29,075] INFO Completed load of Log(dir=/usr/local/swissbib/current.kafka.2.7.0/broker2/../kafkalog/broker2/test2-2.4e93d63e29fa4c12959bc39dabb6d613-delete, topic=test2, partition=2, highWatermark=0, lastStableOffset=0, logStartOffset=0, logEndOffset=0) with 1 segments in 6ms (3/3 loaded in /usr/local/swissbib/current.kafka.2.7.0/broker2/../kafkalog/broker2) (kafka.log.LogManager)
[2021-01-10 14:19:29,079] INFO Loaded 3 logs in 93ms. (kafka.log.LogManager)
[2021-01-10 14:19:29,095] INFO Starting log cleanup with a period of 300000 ms. (kafka.log.LogManager)
[2021-01-10 14:19:29,096] INFO Starting log flusher with a default period of 9223372036854775807 ms. (kafka.log.LogManager)
[2021-01-10 14:19:29,726] INFO Created ConnectionAcceptRate sensor, quotaLimit=2147483647 (kafka.network.ConnectionQuotas)
[2021-01-10 14:19:29,728] INFO Created ConnectionAcceptRate-PLAINTEXT sensor, quotaLimit=2147483647 (kafka.network.ConnectionQuotas)
[2021-01-10 14:19:29,731] INFO Updated PLAINTEXT max connection creation rate to 2147483647 (kafka.network.ConnectionQuotas)
[2021-01-10 14:19:29,735] INFO Awaiting socket connections on 0.0.0.0:9093. (kafka.network.Acceptor)
[2021-01-10 14:19:29,780] INFO [SocketServer brokerId=2] Created data-plane acceptor and processors for endpoint : ListenerName(PLAINTEXT) (kafka.network.SocketServer)
[2021-01-10 14:19:29,836] INFO [ExpirationReaper-2-Produce]: Starting (kafka.server.DelayedOperationPurgatory$ExpiredOperationReaper)
[2021-01-10 14:19:29,840] INFO [ExpirationReaper-2-Fetch]: Starting (kafka.server.DelayedOperationPurgatory$ExpiredOperationReaper)
[2021-01-10 14:19:29,845] INFO [ExpirationReaper-2-DeleteRecords]: Starting (kafka.server.DelayedOperationPurgatory$ExpiredOperationReaper)
[2021-01-10 14:19:29,850] INFO [ExpirationReaper-2-ElectLeader]: Starting (kafka.server.DelayedOperationPurgatory$ExpiredOperationReaper)
[2021-01-10 14:19:29,918] INFO [LogDirFailureHandler]: Starting (kafka.server.ReplicaManager$LogDirFailureHandler)
[2021-01-10 14:19:29,932] INFO [broker-2-to-controller-send-thread]: Starting (kafka.server.BrokerToControllerRequestThread)
[2021-01-10 14:19:30,041] INFO Creating /brokers/ids/2 (is it secure? false) (kafka.zk.KafkaZkClient)
[2021-01-10 14:19:30,063] INFO Stat of the created znode at /brokers/ids/2 is: 449,449,1610284770055,1610284770055,1,0,0,72058400125943809,196,0,449
 (kafka.zk.KafkaZkClient)
[2021-01-10 14:19:30,064] INFO Registered broker 2 at path /brokers/ids/2 with addresses: PLAINTEXT://ubuntu:9093, czxid (broker epoch): 449 (kafka.zk.KafkaZkClient)
[2021-01-10 14:19:30,159] INFO [ExpirationReaper-2-topic]: Starting (kafka.server.DelayedOperationPurgatory$ExpiredOperationReaper)
[2021-01-10 14:19:30,168] INFO [ExpirationReaper-2-Heartbeat]: Starting (kafka.server.DelayedOperationPurgatory$ExpiredOperationReaper)
[2021-01-10 14:19:30,169] INFO [ExpirationReaper-2-Rebalance]: Starting (kafka.server.DelayedOperationPurgatory$ExpiredOperationReaper)
[2021-01-10 14:19:30,194] INFO [GroupCoordinator 2]: Starting up. (kafka.coordinator.group.GroupCoordinator)
[2021-01-10 14:19:30,195] INFO [GroupCoordinator 2]: Startup complete. (kafka.coordinator.group.GroupCoordinator)
[2021-01-10 14:19:30,214] INFO [ProducerId Manager 2]: Acquired new producerId block (brokerId:2,blockStartProducerId:13000,blockEndProducerId:13999) by writing to Zk with path version 14 (kafka.coordinator.transaction.ProducerIdManager)
[2021-01-10 14:19:30,235] INFO [TransactionCoordinator id=2] Starting up. (kafka.coordinator.transaction.TransactionCoordinator)
[2021-01-10 14:19:30,242] INFO [TransactionCoordinator id=2] Startup complete. (kafka.coordinator.transaction.TransactionCoordinator)
[2021-01-10 14:19:30,265] INFO [Transaction Marker Channel Manager 2]: Starting (kafka.coordinator.transaction.TransactionMarkerChannelManager)
[2021-01-10 14:19:30,301] INFO [ExpirationReaper-2-AlterAcls]: Starting (kafka.server.DelayedOperationPurgatory$ExpiredOperationReaper)
[2021-01-10 14:19:30,369] INFO [/config/changes-event-process-thread]: Starting (kafka.common.ZkNodeChangeNotificationListener$ChangeEventProcessThread)
[2021-01-10 14:19:30,388] INFO [SocketServer brokerId=2] Starting socket server acceptors and processors (kafka.network.SocketServer)
[2021-01-10 14:19:30,399] INFO [SocketServer brokerId=2] Started data-plane acceptor and processor(s) for endpoint : ListenerName(PLAINTEXT) (kafka.network.SocketServer)
[2021-01-10 14:19:30,399] INFO [SocketServer brokerId=2] Started socket server acceptors and processors (kafka.network.SocketServer)
[2021-01-10 14:19:30,408] INFO Kafka version: 2.7.0 (org.apache.kafka.common.utils.AppInfoParser)
[2021-01-10 14:19:30,408] INFO Kafka commitId: 448719dc99a19793 (org.apache.kafka.common.utils.AppInfoParser)
[2021-01-10 14:19:30,408] INFO Kafka startTimeMs: 1610284770400 (org.apache.kafka.common.utils.AppInfoParser)
[2021-01-10 14:19:30,411] INFO [KafkaServer id=2] started (kafka.server.KafkaServer)
[2021-01-10 14:19:30,495] INFO [Log partition=test2-1, dir=/usr/local/swissbib/current.kafka.2.7.0/broker2/../kafkalog/broker2] Loading producer state till offset 0 with message format version 2 (kafka.log.Log)
[2021-01-10 14:19:30,501] INFO Created log for partition test2-1 in /usr/local/swissbib/current.kafka.2.7.0/broker2/../kafkalog/broker2/test2-1 with properties {compression.type -> producer, min.insync.replicas -> 1, message.downconversion.enable -> true, segment.jitter.ms -> 0, cleanup.policy -> [delete], flush.ms -> 9223372036854775807, retention.ms -> 604800000, segment.bytes -> 1073741824, flush.messages -> 9223372036854775807, message.format.version -> 2.7-IV2, max.compaction.lag.ms -> 9223372036854775807, file.delete.delay.ms -> 60000, max.message.bytes -> 1048588, min.compaction.lag.ms -> 0, message.timestamp.type -> CreateTime, preallocate -> false, index.interval.bytes -> 4096, min.cleanable.dirty.ratio -> 0.5, unclean.leader.election.enable -> false, retention.bytes -> -1, delete.retention.ms -> 86400000, segment.ms -> 604800000, message.timestamp.difference.max.ms -> 9223372036854775807, segment.index.bytes -> 10485760}. (kafka.log.LogManager)
[2021-01-10 14:19:30,503] INFO [Partition test2-1 broker=2] Log loaded for partition test2-1 with initial high watermark 0 (kafka.cluster.Partition)
[2021-01-10 14:19:30,507] INFO [Log partition=test2-2, dir=/usr/local/swissbib/current.kafka.2.7.0/broker2/../kafkalog/broker2] Loading producer state till offset 0 with message format version 2 (kafka.log.Log)
[2021-01-10 14:19:30,508] INFO Created log for partition test2-2 in /usr/local/swissbib/current.kafka.2.7.0/broker2/../kafkalog/broker2/test2-2 with properties {compression.type -> producer, min.insync.replicas -> 1, message.downconversion.enable -> true, segment.jitter.ms -> 0, cleanup.policy -> [delete], flush.ms -> 9223372036854775807, retention.ms -> 604800000, segment.bytes -> 1073741824, flush.messages -> 9223372036854775807, message.format.version -> 2.7-IV2, max.compaction.lag.ms -> 9223372036854775807, file.delete.delay.ms -> 60000, max.message.bytes -> 1048588, min.compaction.lag.ms -> 0, message.timestamp.type -> CreateTime, preallocate -> false, index.interval.bytes -> 4096, min.cleanable.dirty.ratio -> 0.5, unclean.leader.election.enable -> false, retention.bytes -> -1, delete.retention.ms -> 86400000, segment.ms -> 604800000, message.timestamp.difference.max.ms -> 9223372036854775807, segment.index.bytes -> 10485760}. (kafka.log.LogManager)
[2021-01-10 14:19:30,508] INFO [Partition test2-2 broker=2] Log loaded for partition test2-2 with initial high watermark 0 (kafka.cluster.Partition)
[2021-01-10 14:19:30,512] INFO [Log partition=test2-0, dir=/usr/local/swissbib/current.kafka.2.7.0/broker2/../kafkalog/broker2] Loading producer state till offset 0 with message format version 2 (kafka.log.Log)
[2021-01-10 14:19:30,513] INFO Created log for partition test2-0 in /usr/local/swissbib/current.kafka.2.7.0/broker2/../kafkalog/broker2/test2-0 with properties {compression.type -> producer, min.insync.replicas -> 1, message.downconversion.enable -> true, segment.jitter.ms -> 0, cleanup.policy -> [delete], flush.ms -> 9223372036854775807, retention.ms -> 604800000, segment.bytes -> 1073741824, flush.messages -> 9223372036854775807, message.format.version -> 2.7-IV2, max.compaction.lag.ms -> 9223372036854775807, file.delete.delay.ms -> 60000, max.message.bytes -> 1048588, min.compaction.lag.ms -> 0, message.timestamp.type -> CreateTime, preallocate -> false, index.interval.bytes -> 4096, min.cleanable.dirty.ratio -> 0.5, unclean.leader.election.enable -> false, retention.bytes -> -1, delete.retention.ms -> 86400000, segment.ms -> 604800000, message.timestamp.difference.max.ms -> 9223372036854775807, segment.index.bytes -> 10485760}. (kafka.log.LogManager)
[2021-01-10 14:19:30,513] INFO [Partition test2-0 broker=2] Log loaded for partition test2-0 with initial high watermark 0 (kafka.cluster.Partition)
[2021-01-10 14:19:30,534] INFO [GroupCoordinator 2]: Removed 0 offsets associated with deleted partitions: test2-1, test2-0, test2-2. (kafka.coordinator.group.GroupCoordinator)
[2021-01-10 14:19:30,536] INFO [broker-2-to-controller-send-thread]: Recorded new controller, from now on will use broker 1 (kafka.server.BrokerToControllerRequestThread)
[2021-01-10 14:19:30,542] INFO [GroupCoordinator 2]: Removed 0 offsets associated with deleted partitions: test2-1, test2-0, test2-2. (kafka.coordinator.group.GroupCoordinator)
[2021-01-10 14:19:30,551] INFO [ReplicaFetcherManager on broker 2] Removed fetcher for partitions Set(test2-1, test2-0, test2-2) (kafka.server.ReplicaFetcherManager)
[2021-01-10 14:19:30,552] INFO [ReplicaAlterLogDirsManager on broker 2] Removed fetcher for partitions Set(test2-1, test2-0, test2-2) (kafka.server.ReplicaAlterLogDirsManager)
[2021-01-10 14:19:30,563] INFO [ReplicaFetcherManager on broker 2] Removed fetcher for partitions Set(test2-1, test2-0, test2-2) (kafka.server.ReplicaFetcherManager)
[2021-01-10 14:19:30,563] INFO [ReplicaAlterLogDirsManager on broker 2] Removed fetcher for partitions Set(test2-1, test2-0, test2-2) (kafka.server.ReplicaAlterLogDirsManager)
[2021-01-10 14:19:30,572] INFO Log for partition test2-1 is renamed to /usr/local/swissbib/current.kafka.2.7.0/broker2/../kafkalog/broker2/test2-1.8d1834414f734f72ae4b96cd8e696086-delete and is scheduled for deletion (kafka.log.LogManager)
[2021-01-10 14:19:30,573] INFO Log for partition test2-0 is renamed to /usr/local/swissbib/current.kafka.2.7.0/broker2/../kafkalog/broker2/test2-0.0f13f47ec72b4565b522f8452b597e90-delete and is scheduled for deletion (kafka.log.LogManager)
[2021-01-10 14:19:30,575] INFO Log for partition test2-2 is renamed to /usr/local/swissbib/current.kafka.2.7.0/broker2/../kafkalog/broker2/test2-2.8cbcc9be27a2426ca121c5fd65fa3eed-delete and is scheduled for deletion (kafka.log.LogManager)
[2021-01-10 14:19:30,599] INFO [GroupCoordinator 2]: Removed 0 offsets associated with deleted partitions: test2-1, test2-0, test2-2. (kafka.coordinator.group.GroupCoordinator)
[2021-01-10 14:19:30,605] INFO [GroupCoordinator 2]: Removed 0 offsets associated with deleted partitions: test2-1, test2-0, test2-2. (kafka.coordinator.group.GroupCoordinator)
[2021-01-10 14:19:39,275] INFO [ReplicaFetcherManager on broker 2] Removed fetcher for partitions Set(test2-2) (kafka.server.ReplicaFetcherManager)
[2021-01-10 14:19:39,289] INFO [Log partition=test2-2, dir=/usr/local/swissbib/current.kafka.2.7.0/broker2/../kafkalog/broker2] Loading producer state till offset 0 with message format version 2 (kafka.log.Log)
[2021-01-10 14:19:39,290] INFO Created log for partition test2-2 in /usr/local/swissbib/current.kafka.2.7.0/broker2/../kafkalog/broker2/test2-2 with properties {compression.type -> producer, min.insync.replicas -> 1, message.downconversion.enable -> true, segment.jitter.ms -> 0, cleanup.policy -> [delete], flush.ms -> 9223372036854775807, retention.ms -> 604800000, segment.bytes -> 1073741824, flush.messages -> 9223372036854775807, message.format.version -> 2.7-IV2, max.compaction.lag.ms -> 9223372036854775807, file.delete.delay.ms -> 60000, max.message.bytes -> 1048588, min.compaction.lag.ms -> 0, message.timestamp.type -> CreateTime, preallocate -> false, index.interval.bytes -> 4096, min.cleanable.dirty.ratio -> 0.5, unclean.leader.election.enable -> false, retention.bytes -> -1, delete.retention.ms -> 86400000, segment.ms -> 604800000, message.timestamp.difference.max.ms -> 9223372036854775807, segment.index.bytes -> 10485760}. (kafka.log.LogManager)
[2021-01-10 14:19:39,291] INFO [Partition test2-2 broker=2] Log loaded for partition test2-2 with initial high watermark 0 (kafka.cluster.Partition)
[2021-01-10 14:19:39,307] INFO [Log partition=test2-1, dir=/usr/local/swissbib/current.kafka.2.7.0/broker2/../kafkalog/broker2] Loading producer state till offset 0 with message format version 2 (kafka.log.Log)
[2021-01-10 14:19:39,307] INFO Created log for partition test2-1 in /usr/local/swissbib/current.kafka.2.7.0/broker2/../kafkalog/broker2/test2-1 with properties {compression.type -> producer, min.insync.replicas -> 1, message.downconversion.enable -> true, segment.jitter.ms -> 0, cleanup.policy -> [delete], flush.ms -> 9223372036854775807, retention.ms -> 604800000, segment.bytes -> 1073741824, flush.messages -> 9223372036854775807, message.format.version -> 2.7-IV2, max.compaction.lag.ms -> 9223372036854775807, file.delete.delay.ms -> 60000, max.message.bytes -> 1048588, min.compaction.lag.ms -> 0, message.timestamp.type -> CreateTime, preallocate -> false, index.interval.bytes -> 4096, min.cleanable.dirty.ratio -> 0.5, unclean.leader.election.enable -> false, retention.bytes -> -1, delete.retention.ms -> 86400000, segment.ms -> 604800000, message.timestamp.difference.max.ms -> 9223372036854775807, segment.index.bytes -> 10485760}. (kafka.log.LogManager)
[2021-01-10 14:19:39,308] INFO [Partition test2-1 broker=2] Log loaded for partition test2-1 with initial high watermark 0 (kafka.cluster.Partition)
[2021-01-10 14:19:39,311] INFO [Log partition=test2-0, dir=/usr/local/swissbib/current.kafka.2.7.0/broker2/../kafkalog/broker2] Loading producer state till offset 0 with message format version 2 (kafka.log.Log)
[2021-01-10 14:19:39,312] INFO Created log for partition test2-0 in /usr/local/swissbib/current.kafka.2.7.0/broker2/../kafkalog/broker2/test2-0 with properties {compression.type -> producer, min.insync.replicas -> 1, message.downconversion.enable -> true, segment.jitter.ms -> 0, cleanup.policy -> [delete], flush.ms -> 9223372036854775807, retention.ms -> 604800000, segment.bytes -> 1073741824, flush.messages -> 9223372036854775807, message.format.version -> 2.7-IV2, max.compaction.lag.ms -> 9223372036854775807, file.delete.delay.ms -> 60000, max.message.bytes -> 1048588, min.compaction.lag.ms -> 0, message.timestamp.type -> CreateTime, preallocate -> false, index.interval.bytes -> 4096, min.cleanable.dirty.ratio -> 0.5, unclean.leader.election.enable -> false, retention.bytes -> -1, delete.retention.ms -> 86400000, segment.ms -> 604800000, message.timestamp.difference.max.ms -> 9223372036854775807, segment.index.bytes -> 10485760}. (kafka.log.LogManager)
[2021-01-10 14:19:39,313] INFO [Partition test2-0 broker=2] Log loaded for partition test2-0 with initial high watermark 0 (kafka.cluster.Partition)
[2021-01-10 14:19:39,313] INFO [ReplicaFetcherManager on broker 2] Removed fetcher for partitions HashSet(test2-1, test2-0) (kafka.server.ReplicaFetcherManager)
[2021-01-10 14:19:39,334] INFO [ReplicaFetcherManager on broker 2] Added fetcher to broker 3 for partitions Map(test2-0 -> (offset=0, leaderEpoch=0)) (kafka.server.ReplicaFetcherManager)
[2021-01-10 14:19:39,345] INFO [ReplicaFetcher replicaId=2, leaderId=3, fetcherId=0] Starting (kafka.server.ReplicaFetcherThread)
[2021-01-10 14:19:39,345] INFO [ReplicaFetcherManager on broker 2] Added fetcher to broker 1 for partitions Map(test2-1 -> (offset=0, leaderEpoch=0)) (kafka.server.ReplicaFetcherManager)
[2021-01-10 14:19:39,345] INFO [ReplicaFetcher replicaId=2, leaderId=1, fetcherId=0] Starting (kafka.server.ReplicaFetcherThread)
[2021-01-10 14:19:39,347] INFO [ReplicaFetcher replicaId=2, leaderId=1, fetcherId=0] Truncating partition test2-1 to local high watermark 0 (kafka.server.ReplicaFetcherThread)
[2021-01-10 14:19:39,347] INFO [ReplicaFetcher replicaId=2, leaderId=3, fetcherId=0] Truncating partition test2-0 to local high watermark 0 (kafka.server.ReplicaFetcherThread)
[2021-01-10 14:19:39,349] INFO [Log partition=test2-1, dir=/usr/local/swissbib/current.kafka.2.7.0/broker2/../kafkalog/broker2] Truncating to 0 has no effect as the largest offset in the log is -1 (kafka.log.Log)
[2021-01-10 14:19:39,349] INFO [Log partition=test2-0, dir=/usr/local/swissbib/current.kafka.2.7.0/broker2/../kafkalog/broker2] Truncating to 0 has no effect as the largest offset in the log is -1 (kafka.log.Log)
[2021-01-10 14:19:42,314] INFO [GroupCoordinator 2]: Removed 0 offsets associated with deleted partitions: test2-1, test2-0, test2-2. (kafka.coordinator.group.GroupCoordinator)
[2021-01-10 14:19:42,349] INFO [ReplicaFetcherManager on broker 2] Removed fetcher for partitions Set(test2-1, test2-0, test2-2) (kafka.server.ReplicaFetcherManager)
[2021-01-10 14:19:42,349] INFO [ReplicaAlterLogDirsManager on broker 2] Removed fetcher for partitions Set(test2-1, test2-0, test2-2) (kafka.server.ReplicaAlterLogDirsManager)
[2021-01-10 14:19:42,351] INFO [ReplicaFetcher replicaId=2, leaderId=1, fetcherId=0] Shutting down (kafka.server.ReplicaFetcherThread)
[2021-01-10 14:19:42,353] INFO [ReplicaFetcher replicaId=2, leaderId=1, fetcherId=0] Error sending fetch request (sessionId=1629780908, epoch=5) to node 1: (org.apache.kafka.clients.FetchSessionHandler)
java.io.IOException: Client was shutdown before response was read
	at org.apache.kafka.clients.NetworkClientUtils.sendAndReceive(NetworkClientUtils.java:109)
	at kafka.server.ReplicaFetcherBlockingSend.sendRequest(ReplicaFetcherBlockingSend.scala:110)
	at kafka.server.ReplicaFetcherThread.fetchFromLeader(ReplicaFetcherThread.scala:211)
	at kafka.server.AbstractFetcherThread.processFetchRequest(AbstractFetcherThread.scala:301)
	at kafka.server.AbstractFetcherThread.$anonfun$maybeFetch$3(AbstractFetcherThread.scala:136)
	at kafka.server.AbstractFetcherThread.maybeFetch(AbstractFetcherThread.scala:135)
	at kafka.server.AbstractFetcherThread.doWork(AbstractFetcherThread.scala:118)
	at kafka.utils.ShutdownableThread.run(ShutdownableThread.scala:96)
[2021-01-10 14:19:42,355] INFO [ReplicaFetcher replicaId=2, leaderId=1, fetcherId=0] Shutdown completed (kafka.server.ReplicaFetcherThread)
[2021-01-10 14:19:42,355] INFO [ReplicaFetcher replicaId=2, leaderId=1, fetcherId=0] Stopped (kafka.server.ReplicaFetcherThread)
[2021-01-10 14:19:42,360] INFO [ReplicaFetcher replicaId=2, leaderId=3, fetcherId=0] Shutting down (kafka.server.ReplicaFetcherThread)
[2021-01-10 14:19:42,360] INFO [ReplicaFetcher replicaId=2, leaderId=3, fetcherId=0] Error sending fetch request (sessionId=928761916, epoch=5) to node 3: (org.apache.kafka.clients.FetchSessionHandler)
java.io.IOException: Client was shutdown before response was read
	at org.apache.kafka.clients.NetworkClientUtils.sendAndReceive(NetworkClientUtils.java:109)
	at kafka.server.ReplicaFetcherBlockingSend.sendRequest(ReplicaFetcherBlockingSend.scala:110)
	at kafka.server.ReplicaFetcherThread.fetchFromLeader(ReplicaFetcherThread.scala:211)
	at kafka.server.AbstractFetcherThread.processFetchRequest(AbstractFetcherThread.scala:301)
	at kafka.server.AbstractFetcherThread.$anonfun$maybeFetch$3(AbstractFetcherThread.scala:136)
	at kafka.server.AbstractFetcherThread.maybeFetch(AbstractFetcherThread.scala:135)
	at kafka.server.AbstractFetcherThread.doWork(AbstractFetcherThread.scala:118)
	at kafka.utils.ShutdownableThread.run(ShutdownableThread.scala:96)
[2021-01-10 14:19:42,361] INFO [ReplicaFetcher replicaId=2, leaderId=3, fetcherId=0] Stopped (kafka.server.ReplicaFetcherThread)
[2021-01-10 14:19:42,361] INFO [ReplicaFetcher replicaId=2, leaderId=3, fetcherId=0] Shutdown completed (kafka.server.ReplicaFetcherThread)
[2021-01-10 14:19:42,363] INFO [ReplicaFetcherManager on broker 2] Removed fetcher for partitions Set(test2-1, test2-0, test2-2) (kafka.server.ReplicaFetcherManager)
[2021-01-10 14:19:42,363] INFO [ReplicaAlterLogDirsManager on broker 2] Removed fetcher for partitions Set(test2-1, test2-0, test2-2) (kafka.server.ReplicaAlterLogDirsManager)
[2021-01-10 14:19:42,374] INFO Log for partition test2-1 is renamed to /usr/local/swissbib/current.kafka.2.7.0/broker2/../kafkalog/broker2/test2-1.2f5fb92f36f44970b38314e78868f183-delete and is scheduled for deletion (kafka.log.LogManager)
[2021-01-10 14:19:42,376] INFO Log for partition test2-0 is renamed to /usr/local/swissbib/current.kafka.2.7.0/broker2/../kafkalog/broker2/test2-0.b418c45fabc14014a6e2b33cba10a539-delete and is scheduled for deletion (kafka.log.LogManager)
[2021-01-10 14:19:42,377] INFO Log for partition test2-2 is renamed to /usr/local/swissbib/current.kafka.2.7.0/broker2/../kafkalog/broker2/test2-2.82a3d17b9baf4d87a4c580801ff87a16-delete and is scheduled for deletion (kafka.log.LogManager)
[2021-01-10 14:20:09,504] INFO Terminating process due to signal SIGTERM (org.apache.kafka.common.utils.LoggingSignalHandler)
[2021-01-10 14:20:09,505] INFO [KafkaServer id=2] shutting down (kafka.server.KafkaServer)
[2021-01-10 14:20:09,507] INFO [KafkaServer id=2] Starting controlled shutdown (kafka.server.KafkaServer)
[2021-01-10 14:20:09,527] INFO [KafkaServer id=2] Controlled shutdown succeeded (kafka.server.KafkaServer)
[2021-01-10 14:20:09,530] INFO [/config/changes-event-process-thread]: Shutting down (kafka.common.ZkNodeChangeNotificationListener$ChangeEventProcessThread)
[2021-01-10 14:20:09,534] INFO [/config/changes-event-process-thread]: Shutdown completed (kafka.common.ZkNodeChangeNotificationListener$ChangeEventProcessThread)
[2021-01-10 14:20:09,534] INFO [/config/changes-event-process-thread]: Stopped (kafka.common.ZkNodeChangeNotificationListener$ChangeEventProcessThread)
[2021-01-10 14:20:09,535] INFO [SocketServer brokerId=2] Stopping socket server request processors (kafka.network.SocketServer)
[2021-01-10 14:20:09,543] INFO Terminating process due to signal SIGTERM (org.apache.kafka.common.utils.LoggingSignalHandler)
[2021-01-10 14:20:09,544] INFO [SocketServer brokerId=2] Stopped socket server request processors (kafka.network.SocketServer)
[2021-01-10 14:20:09,547] INFO [data-plane Kafka Request Handler on Broker 2], shutting down (kafka.server.KafkaRequestHandlerPool)
[2021-01-10 14:20:09,550] INFO [data-plane Kafka Request Handler on Broker 2], shut down completely (kafka.server.KafkaRequestHandlerPool)
[2021-01-10 14:20:09,552] INFO [ExpirationReaper-2-AlterAcls]: Shutting down (kafka.server.DelayedOperationPurgatory$ExpiredOperationReaper)
[2021-01-10 14:20:09,568] INFO Terminating process due to signal SIGTERM (org.apache.kafka.common.utils.LoggingSignalHandler)
[2021-01-10 14:20:09,735] INFO [ExpirationReaper-2-AlterAcls]: Shutdown completed (kafka.server.DelayedOperationPurgatory$ExpiredOperationReaper)
[2021-01-10 14:20:09,735] INFO [ExpirationReaper-2-AlterAcls]: Stopped (kafka.server.DelayedOperationPurgatory$ExpiredOperationReaper)
[2021-01-10 14:20:09,736] INFO [KafkaApi-2] Shutdown complete. (kafka.server.KafkaApis)
[2021-01-10 14:20:09,737] INFO [ExpirationReaper-2-topic]: Shutting down (kafka.server.DelayedOperationPurgatory$ExpiredOperationReaper)
[2021-01-10 14:20:09,796] INFO [ExpirationReaper-2-topic]: Stopped (kafka.server.DelayedOperationPurgatory$ExpiredOperationReaper)
[2021-01-10 14:20:09,796] INFO [ExpirationReaper-2-topic]: Shutdown completed (kafka.server.DelayedOperationPurgatory$ExpiredOperationReaper)
[2021-01-10 14:20:09,799] INFO [TransactionCoordinator id=2] Shutting down. (kafka.coordinator.transaction.TransactionCoordinator)
[2021-01-10 14:20:09,800] INFO [ProducerId Manager 2]: Shutdown complete: last producerId assigned 13000 (kafka.coordinator.transaction.ProducerIdManager)
[2021-01-10 14:20:09,800] INFO [Transaction State Manager 2]: Shutdown complete (kafka.coordinator.transaction.TransactionStateManager)
[2021-01-10 14:20:09,800] INFO [Transaction Marker Channel Manager 2]: Shutting down (kafka.coordinator.transaction.TransactionMarkerChannelManager)
[2021-01-10 14:20:09,801] INFO [Transaction Marker Channel Manager 2]: Shutdown completed (kafka.coordinator.transaction.TransactionMarkerChannelManager)
[2021-01-10 14:20:09,801] INFO [Transaction Marker Channel Manager 2]: Stopped (kafka.coordinator.transaction.TransactionMarkerChannelManager)
[2021-01-10 14:20:09,802] INFO [TransactionCoordinator id=2] Shutdown complete. (kafka.coordinator.transaction.TransactionCoordinator)
[2021-01-10 14:20:09,802] INFO [GroupCoordinator 2]: Shutting down. (kafka.coordinator.group.GroupCoordinator)
[2021-01-10 14:20:09,803] INFO [ExpirationReaper-2-Heartbeat]: Shutting down (kafka.server.DelayedOperationPurgatory$ExpiredOperationReaper)
[2021-01-10 14:20:10,002] INFO [ExpirationReaper-2-Heartbeat]: Stopped (kafka.server.DelayedOperationPurgatory$ExpiredOperationReaper)
[2021-01-10 14:20:10,002] INFO [ExpirationReaper-2-Heartbeat]: Shutdown completed (kafka.server.DelayedOperationPurgatory$ExpiredOperationReaper)
[2021-01-10 14:20:10,002] INFO [ExpirationReaper-2-Rebalance]: Shutting down (kafka.server.DelayedOperationPurgatory$ExpiredOperationReaper)
[2021-01-10 14:20:10,202] INFO [ExpirationReaper-2-Rebalance]: Stopped (kafka.server.DelayedOperationPurgatory$ExpiredOperationReaper)
[2021-01-10 14:20:10,202] INFO [ExpirationReaper-2-Rebalance]: Shutdown completed (kafka.server.DelayedOperationPurgatory$ExpiredOperationReaper)
[2021-01-10 14:20:10,203] INFO [GroupCoordinator 2]: Shutdown complete. (kafka.coordinator.group.GroupCoordinator)
[2021-01-10 14:20:10,204] INFO [ReplicaManager broker=2] Shutting down (kafka.server.ReplicaManager)
[2021-01-10 14:20:10,205] INFO [LogDirFailureHandler]: Shutting down (kafka.server.ReplicaManager$LogDirFailureHandler)
[2021-01-10 14:20:10,205] INFO [LogDirFailureHandler]: Shutdown completed (kafka.server.ReplicaManager$LogDirFailureHandler)
[2021-01-10 14:20:10,205] INFO [LogDirFailureHandler]: Stopped (kafka.server.ReplicaManager$LogDirFailureHandler)
[2021-01-10 14:20:10,206] INFO [ReplicaFetcherManager on broker 2] shutting down (kafka.server.ReplicaFetcherManager)
[2021-01-10 14:20:10,208] INFO [ReplicaFetcherManager on broker 2] shutdown completed (kafka.server.ReplicaFetcherManager)
[2021-01-10 14:20:10,208] INFO [ReplicaAlterLogDirsManager on broker 2] shutting down (kafka.server.ReplicaAlterLogDirsManager)
[2021-01-10 14:20:10,209] INFO [ReplicaAlterLogDirsManager on broker 2] shutdown completed (kafka.server.ReplicaAlterLogDirsManager)
[2021-01-10 14:20:10,209] INFO [ExpirationReaper-2-Fetch]: Shutting down (kafka.server.DelayedOperationPurgatory$ExpiredOperationReaper)
[2021-01-10 14:20:10,224] INFO [ExpirationReaper-2-Fetch]: Stopped (kafka.server.DelayedOperationPurgatory$ExpiredOperationReaper)
[2021-01-10 14:20:10,224] INFO [ExpirationReaper-2-Fetch]: Shutdown completed (kafka.server.DelayedOperationPurgatory$ExpiredOperationReaper)
[2021-01-10 14:20:10,225] INFO [ExpirationReaper-2-Produce]: Shutting down (kafka.server.DelayedOperationPurgatory$ExpiredOperationReaper)
[2021-01-10 14:20:10,270] INFO [ExpirationReaper-2-Produce]: Stopped (kafka.server.DelayedOperationPurgatory$ExpiredOperationReaper)
[2021-01-10 14:20:10,270] INFO [ExpirationReaper-2-Produce]: Shutdown completed (kafka.server.DelayedOperationPurgatory$ExpiredOperationReaper)
[2021-01-10 14:20:10,271] INFO [ExpirationReaper-2-DeleteRecords]: Shutting down (kafka.server.DelayedOperationPurgatory$ExpiredOperationReaper)
[2021-01-10 14:20:10,279] INFO [ExpirationReaper-2-DeleteRecords]: Stopped (kafka.server.DelayedOperationPurgatory$ExpiredOperationReaper)
[2021-01-10 14:20:10,279] INFO [ExpirationReaper-2-DeleteRecords]: Shutdown completed (kafka.server.DelayedOperationPurgatory$ExpiredOperationReaper)
[2021-01-10 14:20:10,280] INFO [ExpirationReaper-2-ElectLeader]: Shutting down (kafka.server.DelayedOperationPurgatory$ExpiredOperationReaper)
[2021-01-10 14:20:10,284] INFO [ExpirationReaper-2-ElectLeader]: Shutdown completed (kafka.server.DelayedOperationPurgatory$ExpiredOperationReaper)
[2021-01-10 14:20:10,284] INFO [ExpirationReaper-2-ElectLeader]: Stopped (kafka.server.DelayedOperationPurgatory$ExpiredOperationReaper)
[2021-01-10 14:20:10,285] INFO [ReplicaManager broker=2] Shut down completely (kafka.server.ReplicaManager)
[2021-01-10 14:20:10,285] INFO [broker-2-to-controller-send-thread]: Shutting down (kafka.server.BrokerToControllerRequestThread)
[2021-01-10 14:20:10,285] INFO [broker-2-to-controller-send-thread]: Shutdown completed (kafka.server.BrokerToControllerRequestThread)
[2021-01-10 14:20:10,285] INFO [broker-2-to-controller-send-thread]: Stopped (kafka.server.BrokerToControllerRequestThread)
[2021-01-10 14:20:10,285] INFO [broker-2-to-controller-send-thread]: Shutdown completed (kafka.server.BrokerToControllerRequestThread)
[2021-01-10 14:20:10,286] INFO Shutting down. (kafka.log.LogManager)
[2021-01-10 14:20:10,297] INFO Shutdown complete. (kafka.log.LogManager)
[2021-01-10 14:20:10,301] INFO [feature-zk-node-event-process-thread]: Shutting down (kafka.server.FinalizedFeatureChangeListener$ChangeNotificationProcessorThread)
[2021-01-10 14:20:10,301] INFO [feature-zk-node-event-process-thread]: Shutdown completed (kafka.server.FinalizedFeatureChangeListener$ChangeNotificationProcessorThread)
[2021-01-10 14:20:10,301] INFO [feature-zk-node-event-process-thread]: Stopped (kafka.server.FinalizedFeatureChangeListener$ChangeNotificationProcessorThread)
[2021-01-10 14:20:10,301] INFO [ZooKeeperClient Kafka server] Closing. (kafka.zookeeper.ZooKeeperClient)
[2021-01-10 14:20:10,408] INFO Session: 0x10000bbae970001 closed (org.apache.zookeeper.ZooKeeper)
[2021-01-10 14:20:10,408] INFO EventThread shut down for session: 0x10000bbae970001 (org.apache.zookeeper.ClientCnxn)
[2021-01-10 14:20:10,409] INFO [ZooKeeperClient Kafka server] Closed. (kafka.zookeeper.ZooKeeperClient)
[2021-01-10 14:20:10,409] INFO [ThrottledChannelReaper-Fetch]: Shutting down (kafka.server.ClientQuotaManager$ThrottledChannelReaper)
[2021-01-10 14:20:10,956] INFO [ThrottledChannelReaper-Fetch]: Stopped (kafka.server.ClientQuotaManager$ThrottledChannelReaper)
[2021-01-10 14:20:10,956] INFO [ThrottledChannelReaper-Fetch]: Shutdown completed (kafka.server.ClientQuotaManager$ThrottledChannelReaper)
[2021-01-10 14:20:10,956] INFO [ThrottledChannelReaper-Produce]: Shutting down (kafka.server.ClientQuotaManager$ThrottledChannelReaper)
[2021-01-10 14:20:11,956] INFO [ThrottledChannelReaper-Produce]: Stopped (kafka.server.ClientQuotaManager$ThrottledChannelReaper)
[2021-01-10 14:20:11,956] INFO [ThrottledChannelReaper-Produce]: Shutdown completed (kafka.server.ClientQuotaManager$ThrottledChannelReaper)
[2021-01-10 14:20:11,957] INFO [ThrottledChannelReaper-Request]: Shutting down (kafka.server.ClientQuotaManager$ThrottledChannelReaper)
[2021-01-10 14:20:11,958] INFO [ThrottledChannelReaper-Request]: Shutdown completed (kafka.server.ClientQuotaManager$ThrottledChannelReaper)
[2021-01-10 14:20:11,958] INFO [ThrottledChannelReaper-Request]: Stopped (kafka.server.ClientQuotaManager$ThrottledChannelReaper)
[2021-01-10 14:20:11,958] INFO [ThrottledChannelReaper-ControllerMutation]: Shutting down (kafka.server.ClientQuotaManager$ThrottledChannelReaper)
[2021-01-10 14:20:11,960] INFO [ThrottledChannelReaper-ControllerMutation]: Stopped (kafka.server.ClientQuotaManager$ThrottledChannelReaper)
[2021-01-10 14:20:11,960] INFO [ThrottledChannelReaper-ControllerMutation]: Shutdown completed (kafka.server.ClientQuotaManager$ThrottledChannelReaper)
[2021-01-10 14:20:11,961] INFO [SocketServer brokerId=2] Shutting down socket server (kafka.network.SocketServer)
[2021-01-10 14:20:11,977] INFO [SocketServer brokerId=2] Shutdown completed (kafka.network.SocketServer)
[2021-01-10 14:20:11,978] INFO Metrics scheduler closed (org.apache.kafka.common.metrics.Metrics)
[2021-01-10 14:20:11,978] INFO Closing reporter org.apache.kafka.common.metrics.JmxReporter (org.apache.kafka.common.metrics.Metrics)
[2021-01-10 14:20:11,978] INFO Metrics reporters closed (org.apache.kafka.common.metrics.Metrics)
[2021-01-10 14:20:11,979] INFO Broker and topic stats closed (kafka.server.BrokerTopicStats)
[2021-01-10 14:20:11,979] INFO App info kafka.server for 2 unregistered (org.apache.kafka.common.utils.AppInfoParser)
[2021-01-10 14:20:11,979] INFO [KafkaServer id=2] shut down completed (kafka.server.KafkaServer)
