[2021-01-10 14:19:30,444] INFO [Broker id=2] Add 3 partitions and deleted 0 partitions from metadata cache in response to UpdateMetadata request sent by controller 1 epoch 9 with correlation id 0 (state.change.logger)
[2021-01-10 14:19:30,458] INFO [Broker id=2] Handling LeaderAndIsr request correlationId 1 from controller 1 for 3 partitions (state.change.logger)
[2021-01-10 14:19:30,481] ERROR [Broker id=2] Received LeaderAndIsrRequest with correlation id 1 from controller 1 epoch 9 for partition test2-1 (last update controller epoch 9) but cannot become follower since the new leader -1 is unavailable. (state.change.logger)
[2021-01-10 14:19:30,503] ERROR [Broker id=2] Received LeaderAndIsrRequest with correlation id 1 from controller 1 epoch 9 for partition test2-2 (last update controller epoch 9) but cannot become follower since the new leader -1 is unavailable. (state.change.logger)
[2021-01-10 14:19:30,508] ERROR [Broker id=2] Received LeaderAndIsrRequest with correlation id 1 from controller 1 epoch 9 for partition test2-0 (last update controller epoch 9) but cannot become follower since the new leader -1 is unavailable. (state.change.logger)
[2021-01-10 14:19:30,516] INFO [Broker id=2] Stopped fetchers as part of become-follower request from controller 1 epoch 9 with correlation id 1 for 0 partitions (state.change.logger)
[2021-01-10 14:19:30,526] INFO [Broker id=2] Finished LeaderAndIsr request in 68ms correlationId 1 from controller 1 for 3 partitions (state.change.logger)
[2021-01-10 14:19:30,532] INFO [Broker id=2] Add 0 partitions and deleted 3 partitions from metadata cache in response to UpdateMetadata request sent by controller 1 epoch 9 with correlation id 2 (state.change.logger)
[2021-01-10 14:19:30,542] INFO [Broker id=2] Add 0 partitions and deleted 3 partitions from metadata cache in response to UpdateMetadata request sent by controller 1 epoch 9 with correlation id 3 (state.change.logger)
[2021-01-10 14:19:30,549] INFO [Broker id=2] Handling StopReplica request correlationId 4 from controller 1 for 3 partitions (state.change.logger)
[2021-01-10 14:19:30,562] INFO [Broker id=2] Handling StopReplica request correlationId 5 from controller 1 for 3 partitions (state.change.logger)
[2021-01-10 14:19:30,598] INFO [Broker id=2] Add 1 partitions and deleted 3 partitions from metadata cache in response to UpdateMetadata request sent by controller 1 epoch 9 with correlation id 7 (state.change.logger)
[2021-01-10 14:19:30,602] INFO [Broker id=2] Add 1 partitions and deleted 0 partitions from metadata cache in response to UpdateMetadata request sent by controller 1 epoch 9 with correlation id 8 (state.change.logger)
[2021-01-10 14:19:30,605] INFO [Broker id=2] Add 0 partitions and deleted 3 partitions from metadata cache in response to UpdateMetadata request sent by controller 1 epoch 9 with correlation id 9 (state.change.logger)
[2021-01-10 14:19:39,270] INFO [Broker id=2] Handling LeaderAndIsr request correlationId 10 from controller 1 for 3 partitions (state.change.logger)
[2021-01-10 14:19:39,276] INFO [Broker id=2] Stopped fetchers as part of LeaderAndIsr request correlationId 10 from controller 1 epoch 9 as part of the become-leader transition for 1 partitions (state.change.logger)
[2021-01-10 14:19:39,293] INFO [Broker id=2] Leader test2-2 starts at leader epoch 0 from offset 0 with high watermark 0 ISR [2,1,3] addingReplicas [] removingReplicas []. Previous leader epoch was -1. (state.change.logger)
[2021-01-10 14:19:39,308] INFO [Broker id=2] Follower test2-1 starts at leader epoch 0 from offset 0 with high watermark 0. Previous leader epoch was -1. (state.change.logger)
[2021-01-10 14:19:39,313] INFO [Broker id=2] Follower test2-0 starts at leader epoch 0 from offset 0 with high watermark 0. Previous leader epoch was -1. (state.change.logger)
[2021-01-10 14:19:39,313] INFO [Broker id=2] Stopped fetchers as part of become-follower request from controller 1 epoch 9 with correlation id 10 for 2 partitions (state.change.logger)
[2021-01-10 14:19:39,372] INFO [Broker id=2] Finished LeaderAndIsr request in 102ms correlationId 10 from controller 1 for 3 partitions (state.change.logger)
[2021-01-10 14:19:39,375] INFO [Broker id=2] Add 3 partitions and deleted 0 partitions from metadata cache in response to UpdateMetadata request sent by controller 1 epoch 9 with correlation id 11 (state.change.logger)
[2021-01-10 14:19:42,314] INFO [Broker id=2] Add 0 partitions and deleted 3 partitions from metadata cache in response to UpdateMetadata request sent by controller 1 epoch 9 with correlation id 12 (state.change.logger)
[2021-01-10 14:19:42,348] INFO [Broker id=2] Handling StopReplica request correlationId 13 from controller 1 for 3 partitions (state.change.logger)
[2021-01-10 14:19:42,352] INFO [Broker id=2] Handling StopReplica request correlationId 14 from controller 1 for 3 partitions (state.change.logger)
