[2021-01-10 14:19:29,493] INFO [ControllerEventThread controllerId=1] Starting (kafka.controller.ControllerEventManager$ControllerEventThread)
[2021-01-10 14:19:29,539] INFO [Controller id=1] 1 successfully elected as the controller. Epoch incremented to 9 and epoch zk version is now 9 (kafka.controller.KafkaController)
[2021-01-10 14:19:29,543] INFO [Controller id=1] Registering handlers (kafka.controller.KafkaController)
[2021-01-10 14:19:29,548] INFO [Controller id=1] Deleting log dir event notifications (kafka.controller.KafkaController)
[2021-01-10 14:19:29,552] INFO [Controller id=1] Deleting isr change notifications (kafka.controller.KafkaController)
[2021-01-10 14:19:29,556] INFO [Controller id=1] Initializing controller context (kafka.controller.KafkaController)
[2021-01-10 14:19:29,586] INFO [Controller id=1] Initialized broker epochs cache: HashMap(1 -> 439) (kafka.controller.KafkaController)
[2021-01-10 14:19:29,607] DEBUG [Controller id=1] Register BrokerModifications handler for Set(1) (kafka.controller.KafkaController)
[2021-01-10 14:19:29,626] DEBUG [Channel manager on controller 1]: Controller 1 trying to connect to broker 1 (kafka.controller.ControllerChannelManager)
[2021-01-10 14:19:29,657] INFO [Controller id=1] Currently active brokers in the cluster: Set(1) (kafka.controller.KafkaController)
[2021-01-10 14:19:29,658] INFO [Controller id=1] Currently shutting brokers in the cluster: HashSet() (kafka.controller.KafkaController)
[2021-01-10 14:19:29,658] INFO [Controller id=1] Current list of topics in the cluster: HashSet(test2, swisscollections-rawdata) (kafka.controller.KafkaController)
[2021-01-10 14:19:29,659] INFO [Controller id=1] Fetching topic deletions in progress (kafka.controller.KafkaController)
[2021-01-10 14:19:29,667] INFO [RequestSendThread controllerId=1] Starting (kafka.controller.RequestSendThread)
[2021-01-10 14:19:29,682] INFO [Controller id=1] List of topics to be deleted: test2 (kafka.controller.KafkaController)
[2021-01-10 14:19:29,682] INFO [Controller id=1] List of topics ineligible for deletion: test2,swisscollections-rawdata (kafka.controller.KafkaController)
[2021-01-10 14:19:29,682] INFO [Controller id=1] Initializing topic deletion manager (kafka.controller.KafkaController)
[2021-01-10 14:19:29,683] INFO [Topic Deletion Manager 1] Initializing manager with initial deletions: Set(test2), initial ineligible deletions: HashSet(test2, swisscollections-rawdata) (kafka.controller.TopicDeletionManager)
[2021-01-10 14:19:29,685] INFO [Controller id=1] Sending update metadata request (kafka.controller.KafkaController)
[2021-01-10 14:19:29,705] INFO [ReplicaStateMachine controllerId=1] Initializing replica state (kafka.controller.ZkReplicaStateMachine)
[2021-01-10 14:19:29,711] INFO [ReplicaStateMachine controllerId=1] Triggering online replica state changes (kafka.controller.ZkReplicaStateMachine)
[2021-01-10 14:19:29,717] INFO [RequestSendThread controllerId=1] Controller 1 connected to ubuntu:9092 (id: 1 rack: null) for sending state change requests (kafka.controller.RequestSendThread)
[2021-01-10 14:19:29,748] INFO [ReplicaStateMachine controllerId=1] Triggering offline replica state changes (kafka.controller.ZkReplicaStateMachine)
[2021-01-10 14:19:29,822] DEBUG [ReplicaStateMachine controllerId=1] Started replica state machine with initial state -> HashMap([Topic=swisscollections-rawdata,Partition=2,Replica=1] -> OnlineReplica, [Topic=swisscollections-rawdata,Partition=0,Replica=1] -> OnlineReplica, [Topic=test2,Partition=0,Replica=1] -> OnlineReplica, [Topic=test2,Partition=1,Replica=2] -> OfflineReplica, [Topic=test2,Partition=0,Replica=2] -> OfflineReplica, [Topic=test2,Partition=0,Replica=3] -> OfflineReplica, [Topic=test2,Partition=1,Replica=1] -> OnlineReplica, [Topic=test2,Partition=2,Replica=1] -> OnlineReplica, [Topic=swisscollections-rawdata,Partition=1,Replica=3] -> OfflineReplica, [Topic=test2,Partition=1,Replica=3] -> OfflineReplica, [Topic=test2,Partition=2,Replica=3] -> OfflineReplica, [Topic=test2,Partition=2,Replica=2] -> OfflineReplica) (kafka.controller.ZkReplicaStateMachine)
[2021-01-10 14:19:29,823] INFO [PartitionStateMachine controllerId=1] Initializing partition state (kafka.controller.ZkPartitionStateMachine)
[2021-01-10 14:19:29,825] INFO [PartitionStateMachine controllerId=1] Triggering online partition state changes (kafka.controller.ZkPartitionStateMachine)
[2021-01-10 14:19:29,896] DEBUG [PartitionStateMachine controllerId=1] Started partition state machine with initial state -> HashMap(test2-1 -> OfflinePartition, test2-0 -> OfflinePartition, swisscollections-rawdata-1 -> OfflinePartition, swisscollections-rawdata-2 -> OnlinePartition, swisscollections-rawdata-0 -> OnlinePartition, test2-2 -> OfflinePartition) (kafka.controller.ZkPartitionStateMachine)
[2021-01-10 14:19:29,896] INFO [Controller id=1] Ready to serve as the new controller with epoch 9 (kafka.controller.KafkaController)
[2021-01-10 14:19:29,900] INFO [Topic Deletion Manager 1] Handling deletion for topics test2 (kafka.controller.TopicDeletionManager)
[2021-01-10 14:19:29,905] INFO [Controller id=1] Partitions undergoing preferred replica election:  (kafka.controller.KafkaController)
[2021-01-10 14:19:29,910] INFO [Controller id=1] Partitions that completed preferred replica election:  (kafka.controller.KafkaController)
[2021-01-10 14:19:29,910] INFO [Controller id=1] Skipping preferred replica election for partitions due to topic deletion:  (kafka.controller.KafkaController)
[2021-01-10 14:19:29,911] INFO [Controller id=1] Resuming preferred replica election for partitions:  (kafka.controller.KafkaController)
[2021-01-10 14:19:29,912] INFO [Controller id=1] Starting replica leader election (PREFERRED) for partitions  triggered by ZkTriggered (kafka.controller.KafkaController)
[2021-01-10 14:19:29,925] INFO [Controller id=1] Starting the controller scheduler (kafka.controller.KafkaController)
[2021-01-10 14:19:30,068] INFO [Controller id=1] Newly added brokers: 2, deleted brokers: , bounced brokers: , all live brokers: 1,2 (kafka.controller.KafkaController)
[2021-01-10 14:19:30,068] DEBUG [Channel manager on controller 1]: Controller 1 trying to connect to broker 2 (kafka.controller.ControllerChannelManager)
[2021-01-10 14:19:30,072] INFO [RequestSendThread controllerId=1] Starting (kafka.controller.RequestSendThread)
[2021-01-10 14:19:30,074] INFO [Controller id=1] New broker startup callback for 2 (kafka.controller.KafkaController)
[2021-01-10 14:19:30,081] INFO [RequestSendThread controllerId=1] Controller 1 connected to ubuntu:9093 (id: 2 rack: null) for sending state change requests (kafka.controller.RequestSendThread)
[2021-01-10 14:19:30,089] INFO [Controller id=1] Some replicas [Topic=test2,Partition=0,Replica=2],[Topic=test2,Partition=1,Replica=2],[Topic=test2,Partition=2,Replica=2] for topics scheduled for deletion test2 are on the newly restarted brokers 2. Signaling restart of topic deletion for these topics (kafka.controller.KafkaController)
[2021-01-10 14:19:30,091] INFO [Topic Deletion Manager 1] Handling deletion for topics test2 (kafka.controller.TopicDeletionManager)
[2021-01-10 14:19:30,092] INFO [Topic Deletion Manager 1] Deletion of topic test2 (re)started (kafka.controller.TopicDeletionManager)
[2021-01-10 14:19:30,099] DEBUG [Topic Deletion Manager 1] Dead Replicas ([Topic=test2,Partition=1,Replica=3],[Topic=test2,Partition=2,Replica=3],[Topic=test2,Partition=0,Replica=3]) found for topic test2 (kafka.controller.TopicDeletionManager)
[2021-01-10 14:19:30,120] INFO [Topic Deletion Manager 1] Halted deletion of topics test2 due to offline replicas (kafka.controller.TopicDeletionManager)
[2021-01-10 14:19:30,121] DEBUG [Controller id=1] Register BrokerModifications handler for List(2) (kafka.controller.KafkaController)
[2021-01-10 14:19:30,126] INFO [Controller id=1] Updated broker epochs cache: HashMap(1 -> 439, 2 -> 449) (kafka.controller.KafkaController)
[2021-01-10 14:19:30,161] DEBUG [Controller id=1] Delete topic callback invoked on StopReplica response received from broker 1: request error = NONE, partition errors = HashMap(test2-1 -> NONE, test2-0 -> NONE, test2-2 -> NONE) (kafka.controller.KafkaController)
[2021-01-10 14:19:30,164] DEBUG [Topic Deletion Manager 1] Deletion successfully completed for replicas [Topic=test2,Partition=1,Replica=1],[Topic=test2,Partition=0,Replica=1],[Topic=test2,Partition=2,Replica=1] (kafka.controller.TopicDeletionManager)
[2021-01-10 14:19:30,165] INFO [Topic Deletion Manager 1] Handling deletion for topics test2 (kafka.controller.TopicDeletionManager)
[2021-01-10 14:19:30,567] INFO [Controller id=1] Newly added brokers: 3, deleted brokers: , bounced brokers: , all live brokers: 1,2,3 (kafka.controller.KafkaController)
[2021-01-10 14:19:30,568] DEBUG [Channel manager on controller 1]: Controller 1 trying to connect to broker 3 (kafka.controller.ControllerChannelManager)
[2021-01-10 14:19:30,577] INFO [Controller id=1] New broker startup callback for 3 (kafka.controller.KafkaController)
[2021-01-10 14:19:30,580] INFO [RequestSendThread controllerId=1] Starting (kafka.controller.RequestSendThread)
[2021-01-10 14:19:30,581] INFO [RequestSendThread controllerId=1] Controller 1 connected to ubuntu:9094 (id: 3 rack: null) for sending state change requests (kafka.controller.RequestSendThread)
[2021-01-10 14:19:30,589] INFO [Controller id=1] Some replicas [Topic=test2,Partition=0,Replica=3],[Topic=test2,Partition=1,Replica=3],[Topic=test2,Partition=2,Replica=3] for topics scheduled for deletion test2 are on the newly restarted brokers 3. Signaling restart of topic deletion for these topics (kafka.controller.KafkaController)
[2021-01-10 14:19:30,589] INFO [Topic Deletion Manager 1] Handling deletion for topics test2 (kafka.controller.TopicDeletionManager)
[2021-01-10 14:19:30,590] DEBUG [Controller id=1] Register BrokerModifications handler for List(3) (kafka.controller.KafkaController)
[2021-01-10 14:19:30,591] INFO [Controller id=1] Updated broker epochs cache: HashMap(1 -> 439, 2 -> 449, 3 -> 451) (kafka.controller.KafkaController)
[2021-01-10 14:19:30,594] DEBUG [Controller id=1] Delete topic callback invoked on StopReplica response received from broker 2: request error = NONE, partition errors = HashMap(test2-1 -> NONE, test2-0 -> NONE, test2-2 -> NONE) (kafka.controller.KafkaController)
[2021-01-10 14:19:30,594] DEBUG [Topic Deletion Manager 1] Deletion successfully completed for replicas [Topic=test2,Partition=1,Replica=2],[Topic=test2,Partition=0,Replica=2],[Topic=test2,Partition=2,Replica=2] (kafka.controller.TopicDeletionManager)
[2021-01-10 14:19:30,595] INFO [Topic Deletion Manager 1] Handling deletion for topics test2 (kafka.controller.TopicDeletionManager)
[2021-01-10 14:19:30,595] INFO [Topic Deletion Manager 1] Deletion of topic test2 (re)started (kafka.controller.TopicDeletionManager)
[2021-01-10 14:19:30,954] DEBUG [Controller id=1] Delete topic callback invoked on StopReplica response received from broker 3: request error = NONE, partition errors = HashMap(test2-1 -> NONE, test2-0 -> NONE, test2-2 -> NONE) (kafka.controller.KafkaController)
[2021-01-10 14:19:30,955] DEBUG [Topic Deletion Manager 1] Deletion successfully completed for replicas [Topic=test2,Partition=1,Replica=3],[Topic=test2,Partition=0,Replica=3],[Topic=test2,Partition=2,Replica=3] (kafka.controller.TopicDeletionManager)
[2021-01-10 14:19:30,955] INFO [Topic Deletion Manager 1] Handling deletion for topics test2 (kafka.controller.TopicDeletionManager)
[2021-01-10 14:19:31,003] INFO [Topic Deletion Manager 1] Deletion of topic test2 successfully completed (kafka.controller.TopicDeletionManager)
[2021-01-10 14:19:31,006] INFO [Controller id=1] New topics: [Set()], deleted topics: [HashSet()], new partition replica assignment [Map()] (kafka.controller.KafkaController)
[2021-01-10 14:19:31,007] DEBUG [Controller id=1] Delete topics listener fired for topics  to be deleted (kafka.controller.KafkaController)
[2021-01-10 14:19:34,927] INFO [Controller id=1] Processing automatic preferred replica leader election (kafka.controller.KafkaController)
[2021-01-10 14:19:34,928] TRACE [Controller id=1] Checking need to trigger auto leader balancing (kafka.controller.KafkaController)
[2021-01-10 14:19:34,934] DEBUG [Controller id=1] Topics not in preferred replica for broker 1 Map() (kafka.controller.KafkaController)
[2021-01-10 14:19:34,935] TRACE [Controller id=1] Leader imbalance ratio for broker 1 is 0.0 (kafka.controller.KafkaController)
[2021-01-10 14:19:34,936] DEBUG [Controller id=1] Topics not in preferred replica for broker 3 Map() (kafka.controller.KafkaController)
[2021-01-10 14:19:34,936] TRACE [Controller id=1] Leader imbalance ratio for broker 3 is 0.0 (kafka.controller.KafkaController)
[2021-01-10 14:19:39,244] INFO [Controller id=1] New topics: [Set(test2)], deleted topics: [HashSet()], new partition replica assignment [Map(test2-0 -> ReplicaAssignment(replicas=3,2,1, addingReplicas=, removingReplicas=), test2-1 -> ReplicaAssignment(replicas=1,3,2, addingReplicas=, removingReplicas=), test2-2 -> ReplicaAssignment(replicas=2,1,3, addingReplicas=, removingReplicas=))] (kafka.controller.KafkaController)
[2021-01-10 14:19:39,244] INFO [Controller id=1] New partition creation callback for test2-0,test2-1,test2-2 (kafka.controller.KafkaController)
[2021-01-10 14:19:42,310] DEBUG [Controller id=1] Delete topics listener fired for topics test2 to be deleted (kafka.controller.KafkaController)
[2021-01-10 14:19:42,310] INFO [Controller id=1] Starting topic deletion for topics test2 (kafka.controller.KafkaController)
[2021-01-10 14:19:42,311] INFO [Topic Deletion Manager 1] Handling deletion for topics test2 (kafka.controller.TopicDeletionManager)
[2021-01-10 14:19:42,311] INFO [Topic Deletion Manager 1] Deletion of topic test2 (re)started (kafka.controller.TopicDeletionManager)
[2021-01-10 14:19:42,391] DEBUG [Controller id=1] Delete topic callback invoked on StopReplica response received from broker 2: request error = NONE, partition errors = HashMap(test2-1 -> NONE, test2-0 -> NONE, test2-2 -> NONE) (kafka.controller.KafkaController)
[2021-01-10 14:19:42,391] DEBUG [Topic Deletion Manager 1] Deletion successfully completed for replicas [Topic=test2,Partition=1,Replica=2],[Topic=test2,Partition=0,Replica=2],[Topic=test2,Partition=2,Replica=2] (kafka.controller.TopicDeletionManager)
[2021-01-10 14:19:42,391] INFO [Topic Deletion Manager 1] Handling deletion for topics test2 (kafka.controller.TopicDeletionManager)
[2021-01-10 14:19:42,393] DEBUG [Controller id=1] Delete topic callback invoked on StopReplica response received from broker 1: request error = NONE, partition errors = HashMap(test2-1 -> NONE, test2-0 -> NONE, test2-2 -> NONE) (kafka.controller.KafkaController)
[2021-01-10 14:19:42,393] DEBUG [Topic Deletion Manager 1] Deletion successfully completed for replicas [Topic=test2,Partition=1,Replica=1],[Topic=test2,Partition=0,Replica=1],[Topic=test2,Partition=2,Replica=1] (kafka.controller.TopicDeletionManager)
[2021-01-10 14:19:42,393] INFO [Topic Deletion Manager 1] Handling deletion for topics test2 (kafka.controller.TopicDeletionManager)
[2021-01-10 14:19:42,395] DEBUG [Controller id=1] Delete topic callback invoked on StopReplica response received from broker 3: request error = NONE, partition errors = HashMap(test2-1 -> NONE, test2-0 -> NONE, test2-2 -> NONE) (kafka.controller.KafkaController)
[2021-01-10 14:19:42,395] DEBUG [Topic Deletion Manager 1] Deletion successfully completed for replicas [Topic=test2,Partition=1,Replica=3],[Topic=test2,Partition=0,Replica=3],[Topic=test2,Partition=2,Replica=3] (kafka.controller.TopicDeletionManager)
[2021-01-10 14:19:42,396] INFO [Topic Deletion Manager 1] Handling deletion for topics test2 (kafka.controller.TopicDeletionManager)
[2021-01-10 14:19:42,441] INFO [Topic Deletion Manager 1] Deletion of topic test2 successfully completed (kafka.controller.TopicDeletionManager)
[2021-01-10 14:19:42,442] INFO [Controller id=1] New topics: [Set()], deleted topics: [HashSet()], new partition replica assignment [Map()] (kafka.controller.KafkaController)
[2021-01-10 14:19:42,442] DEBUG [Controller id=1] Delete topics listener fired for topics  to be deleted (kafka.controller.KafkaController)
[2021-01-10 14:20:09,518] INFO [Controller id=1] Shutting down broker 3 (kafka.controller.KafkaController)
[2021-01-10 14:20:09,518] DEBUG [Controller id=1] All shutting down brokers: 3 (kafka.controller.KafkaController)
[2021-01-10 14:20:09,519] DEBUG [Controller id=1] Live brokers: 1,2 (kafka.controller.KafkaController)
[2021-01-10 14:20:09,522] TRACE [Controller id=1] All leaders = swisscollections-rawdata-1 -> (Leader:3,ISR:3,LeaderEpoch:2,ControllerEpoch:9),swisscollections-rawdata-2 -> (Leader:1,ISR:1,LeaderEpoch:2,ControllerEpoch:9),swisscollections-rawdata-0 -> (Leader:1,ISR:1,LeaderEpoch:2,ControllerEpoch:9) (kafka.controller.KafkaController)
[2021-01-10 14:20:09,524] INFO [Controller id=1] Shutting down broker 2 (kafka.controller.KafkaController)
[2021-01-10 14:20:09,524] DEBUG [Controller id=1] All shutting down brokers: 2,3 (kafka.controller.KafkaController)
[2021-01-10 14:20:09,525] DEBUG [Controller id=1] Live brokers: 1 (kafka.controller.KafkaController)
[2021-01-10 14:20:09,525] TRACE [Controller id=1] All leaders = swisscollections-rawdata-1 -> (Leader:3,ISR:3,LeaderEpoch:2,ControllerEpoch:9),swisscollections-rawdata-2 -> (Leader:1,ISR:1,LeaderEpoch:2,ControllerEpoch:9),swisscollections-rawdata-0 -> (Leader:1,ISR:1,LeaderEpoch:2,ControllerEpoch:9) (kafka.controller.KafkaController)
[2021-01-10 14:20:09,525] INFO [Controller id=1] Shutting down broker 1 (kafka.controller.KafkaController)
[2021-01-10 14:20:09,525] DEBUG [Controller id=1] All shutting down brokers: 1,2,3 (kafka.controller.KafkaController)
[2021-01-10 14:20:09,525] DEBUG [Controller id=1] Live brokers:  (kafka.controller.KafkaController)
[2021-01-10 14:20:09,526] TRACE [Controller id=1] All leaders = swisscollections-rawdata-1 -> (Leader:3,ISR:3,LeaderEpoch:2,ControllerEpoch:9),swisscollections-rawdata-2 -> (Leader:1,ISR:1,LeaderEpoch:2,ControllerEpoch:9),swisscollections-rawdata-0 -> (Leader:1,ISR:1,LeaderEpoch:2,ControllerEpoch:9) (kafka.controller.KafkaController)
[2021-01-10 14:20:10,309] INFO [Controller id=1] Newly added brokers: , deleted brokers: 2, bounced brokers: , all live brokers: 1,3 (kafka.controller.KafkaController)
[2021-01-10 14:20:10,309] INFO [RequestSendThread controllerId=1] Shutting down (kafka.controller.RequestSendThread)
[2021-01-10 14:20:10,309] INFO [RequestSendThread controllerId=1] Stopped (kafka.controller.RequestSendThread)
[2021-01-10 14:20:10,309] INFO [RequestSendThread controllerId=1] Shutdown completed (kafka.controller.RequestSendThread)
[2021-01-10 14:20:10,311] INFO [Controller id=1] Broker failure callback for 2 (kafka.controller.KafkaController)
[2021-01-10 14:20:10,312] INFO [Controller id=1] Removed 2 from list of shutting down brokers. (kafka.controller.KafkaController)
[2021-01-10 14:20:10,317] DEBUG [Controller id=1] Unregister BrokerModifications handler for List(2) (kafka.controller.KafkaController)
[2021-01-10 14:20:10,318] INFO [Controller id=1] Updated broker epochs cache: HashMap(1 -> 439, 3 -> 451) (kafka.controller.KafkaController)
[2021-01-10 14:20:10,320] INFO [Controller id=1] Newly added brokers: , deleted brokers: 3, bounced brokers: , all live brokers: 1 (kafka.controller.KafkaController)
[2021-01-10 14:20:10,320] INFO [RequestSendThread controllerId=1] Shutting down (kafka.controller.RequestSendThread)
[2021-01-10 14:20:10,320] INFO [RequestSendThread controllerId=1] Stopped (kafka.controller.RequestSendThread)
[2021-01-10 14:20:10,320] INFO [RequestSendThread controllerId=1] Shutdown completed (kafka.controller.RequestSendThread)
[2021-01-10 14:20:10,321] INFO [Controller id=1] Broker failure callback for 3 (kafka.controller.KafkaController)
[2021-01-10 14:20:10,321] INFO [Controller id=1] Removed 3 from list of shutting down brokers. (kafka.controller.KafkaController)
[2021-01-10 14:20:10,329] DEBUG [Controller id=1] Unregister BrokerModifications handler for List(3) (kafka.controller.KafkaController)
[2021-01-10 14:20:10,329] INFO [Controller id=1] Updated broker epochs cache: HashMap(1 -> 439) (kafka.controller.KafkaController)
[2021-01-10 14:20:10,330] WARN [RequestSendThread controllerId=1] Controller 1's connection to broker ubuntu:9092 (id: 1 rack: null) was unsuccessful (kafka.controller.RequestSendThread)
java.io.IOException: Connection to ubuntu:9092 (id: 1 rack: null) failed.
	at org.apache.kafka.clients.NetworkClientUtils.awaitReady(NetworkClientUtils.java:71)
	at kafka.controller.RequestSendThread.brokerReady(ControllerChannelManager.scala:292)
	at kafka.controller.RequestSendThread.doWork(ControllerChannelManager.scala:246)
	at kafka.utils.ShutdownableThread.run(ShutdownableThread.scala:96)
[2021-01-10 14:20:10,360] INFO [ControllerEventThread controllerId=1] Shutting down (kafka.controller.ControllerEventManager$ControllerEventThread)
[2021-01-10 14:20:10,360] INFO [ControllerEventThread controllerId=1] Shutdown completed (kafka.controller.ControllerEventManager$ControllerEventThread)
[2021-01-10 14:20:10,360] INFO [ControllerEventThread controllerId=1] Stopped (kafka.controller.ControllerEventManager$ControllerEventThread)
[2021-01-10 14:20:10,360] DEBUG [Controller id=1] Resigning (kafka.controller.KafkaController)
[2021-01-10 14:20:10,360] DEBUG [Controller id=1] Unregister BrokerModifications handler for Set(1) (kafka.controller.KafkaController)
[2021-01-10 14:20:10,361] INFO [PartitionStateMachine controllerId=1] Stopped partition state machine (kafka.controller.ZkPartitionStateMachine)
[2021-01-10 14:20:10,361] INFO [ReplicaStateMachine controllerId=1] Stopped replica state machine (kafka.controller.ZkReplicaStateMachine)
[2021-01-10 14:20:10,361] INFO [RequestSendThread controllerId=1] Shutting down (kafka.controller.RequestSendThread)
[2021-01-10 14:20:10,361] WARN [RequestSendThread controllerId=1] Controller 1 epoch 9 fails to send request (type: UpdateMetadataRequest=, controllerId=1, controllerEpoch=9, brokerEpoch=439, partitionStates=[UpdateMetadataPartitionState(topicName='swisscollections-rawdata', partitionIndex=1, controllerEpoch=9, leader=-1, leaderEpoch=3, isr=[3], zkVersion=3, replicas=[3], offlineReplicas=[3])], liveBrokers=UpdateMetadataBroker(id=1, v0Host='', v0Port=0, endpoints=[UpdateMetadataEndpoint(port=9092, host='ubuntu', listener='PLAINTEXT', securityProtocol=0)], rack=null)) to broker ubuntu:9092 (id: 1 rack: null). Reconnecting to broker. (kafka.controller.RequestSendThread)
java.lang.InterruptedException
	at java.base/java.util.concurrent.locks.AbstractQueuedSynchronizer.doAcquireSharedNanos(AbstractQueuedSynchronizer.java:1081)
	at java.base/java.util.concurrent.locks.AbstractQueuedSynchronizer.tryAcquireSharedNanos(AbstractQueuedSynchronizer.java:1369)
	at java.base/java.util.concurrent.CountDownLatch.await(CountDownLatch.java:278)
	at kafka.utils.ShutdownableThread.pause(ShutdownableThread.scala:82)
	at kafka.controller.RequestSendThread.doWork(ControllerChannelManager.scala:234)
	at kafka.utils.ShutdownableThread.run(ShutdownableThread.scala:96)
[2021-01-10 14:20:10,362] TRACE [RequestSendThread controllerId=1] shutdownInitiated latch count reached zero. Shutdown called. (kafka.controller.RequestSendThread)
[2021-01-10 14:20:10,362] INFO [RequestSendThread controllerId=1] Stopped (kafka.controller.RequestSendThread)
[2021-01-10 14:20:10,362] INFO [RequestSendThread controllerId=1] Shutdown completed (kafka.controller.RequestSendThread)
[2021-01-10 14:20:10,363] INFO [Controller id=1] Resigned (kafka.controller.KafkaController)
