[2021-01-10 14:19:27,691] INFO Registered kafka:type=kafka.Log4jController MBean (kafka.utils.Log4jControllerRegistration$)
[2021-01-10 14:19:28,036] INFO Setting -D jdk.tls.rejectClientInitiatedRenegotiation=true to disable client-initiated TLS renegotiation (org.apache.zookeeper.common.X509Util)
[2021-01-10 14:19:28,106] INFO Registered signal handlers for TERM, INT, HUP (org.apache.kafka.common.utils.LoggingSignalHandler)
[2021-01-10 14:19:28,110] INFO starting (kafka.server.KafkaServer)
[2021-01-10 14:19:28,111] INFO Connecting to zookeeper on localhost:14181 (kafka.server.KafkaServer)
[2021-01-10 14:19:28,128] INFO [ZooKeeperClient Kafka server] Initializing a new session to localhost:14181. (kafka.zookeeper.ZooKeeperClient)
[2021-01-10 14:19:28,132] INFO Client environment:zookeeper.version=3.5.8-f439ca583e70862c3068a1f2a7d4d068eec33315, built on 05/04/2020 15:53 GMT (org.apache.zookeeper.ZooKeeper)
[2021-01-10 14:19:28,132] INFO Client environment:host.name=ubuntu (org.apache.zookeeper.ZooKeeper)
[2021-01-10 14:19:28,132] INFO Client environment:java.version=11.0.7 (org.apache.zookeeper.ZooKeeper)
[2021-01-10 14:19:28,132] INFO Client environment:java.vendor=AdoptOpenJDK (org.apache.zookeeper.ZooKeeper)
[2021-01-10 14:19:28,132] INFO Client environment:java.home=/usr/local/jdk-11.0.7+10 (org.apache.zookeeper.ZooKeeper)
[2021-01-10 14:19:28,132] INFO Client environment:java.class.path=/usr/local/swissbib/current.kafka.2.7.0/broker1/bin/../libs/activation-1.1.1.jar:/usr/local/swissbib/current.kafka.2.7.0/broker1/bin/../libs/aopalliance-repackaged-2.6.1.jar:/usr/local/swissbib/current.kafka.2.7.0/broker1/bin/../libs/argparse4j-0.7.0.jar:/usr/local/swissbib/current.kafka.2.7.0/broker1/bin/../libs/audience-annotations-0.5.0.jar:/usr/local/swissbib/current.kafka.2.7.0/broker1/bin/../libs/commons-cli-1.4.jar:/usr/local/swissbib/current.kafka.2.7.0/broker1/bin/../libs/commons-lang3-3.8.1.jar:/usr/local/swissbib/current.kafka.2.7.0/broker1/bin/../libs/connect-api-2.7.0.jar:/usr/local/swissbib/current.kafka.2.7.0/broker1/bin/../libs/connect-basic-auth-extension-2.7.0.jar:/usr/local/swissbib/current.kafka.2.7.0/broker1/bin/../libs/connect-file-2.7.0.jar:/usr/local/swissbib/current.kafka.2.7.0/broker1/bin/../libs/connect-json-2.7.0.jar:/usr/local/swissbib/current.kafka.2.7.0/broker1/bin/../libs/connect-mirror-2.7.0.jar:/usr/local/swissbib/current.kafka.2.7.0/broker1/bin/../libs/connect-mirror-client-2.7.0.jar:/usr/local/swissbib/current.kafka.2.7.0/broker1/bin/../libs/connect-runtime-2.7.0.jar:/usr/local/swissbib/current.kafka.2.7.0/broker1/bin/../libs/connect-transforms-2.7.0.jar:/usr/local/swissbib/current.kafka.2.7.0/broker1/bin/../libs/hk2-api-2.6.1.jar:/usr/local/swissbib/current.kafka.2.7.0/broker1/bin/../libs/hk2-locator-2.6.1.jar:/usr/local/swissbib/current.kafka.2.7.0/broker1/bin/../libs/hk2-utils-2.6.1.jar:/usr/local/swissbib/current.kafka.2.7.0/broker1/bin/../libs/jackson-annotations-2.10.5.jar:/usr/local/swissbib/current.kafka.2.7.0/broker1/bin/../libs/jackson-core-2.10.5.jar:/usr/local/swissbib/current.kafka.2.7.0/broker1/bin/../libs/jackson-databind-2.10.5.1.jar:/usr/local/swissbib/current.kafka.2.7.0/broker1/bin/../libs/jackson-dataformat-csv-2.10.5.jar:/usr/local/swissbib/current.kafka.2.7.0/broker1/bin/../libs/jackson-datatype-jdk8-2.10.5.jar:/usr/local/swissbib/current.kafka.2.7.0/broker1/bin/../libs/jackson-jaxrs-base-2.10.5.jar:/usr/local/swissbib/current.kafka.2.7.0/broker1/bin/../libs/jackson-jaxrs-json-provider-2.10.5.jar:/usr/local/swissbib/current.kafka.2.7.0/broker1/bin/../libs/jackson-module-jaxb-annotations-2.10.5.jar:/usr/local/swissbib/current.kafka.2.7.0/broker1/bin/../libs/jackson-module-paranamer-2.10.5.jar:/usr/local/swissbib/current.kafka.2.7.0/broker1/bin/../libs/jackson-module-scala_2.13-2.10.5.jar:/usr/local/swissbib/current.kafka.2.7.0/broker1/bin/../libs/jakarta.activation-api-1.2.1.jar:/usr/local/swissbib/current.kafka.2.7.0/broker1/bin/../libs/jakarta.annotation-api-1.3.5.jar:/usr/local/swissbib/current.kafka.2.7.0/broker1/bin/../libs/jakarta.inject-2.6.1.jar:/usr/local/swissbib/current.kafka.2.7.0/broker1/bin/../libs/jakarta.validation-api-2.0.2.jar:/usr/local/swissbib/current.kafka.2.7.0/broker1/bin/../libs/jakarta.ws.rs-api-2.1.6.jar:/usr/local/swissbib/current.kafka.2.7.0/broker1/bin/../libs/jakarta.xml.bind-api-2.3.2.jar:/usr/local/swissbib/current.kafka.2.7.0/broker1/bin/../libs/javassist-3.25.0-GA.jar:/usr/local/swissbib/current.kafka.2.7.0/broker1/bin/../libs/javassist-3.26.0-GA.jar:/usr/local/swissbib/current.kafka.2.7.0/broker1/bin/../libs/javax.servlet-api-3.1.0.jar:/usr/local/swissbib/current.kafka.2.7.0/broker1/bin/../libs/javax.ws.rs-api-2.1.1.jar:/usr/local/swissbib/current.kafka.2.7.0/broker1/bin/../libs/jaxb-api-2.3.0.jar:/usr/local/swissbib/current.kafka.2.7.0/broker1/bin/../libs/jersey-client-2.31.jar:/usr/local/swissbib/current.kafka.2.7.0/broker1/bin/../libs/jersey-common-2.31.jar:/usr/local/swissbib/current.kafka.2.7.0/broker1/bin/../libs/jersey-container-servlet-2.31.jar:/usr/local/swissbib/current.kafka.2.7.0/broker1/bin/../libs/jersey-container-servlet-core-2.31.jar:/usr/local/swissbib/current.kafka.2.7.0/broker1/bin/../libs/jersey-hk2-2.31.jar:/usr/local/swissbib/current.kafka.2.7.0/broker1/bin/../libs/jersey-media-jaxb-2.31.jar:/usr/local/swissbib/current.kafka.2.7.0/broker1/bin/../libs/jersey-server-2.31.jar:/usr/local/swissbib/current.kafka.2.7.0/broker1/bin/../libs/jetty-client-9.4.33.v20201020.jar:/usr/local/swissbib/current.kafka.2.7.0/broker1/bin/../libs/jetty-continuation-9.4.33.v20201020.jar:/usr/local/swissbib/current.kafka.2.7.0/broker1/bin/../libs/jetty-http-9.4.33.v20201020.jar:/usr/local/swissbib/current.kafka.2.7.0/broker1/bin/../libs/jetty-io-9.4.33.v20201020.jar:/usr/local/swissbib/current.kafka.2.7.0/broker1/bin/../libs/jetty-security-9.4.33.v20201020.jar:/usr/local/swissbib/current.kafka.2.7.0/broker1/bin/../libs/jetty-server-9.4.33.v20201020.jar:/usr/local/swissbib/current.kafka.2.7.0/broker1/bin/../libs/jetty-servlet-9.4.33.v20201020.jar:/usr/local/swissbib/current.kafka.2.7.0/broker1/bin/../libs/jetty-servlets-9.4.33.v20201020.jar:/usr/local/swissbib/current.kafka.2.7.0/broker1/bin/../libs/jetty-util-9.4.33.v20201020.jar:/usr/local/swissbib/current.kafka.2.7.0/broker1/bin/../libs/jopt-simple-5.0.4.jar:/usr/local/swissbib/current.kafka.2.7.0/broker1/bin/../libs/kafka_2.13-2.7.0.jar:/usr/local/swissbib/current.kafka.2.7.0/broker1/bin/../libs/kafka_2.13-2.7.0-sources.jar:/usr/local/swissbib/current.kafka.2.7.0/broker1/bin/../libs/kafka-clients-2.7.0.jar:/usr/local/swissbib/current.kafka.2.7.0/broker1/bin/../libs/kafka-log4j-appender-2.7.0.jar:/usr/local/swissbib/current.kafka.2.7.0/broker1/bin/../libs/kafka-raft-2.7.0.jar:/usr/local/swissbib/current.kafka.2.7.0/broker1/bin/../libs/kafka-streams-2.7.0.jar:/usr/local/swissbib/current.kafka.2.7.0/broker1/bin/../libs/kafka-streams-examples-2.7.0.jar:/usr/local/swissbib/current.kafka.2.7.0/broker1/bin/../libs/kafka-streams-scala_2.13-2.7.0.jar:/usr/local/swissbib/current.kafka.2.7.0/broker1/bin/../libs/kafka-streams-test-utils-2.7.0.jar:/usr/local/swissbib/current.kafka.2.7.0/broker1/bin/../libs/kafka-tools-2.7.0.jar:/usr/local/swissbib/current.kafka.2.7.0/broker1/bin/../libs/log4j-1.2.17.jar:/usr/local/swissbib/current.kafka.2.7.0/broker1/bin/../libs/lz4-java-1.7.1.jar:/usr/local/swissbib/current.kafka.2.7.0/broker1/bin/../libs/maven-artifact-3.6.3.jar:/usr/local/swissbib/current.kafka.2.7.0/broker1/bin/../libs/metrics-core-2.2.0.jar:/usr/local/swissbib/current.kafka.2.7.0/broker1/bin/../libs/netty-buffer-4.1.51.Final.jar:/usr/local/swissbib/current.kafka.2.7.0/broker1/bin/../libs/netty-codec-4.1.51.Final.jar:/usr/local/swissbib/current.kafka.2.7.0/broker1/bin/../libs/netty-common-4.1.51.Final.jar:/usr/local/swissbib/current.kafka.2.7.0/broker1/bin/../libs/netty-handler-4.1.51.Final.jar:/usr/local/swissbib/current.kafka.2.7.0/broker1/bin/../libs/netty-resolver-4.1.51.Final.jar:/usr/local/swissbib/current.kafka.2.7.0/broker1/bin/../libs/netty-transport-4.1.51.Final.jar:/usr/local/swissbib/current.kafka.2.7.0/broker1/bin/../libs/netty-transport-native-epoll-4.1.51.Final.jar:/usr/local/swissbib/current.kafka.2.7.0/broker1/bin/../libs/netty-transport-native-unix-common-4.1.51.Final.jar:/usr/local/swissbib/current.kafka.2.7.0/broker1/bin/../libs/osgi-resource-locator-1.0.3.jar:/usr/local/swissbib/current.kafka.2.7.0/broker1/bin/../libs/paranamer-2.8.jar:/usr/local/swissbib/current.kafka.2.7.0/broker1/bin/../libs/plexus-utils-3.2.1.jar:/usr/local/swissbib/current.kafka.2.7.0/broker1/bin/../libs/reflections-0.9.12.jar:/usr/local/swissbib/current.kafka.2.7.0/broker1/bin/../libs/rocksdbjni-5.18.4.jar:/usr/local/swissbib/current.kafka.2.7.0/broker1/bin/../libs/scala-collection-compat_2.13-2.2.0.jar:/usr/local/swissbib/current.kafka.2.7.0/broker1/bin/../libs/scala-java8-compat_2.13-0.9.1.jar:/usr/local/swissbib/current.kafka.2.7.0/broker1/bin/../libs/scala-library-2.13.3.jar:/usr/local/swissbib/current.kafka.2.7.0/broker1/bin/../libs/scala-logging_2.13-3.9.2.jar:/usr/local/swissbib/current.kafka.2.7.0/broker1/bin/../libs/scala-reflect-2.13.3.jar:/usr/local/swissbib/current.kafka.2.7.0/broker1/bin/../libs/slf4j-api-1.7.30.jar:/usr/local/swissbib/current.kafka.2.7.0/broker1/bin/../libs/slf4j-log4j12-1.7.30.jar:/usr/local/swissbib/current.kafka.2.7.0/broker1/bin/../libs/snappy-java-1.1.7.7.jar:/usr/local/swissbib/current.kafka.2.7.0/broker1/bin/../libs/zookeeper-3.5.8.jar:/usr/local/swissbib/current.kafka.2.7.0/broker1/bin/../libs/zookeeper-jute-3.5.8.jar:/usr/local/swissbib/current.kafka.2.7.0/broker1/bin/../libs/zstd-jni-1.4.5-6.jar (org.apache.zookeeper.ZooKeeper)
[2021-01-10 14:19:28,132] INFO Client environment:java.library.path=/usr/java/packages/lib:/usr/lib64:/lib64:/lib:/usr/lib (org.apache.zookeeper.ZooKeeper)
[2021-01-10 14:19:28,132] INFO Client environment:java.io.tmpdir=/tmp (org.apache.zookeeper.ZooKeeper)
[2021-01-10 14:19:28,133] INFO Client environment:java.compiler=<NA> (org.apache.zookeeper.ZooKeeper)
[2021-01-10 14:19:28,133] INFO Client environment:os.name=Linux (org.apache.zookeeper.ZooKeeper)
[2021-01-10 14:19:28,133] INFO Client environment:os.arch=amd64 (org.apache.zookeeper.ZooKeeper)
[2021-01-10 14:19:28,133] INFO Client environment:os.version=4.15.0-129-generic (org.apache.zookeeper.ZooKeeper)
[2021-01-10 14:19:28,133] INFO Client environment:user.name=swissbib (org.apache.zookeeper.ZooKeeper)
[2021-01-10 14:19:28,133] INFO Client environment:user.home=/home/swissbib (org.apache.zookeeper.ZooKeeper)
[2021-01-10 14:19:28,133] INFO Client environment:user.dir=/usr/local/swissbib/current.kafka.2.7.0/broker1 (org.apache.zookeeper.ZooKeeper)
[2021-01-10 14:19:28,133] INFO Client environment:os.memory.free=1012MB (org.apache.zookeeper.ZooKeeper)
[2021-01-10 14:19:28,133] INFO Client environment:os.memory.max=1024MB (org.apache.zookeeper.ZooKeeper)
[2021-01-10 14:19:28,133] INFO Client environment:os.memory.total=1024MB (org.apache.zookeeper.ZooKeeper)
[2021-01-10 14:19:28,135] INFO Initiating client connection, connectString=localhost:14181 sessionTimeout=18000 watcher=kafka.zookeeper.ZooKeeperClient$ZooKeeperClientWatcher$@79c7532f (org.apache.zookeeper.ZooKeeper)
[2021-01-10 14:19:28,139] INFO jute.maxbuffer value is 4194304 Bytes (org.apache.zookeeper.ClientCnxnSocket)
[2021-01-10 14:19:28,145] INFO zookeeper.request.timeout value is 0. feature enabled= (org.apache.zookeeper.ClientCnxn)
[2021-01-10 14:19:28,149] INFO [ZooKeeperClient Kafka server] Waiting until connected. (kafka.zookeeper.ZooKeeperClient)
[2021-01-10 14:19:28,152] INFO Opening socket connection to server localhost/127.0.0.1:14181. Will not attempt to authenticate using SASL (unknown error) (org.apache.zookeeper.ClientCnxn)
[2021-01-10 14:19:28,156] INFO Socket connection established, initiating session, client: /127.0.0.1:48968, server: localhost/127.0.0.1:14181 (org.apache.zookeeper.ClientCnxn)
[2021-01-10 14:19:28,171] INFO Session establishment complete on server localhost/127.0.0.1:14181, sessionid = 0x10000bbae970000, negotiated timeout = 18000 (org.apache.zookeeper.ClientCnxn)
[2021-01-10 14:19:28,174] INFO [ZooKeeperClient Kafka server] Connected. (kafka.zookeeper.ZooKeeperClient)
[2021-01-10 14:19:28,292] INFO [feature-zk-node-event-process-thread]: Starting (kafka.server.FinalizedFeatureChangeListener$ChangeNotificationProcessorThread)
[2021-01-10 14:19:28,488] INFO Updated cache from existing <empty> to latest FinalizedFeaturesAndEpoch(features=Features{}, epoch=0). (kafka.server.FinalizedFeatureCache)
[2021-01-10 14:19:28,491] INFO Cluster ID = d2jGiucjQEKK79xKXPf7uA (kafka.server.KafkaServer)
[2021-01-10 14:19:28,554] INFO KafkaConfig values: 
	advertised.host.name = null
	advertised.listeners = null
	advertised.port = null
	alter.config.policy.class.name = null
	alter.log.dirs.replication.quota.window.num = 11
	alter.log.dirs.replication.quota.window.size.seconds = 1
	authorizer.class.name = 
	auto.create.topics.enable = true
	auto.leader.rebalance.enable = true
	background.threads = 10
	broker.id = 1
	broker.id.generation.enable = true
	broker.rack = null
	client.quota.callback.class = null
	compression.type = producer
	connection.failed.authentication.delay.ms = 100
	connections.max.idle.ms = 600000
	connections.max.reauth.ms = 0
	control.plane.listener.name = null
	controlled.shutdown.enable = true
	controlled.shutdown.max.retries = 3
	controlled.shutdown.retry.backoff.ms = 5000
	controller.quota.window.num = 11
	controller.quota.window.size.seconds = 1
	controller.socket.timeout.ms = 30000
	create.topic.policy.class.name = null
	default.replication.factor = 1
	delegation.token.expiry.check.interval.ms = 3600000
	delegation.token.expiry.time.ms = 86400000
	delegation.token.master.key = null
	delegation.token.max.lifetime.ms = 604800000
	delete.records.purgatory.purge.interval.requests = 1
	delete.topic.enable = true
	fetch.max.bytes = 57671680
	fetch.purgatory.purge.interval.requests = 1000
	group.initial.rebalance.delay.ms = 0
	group.max.session.timeout.ms = 1800000
	group.max.size = 2147483647
	group.min.session.timeout.ms = 6000
	host.name = 
	inter.broker.listener.name = null
	inter.broker.protocol.version = 2.7-IV2
	kafka.metrics.polling.interval.secs = 10
	kafka.metrics.reporters = []
	leader.imbalance.check.interval.seconds = 300
	leader.imbalance.per.broker.percentage = 10
	listener.security.protocol.map = PLAINTEXT:PLAINTEXT,SSL:SSL,SASL_PLAINTEXT:SASL_PLAINTEXT,SASL_SSL:SASL_SSL
	listeners = PLAINTEXT://:9092
	log.cleaner.backoff.ms = 15000
	log.cleaner.dedupe.buffer.size = 134217728
	log.cleaner.delete.retention.ms = 86400000
	log.cleaner.enable = true
	log.cleaner.io.buffer.load.factor = 0.9
	log.cleaner.io.buffer.size = 524288
	log.cleaner.io.max.bytes.per.second = 1.7976931348623157E308
	log.cleaner.max.compaction.lag.ms = 9223372036854775807
	log.cleaner.min.cleanable.ratio = 0.5
	log.cleaner.min.compaction.lag.ms = 0
	log.cleaner.threads = 1
	log.cleanup.policy = [delete]
	log.dir = /tmp/kafka-logs
	log.dirs = ../kafkalog/broker1
	log.flush.interval.messages = 9223372036854775807
	log.flush.interval.ms = null
	log.flush.offset.checkpoint.interval.ms = 60000
	log.flush.scheduler.interval.ms = 9223372036854775807
	log.flush.start.offset.checkpoint.interval.ms = 60000
	log.index.interval.bytes = 4096
	log.index.size.max.bytes = 10485760
	log.message.downconversion.enable = true
	log.message.format.version = 2.7-IV2
	log.message.timestamp.difference.max.ms = 9223372036854775807
	log.message.timestamp.type = CreateTime
	log.preallocate = false
	log.retention.bytes = -1
	log.retention.check.interval.ms = 300000
	log.retention.hours = 168
	log.retention.minutes = null
	log.retention.ms = null
	log.roll.hours = 168
	log.roll.jitter.hours = 0
	log.roll.jitter.ms = null
	log.roll.ms = null
	log.segment.bytes = 1073741824
	log.segment.delete.delay.ms = 60000
	max.connection.creation.rate = 2147483647
	max.connections = 2147483647
	max.connections.per.ip = 2147483647
	max.connections.per.ip.overrides = 
	max.incremental.fetch.session.cache.slots = 1000
	message.max.bytes = 1048588
	metric.reporters = []
	metrics.num.samples = 2
	metrics.recording.level = INFO
	metrics.sample.window.ms = 30000
	min.insync.replicas = 1
	num.io.threads = 8
	num.network.threads = 3
	num.partitions = 1
	num.recovery.threads.per.data.dir = 1
	num.replica.alter.log.dirs.threads = null
	num.replica.fetchers = 1
	offset.metadata.max.bytes = 4096
	offsets.commit.required.acks = -1
	offsets.commit.timeout.ms = 5000
	offsets.load.buffer.size = 5242880
	offsets.retention.check.interval.ms = 600000
	offsets.retention.minutes = 10080
	offsets.topic.compression.codec = 0
	offsets.topic.num.partitions = 50
	offsets.topic.replication.factor = 1
	offsets.topic.segment.bytes = 104857600
	password.encoder.cipher.algorithm = AES/CBC/PKCS5Padding
	password.encoder.iterations = 4096
	password.encoder.key.length = 128
	password.encoder.keyfactory.algorithm = null
	password.encoder.old.secret = null
	password.encoder.secret = null
	port = 9092
	principal.builder.class = null
	producer.purgatory.purge.interval.requests = 1000
	queued.max.request.bytes = -1
	queued.max.requests = 500
	quota.consumer.default = 9223372036854775807
	quota.producer.default = 9223372036854775807
	quota.window.num = 11
	quota.window.size.seconds = 1
	replica.fetch.backoff.ms = 1000
	replica.fetch.max.bytes = 1048576
	replica.fetch.min.bytes = 1
	replica.fetch.response.max.bytes = 10485760
	replica.fetch.wait.max.ms = 500
	replica.high.watermark.checkpoint.interval.ms = 5000
	replica.lag.time.max.ms = 30000
	replica.selector.class = null
	replica.socket.receive.buffer.bytes = 65536
	replica.socket.timeout.ms = 30000
	replication.quota.window.num = 11
	replication.quota.window.size.seconds = 1
	request.timeout.ms = 30000
	reserved.broker.max.id = 1000
	sasl.client.callback.handler.class = null
	sasl.enabled.mechanisms = [GSSAPI]
	sasl.jaas.config = null
	sasl.kerberos.kinit.cmd = /usr/bin/kinit
	sasl.kerberos.min.time.before.relogin = 60000
	sasl.kerberos.principal.to.local.rules = [DEFAULT]
	sasl.kerberos.service.name = null
	sasl.kerberos.ticket.renew.jitter = 0.05
	sasl.kerberos.ticket.renew.window.factor = 0.8
	sasl.login.callback.handler.class = null
	sasl.login.class = null
	sasl.login.refresh.buffer.seconds = 300
	sasl.login.refresh.min.period.seconds = 60
	sasl.login.refresh.window.factor = 0.8
	sasl.login.refresh.window.jitter = 0.05
	sasl.mechanism.inter.broker.protocol = GSSAPI
	sasl.server.callback.handler.class = null
	security.inter.broker.protocol = PLAINTEXT
	security.providers = null
	socket.connection.setup.timeout.max.ms = 127000
	socket.connection.setup.timeout.ms = 10000
	socket.receive.buffer.bytes = 102400
	socket.request.max.bytes = 104857600
	socket.send.buffer.bytes = 102400
	ssl.cipher.suites = []
	ssl.client.auth = none
	ssl.enabled.protocols = [TLSv1.2, TLSv1.3]
	ssl.endpoint.identification.algorithm = https
	ssl.engine.factory.class = null
	ssl.key.password = null
	ssl.keymanager.algorithm = SunX509
	ssl.keystore.certificate.chain = null
	ssl.keystore.key = null
	ssl.keystore.location = null
	ssl.keystore.password = null
	ssl.keystore.type = JKS
	ssl.principal.mapping.rules = DEFAULT
	ssl.protocol = TLSv1.3
	ssl.provider = null
	ssl.secure.random.implementation = null
	ssl.trustmanager.algorithm = PKIX
	ssl.truststore.certificates = null
	ssl.truststore.location = null
	ssl.truststore.password = null
	ssl.truststore.type = JKS
	transaction.abort.timed.out.transaction.cleanup.interval.ms = 10000
	transaction.max.timeout.ms = 900000
	transaction.remove.expired.transaction.cleanup.interval.ms = 3600000
	transaction.state.log.load.buffer.size = 5242880
	transaction.state.log.min.isr = 1
	transaction.state.log.num.partitions = 50
	transaction.state.log.replication.factor = 1
	transaction.state.log.segment.bytes = 104857600
	transactional.id.expiration.ms = 604800000
	unclean.leader.election.enable = false
	zookeeper.clientCnxnSocket = null
	zookeeper.connect = localhost:14181
	zookeeper.connection.timeout.ms = 18000
	zookeeper.max.in.flight.requests = 10
	zookeeper.session.timeout.ms = 18000
	zookeeper.set.acl = false
	zookeeper.ssl.cipher.suites = null
	zookeeper.ssl.client.enable = false
	zookeeper.ssl.crl.enable = false
	zookeeper.ssl.enabled.protocols = null
	zookeeper.ssl.endpoint.identification.algorithm = HTTPS
	zookeeper.ssl.keystore.location = null
	zookeeper.ssl.keystore.password = null
	zookeeper.ssl.keystore.type = null
	zookeeper.ssl.ocsp.enable = false
	zookeeper.ssl.protocol = TLSv1.2
	zookeeper.ssl.truststore.location = null
	zookeeper.ssl.truststore.password = null
	zookeeper.ssl.truststore.type = null
	zookeeper.sync.time.ms = 2000
 (kafka.server.KafkaConfig)
[2021-01-10 14:19:28,564] INFO KafkaConfig values: 
	advertised.host.name = null
	advertised.listeners = null
	advertised.port = null
	alter.config.policy.class.name = null
	alter.log.dirs.replication.quota.window.num = 11
	alter.log.dirs.replication.quota.window.size.seconds = 1
	authorizer.class.name = 
	auto.create.topics.enable = true
	auto.leader.rebalance.enable = true
	background.threads = 10
	broker.id = 1
	broker.id.generation.enable = true
	broker.rack = null
	client.quota.callback.class = null
	compression.type = producer
	connection.failed.authentication.delay.ms = 100
	connections.max.idle.ms = 600000
	connections.max.reauth.ms = 0
	control.plane.listener.name = null
	controlled.shutdown.enable = true
	controlled.shutdown.max.retries = 3
	controlled.shutdown.retry.backoff.ms = 5000
	controller.quota.window.num = 11
	controller.quota.window.size.seconds = 1
	controller.socket.timeout.ms = 30000
	create.topic.policy.class.name = null
	default.replication.factor = 1
	delegation.token.expiry.check.interval.ms = 3600000
	delegation.token.expiry.time.ms = 86400000
	delegation.token.master.key = null
	delegation.token.max.lifetime.ms = 604800000
	delete.records.purgatory.purge.interval.requests = 1
	delete.topic.enable = true
	fetch.max.bytes = 57671680
	fetch.purgatory.purge.interval.requests = 1000
	group.initial.rebalance.delay.ms = 0
	group.max.session.timeout.ms = 1800000
	group.max.size = 2147483647
	group.min.session.timeout.ms = 6000
	host.name = 
	inter.broker.listener.name = null
	inter.broker.protocol.version = 2.7-IV2
	kafka.metrics.polling.interval.secs = 10
	kafka.metrics.reporters = []
	leader.imbalance.check.interval.seconds = 300
	leader.imbalance.per.broker.percentage = 10
	listener.security.protocol.map = PLAINTEXT:PLAINTEXT,SSL:SSL,SASL_PLAINTEXT:SASL_PLAINTEXT,SASL_SSL:SASL_SSL
	listeners = PLAINTEXT://:9092
	log.cleaner.backoff.ms = 15000
	log.cleaner.dedupe.buffer.size = 134217728
	log.cleaner.delete.retention.ms = 86400000
	log.cleaner.enable = true
	log.cleaner.io.buffer.load.factor = 0.9
	log.cleaner.io.buffer.size = 524288
	log.cleaner.io.max.bytes.per.second = 1.7976931348623157E308
	log.cleaner.max.compaction.lag.ms = 9223372036854775807
	log.cleaner.min.cleanable.ratio = 0.5
	log.cleaner.min.compaction.lag.ms = 0
	log.cleaner.threads = 1
	log.cleanup.policy = [delete]
	log.dir = /tmp/kafka-logs
	log.dirs = ../kafkalog/broker1
	log.flush.interval.messages = 9223372036854775807
	log.flush.interval.ms = null
	log.flush.offset.checkpoint.interval.ms = 60000
	log.flush.scheduler.interval.ms = 9223372036854775807
	log.flush.start.offset.checkpoint.interval.ms = 60000
	log.index.interval.bytes = 4096
	log.index.size.max.bytes = 10485760
	log.message.downconversion.enable = true
	log.message.format.version = 2.7-IV2
	log.message.timestamp.difference.max.ms = 9223372036854775807
	log.message.timestamp.type = CreateTime
	log.preallocate = false
	log.retention.bytes = -1
	log.retention.check.interval.ms = 300000
	log.retention.hours = 168
	log.retention.minutes = null
	log.retention.ms = null
	log.roll.hours = 168
	log.roll.jitter.hours = 0
	log.roll.jitter.ms = null
	log.roll.ms = null
	log.segment.bytes = 1073741824
	log.segment.delete.delay.ms = 60000
	max.connection.creation.rate = 2147483647
	max.connections = 2147483647
	max.connections.per.ip = 2147483647
	max.connections.per.ip.overrides = 
	max.incremental.fetch.session.cache.slots = 1000
	message.max.bytes = 1048588
	metric.reporters = []
	metrics.num.samples = 2
	metrics.recording.level = INFO
	metrics.sample.window.ms = 30000
	min.insync.replicas = 1
	num.io.threads = 8
	num.network.threads = 3
	num.partitions = 1
	num.recovery.threads.per.data.dir = 1
	num.replica.alter.log.dirs.threads = null
	num.replica.fetchers = 1
	offset.metadata.max.bytes = 4096
	offsets.commit.required.acks = -1
	offsets.commit.timeout.ms = 5000
	offsets.load.buffer.size = 5242880
	offsets.retention.check.interval.ms = 600000
	offsets.retention.minutes = 10080
	offsets.topic.compression.codec = 0
	offsets.topic.num.partitions = 50
	offsets.topic.replication.factor = 1
	offsets.topic.segment.bytes = 104857600
	password.encoder.cipher.algorithm = AES/CBC/PKCS5Padding
	password.encoder.iterations = 4096
	password.encoder.key.length = 128
	password.encoder.keyfactory.algorithm = null
	password.encoder.old.secret = null
	password.encoder.secret = null
	port = 9092
	principal.builder.class = null
	producer.purgatory.purge.interval.requests = 1000
	queued.max.request.bytes = -1
	queued.max.requests = 500
	quota.consumer.default = 9223372036854775807
	quota.producer.default = 9223372036854775807
	quota.window.num = 11
	quota.window.size.seconds = 1
	replica.fetch.backoff.ms = 1000
	replica.fetch.max.bytes = 1048576
	replica.fetch.min.bytes = 1
	replica.fetch.response.max.bytes = 10485760
	replica.fetch.wait.max.ms = 500
	replica.high.watermark.checkpoint.interval.ms = 5000
	replica.lag.time.max.ms = 30000
	replica.selector.class = null
	replica.socket.receive.buffer.bytes = 65536
	replica.socket.timeout.ms = 30000
	replication.quota.window.num = 11
	replication.quota.window.size.seconds = 1
	request.timeout.ms = 30000
	reserved.broker.max.id = 1000
	sasl.client.callback.handler.class = null
	sasl.enabled.mechanisms = [GSSAPI]
	sasl.jaas.config = null
	sasl.kerberos.kinit.cmd = /usr/bin/kinit
	sasl.kerberos.min.time.before.relogin = 60000
	sasl.kerberos.principal.to.local.rules = [DEFAULT]
	sasl.kerberos.service.name = null
	sasl.kerberos.ticket.renew.jitter = 0.05
	sasl.kerberos.ticket.renew.window.factor = 0.8
	sasl.login.callback.handler.class = null
	sasl.login.class = null
	sasl.login.refresh.buffer.seconds = 300
	sasl.login.refresh.min.period.seconds = 60
	sasl.login.refresh.window.factor = 0.8
	sasl.login.refresh.window.jitter = 0.05
	sasl.mechanism.inter.broker.protocol = GSSAPI
	sasl.server.callback.handler.class = null
	security.inter.broker.protocol = PLAINTEXT
	security.providers = null
	socket.connection.setup.timeout.max.ms = 127000
	socket.connection.setup.timeout.ms = 10000
	socket.receive.buffer.bytes = 102400
	socket.request.max.bytes = 104857600
	socket.send.buffer.bytes = 102400
	ssl.cipher.suites = []
	ssl.client.auth = none
	ssl.enabled.protocols = [TLSv1.2, TLSv1.3]
	ssl.endpoint.identification.algorithm = https
	ssl.engine.factory.class = null
	ssl.key.password = null
	ssl.keymanager.algorithm = SunX509
	ssl.keystore.certificate.chain = null
	ssl.keystore.key = null
	ssl.keystore.location = null
	ssl.keystore.password = null
	ssl.keystore.type = JKS
	ssl.principal.mapping.rules = DEFAULT
	ssl.protocol = TLSv1.3
	ssl.provider = null
	ssl.secure.random.implementation = null
	ssl.trustmanager.algorithm = PKIX
	ssl.truststore.certificates = null
	ssl.truststore.location = null
	ssl.truststore.password = null
	ssl.truststore.type = JKS
	transaction.abort.timed.out.transaction.cleanup.interval.ms = 10000
	transaction.max.timeout.ms = 900000
	transaction.remove.expired.transaction.cleanup.interval.ms = 3600000
	transaction.state.log.load.buffer.size = 5242880
	transaction.state.log.min.isr = 1
	transaction.state.log.num.partitions = 50
	transaction.state.log.replication.factor = 1
	transaction.state.log.segment.bytes = 104857600
	transactional.id.expiration.ms = 604800000
	unclean.leader.election.enable = false
	zookeeper.clientCnxnSocket = null
	zookeeper.connect = localhost:14181
	zookeeper.connection.timeout.ms = 18000
	zookeeper.max.in.flight.requests = 10
	zookeeper.session.timeout.ms = 18000
	zookeeper.set.acl = false
	zookeeper.ssl.cipher.suites = null
	zookeeper.ssl.client.enable = false
	zookeeper.ssl.crl.enable = false
	zookeeper.ssl.enabled.protocols = null
	zookeeper.ssl.endpoint.identification.algorithm = HTTPS
	zookeeper.ssl.keystore.location = null
	zookeeper.ssl.keystore.password = null
	zookeeper.ssl.keystore.type = null
	zookeeper.ssl.ocsp.enable = false
	zookeeper.ssl.protocol = TLSv1.2
	zookeeper.ssl.truststore.location = null
	zookeeper.ssl.truststore.password = null
	zookeeper.ssl.truststore.type = null
	zookeeper.sync.time.ms = 2000
 (kafka.server.KafkaConfig)
[2021-01-10 14:19:28,597] INFO [ThrottledChannelReaper-Fetch]: Starting (kafka.server.ClientQuotaManager$ThrottledChannelReaper)
[2021-01-10 14:19:28,597] INFO [ThrottledChannelReaper-Produce]: Starting (kafka.server.ClientQuotaManager$ThrottledChannelReaper)
[2021-01-10 14:19:28,598] INFO [ThrottledChannelReaper-Request]: Starting (kafka.server.ClientQuotaManager$ThrottledChannelReaper)
[2021-01-10 14:19:28,600] INFO [ThrottledChannelReaper-ControllerMutation]: Starting (kafka.server.ClientQuotaManager$ThrottledChannelReaper)
[2021-01-10 14:19:28,636] INFO Loading logs from log dirs ArraySeq(/usr/local/swissbib/current.kafka.2.7.0/broker1/../kafkalog/broker1) (kafka.log.LogManager)
[2021-01-10 14:19:28,639] INFO Skipping recovery for all logs in /usr/local/swissbib/current.kafka.2.7.0/broker1/../kafkalog/broker1 since clean shutdown file was found (kafka.log.LogManager)
[2021-01-10 14:19:28,697] INFO [Log partition=swisscollections-rawdata-0, dir=/usr/local/swissbib/current.kafka.2.7.0/broker1/../kafkalog/broker1] Loading producer state till offset 0 with message format version 2 (kafka.log.Log)
[2021-01-10 14:19:28,717] INFO Completed load of Log(dir=/usr/local/swissbib/current.kafka.2.7.0/broker1/../kafkalog/broker1/swisscollections-rawdata-0, topic=swisscollections-rawdata, partition=0, highWatermark=0, lastStableOffset=0, logStartOffset=0, logEndOffset=0) with 1 segments in 72ms (1/2 loaded in /usr/local/swissbib/current.kafka.2.7.0/broker1/../kafkalog/broker1) (kafka.log.LogManager)
[2021-01-10 14:19:28,721] INFO [Log partition=swisscollections-rawdata-2, dir=/usr/local/swissbib/current.kafka.2.7.0/broker1/../kafkalog/broker1] Loading producer state till offset 0 with message format version 2 (kafka.log.Log)
[2021-01-10 14:19:28,725] INFO Completed load of Log(dir=/usr/local/swissbib/current.kafka.2.7.0/broker1/../kafkalog/broker1/swisscollections-rawdata-2, topic=swisscollections-rawdata, partition=2, highWatermark=0, lastStableOffset=0, logStartOffset=0, logEndOffset=0) with 1 segments in 7ms (2/2 loaded in /usr/local/swissbib/current.kafka.2.7.0/broker1/../kafkalog/broker1) (kafka.log.LogManager)
[2021-01-10 14:19:28,726] INFO Loaded 2 logs in 90ms. (kafka.log.LogManager)
[2021-01-10 14:19:28,739] INFO Starting log cleanup with a period of 300000 ms. (kafka.log.LogManager)
[2021-01-10 14:19:28,742] INFO Starting log flusher with a default period of 9223372036854775807 ms. (kafka.log.LogManager)
[2021-01-10 14:19:29,209] INFO Created ConnectionAcceptRate sensor, quotaLimit=2147483647 (kafka.network.ConnectionQuotas)
[2021-01-10 14:19:29,213] INFO Created ConnectionAcceptRate-PLAINTEXT sensor, quotaLimit=2147483647 (kafka.network.ConnectionQuotas)
[2021-01-10 14:19:29,216] INFO Updated PLAINTEXT max connection creation rate to 2147483647 (kafka.network.ConnectionQuotas)
[2021-01-10 14:19:29,221] INFO Awaiting socket connections on 0.0.0.0:9092. (kafka.network.Acceptor)
[2021-01-10 14:19:29,267] INFO [SocketServer brokerId=1] Created data-plane acceptor and processors for endpoint : ListenerName(PLAINTEXT) (kafka.network.SocketServer)
[2021-01-10 14:19:29,304] INFO [ExpirationReaper-1-Produce]: Starting (kafka.server.DelayedOperationPurgatory$ExpiredOperationReaper)
[2021-01-10 14:19:29,305] INFO [ExpirationReaper-1-Fetch]: Starting (kafka.server.DelayedOperationPurgatory$ExpiredOperationReaper)
[2021-01-10 14:19:29,306] INFO [ExpirationReaper-1-DeleteRecords]: Starting (kafka.server.DelayedOperationPurgatory$ExpiredOperationReaper)
[2021-01-10 14:19:29,307] INFO [ExpirationReaper-1-ElectLeader]: Starting (kafka.server.DelayedOperationPurgatory$ExpiredOperationReaper)
[2021-01-10 14:19:29,334] INFO [LogDirFailureHandler]: Starting (kafka.server.ReplicaManager$LogDirFailureHandler)
[2021-01-10 14:19:29,334] INFO [broker-1-to-controller-send-thread]: Starting (kafka.server.BrokerToControllerRequestThread)
[2021-01-10 14:19:29,405] INFO Creating /brokers/ids/1 (is it secure? false) (kafka.zk.KafkaZkClient)
[2021-01-10 14:19:29,428] INFO Stat of the created znode at /brokers/ids/1 is: 439,439,1610284769420,1610284769420,1,0,0,72058400125943808,196,0,439
 (kafka.zk.KafkaZkClient)
[2021-01-10 14:19:29,429] INFO Registered broker 1 at path /brokers/ids/1 with addresses: PLAINTEXT://ubuntu:9092, czxid (broker epoch): 439 (kafka.zk.KafkaZkClient)
[2021-01-10 14:19:29,514] INFO [ExpirationReaper-1-topic]: Starting (kafka.server.DelayedOperationPurgatory$ExpiredOperationReaper)
[2021-01-10 14:19:29,538] INFO [ExpirationReaper-1-Heartbeat]: Starting (kafka.server.DelayedOperationPurgatory$ExpiredOperationReaper)
[2021-01-10 14:19:29,540] INFO [ExpirationReaper-1-Rebalance]: Starting (kafka.server.DelayedOperationPurgatory$ExpiredOperationReaper)
[2021-01-10 14:19:29,558] INFO [GroupCoordinator 1]: Starting up. (kafka.coordinator.group.GroupCoordinator)
[2021-01-10 14:19:29,560] INFO [GroupCoordinator 1]: Startup complete. (kafka.coordinator.group.GroupCoordinator)
[2021-01-10 14:19:29,581] INFO [ProducerId Manager 1]: Acquired new producerId block (brokerId:1,blockStartProducerId:12000,blockEndProducerId:12999) by writing to Zk with path version 13 (kafka.coordinator.transaction.ProducerIdManager)
[2021-01-10 14:19:29,610] INFO [TransactionCoordinator id=1] Starting up. (kafka.coordinator.transaction.TransactionCoordinator)
[2021-01-10 14:19:29,645] INFO [TransactionCoordinator id=1] Startup complete. (kafka.coordinator.transaction.TransactionCoordinator)
[2021-01-10 14:19:29,657] INFO [Transaction Marker Channel Manager 1]: Starting (kafka.coordinator.transaction.TransactionMarkerChannelManager)
[2021-01-10 14:19:29,694] INFO [ExpirationReaper-1-AlterAcls]: Starting (kafka.server.DelayedOperationPurgatory$ExpiredOperationReaper)
[2021-01-10 14:19:29,781] INFO [/config/changes-event-process-thread]: Starting (kafka.common.ZkNodeChangeNotificationListener$ChangeEventProcessThread)
[2021-01-10 14:19:29,800] INFO [SocketServer brokerId=1] Starting socket server acceptors and processors (kafka.network.SocketServer)
[2021-01-10 14:19:29,835] INFO [SocketServer brokerId=1] Started data-plane acceptor and processor(s) for endpoint : ListenerName(PLAINTEXT) (kafka.network.SocketServer)
[2021-01-10 14:19:29,836] INFO [SocketServer brokerId=1] Started socket server acceptors and processors (kafka.network.SocketServer)
[2021-01-10 14:19:29,842] INFO Kafka version: 2.7.0 (org.apache.kafka.common.utils.AppInfoParser)
[2021-01-10 14:19:29,842] INFO Kafka commitId: 448719dc99a19793 (org.apache.kafka.common.utils.AppInfoParser)
[2021-01-10 14:19:29,842] INFO Kafka startTimeMs: 1610284769837 (org.apache.kafka.common.utils.AppInfoParser)
[2021-01-10 14:19:29,844] INFO [KafkaServer id=1] started (kafka.server.KafkaServer)
[2021-01-10 14:19:29,937] INFO [broker-1-to-controller-send-thread]: Recorded new controller, from now on will use broker 1 (kafka.server.BrokerToControllerRequestThread)
[2021-01-10 14:19:29,988] INFO [Log partition=test2-1, dir=/usr/local/swissbib/current.kafka.2.7.0/broker1/../kafkalog/broker1] Loading producer state till offset 0 with message format version 2 (kafka.log.Log)
[2021-01-10 14:19:29,997] INFO Created log for partition test2-1 in /usr/local/swissbib/current.kafka.2.7.0/broker1/../kafkalog/broker1/test2-1 with properties {compression.type -> producer, min.insync.replicas -> 1, message.downconversion.enable -> true, segment.jitter.ms -> 0, cleanup.policy -> [delete], flush.ms -> 9223372036854775807, retention.ms -> 604800000, segment.bytes -> 1073741824, flush.messages -> 9223372036854775807, message.format.version -> 2.7-IV2, max.compaction.lag.ms -> 9223372036854775807, file.delete.delay.ms -> 60000, max.message.bytes -> 1048588, min.compaction.lag.ms -> 0, message.timestamp.type -> CreateTime, preallocate -> false, index.interval.bytes -> 4096, min.cleanable.dirty.ratio -> 0.5, unclean.leader.election.enable -> false, retention.bytes -> -1, delete.retention.ms -> 86400000, segment.ms -> 604800000, message.timestamp.difference.max.ms -> 9223372036854775807, segment.index.bytes -> 10485760}. (kafka.log.LogManager)
[2021-01-10 14:19:29,999] INFO [Partition test2-1 broker=1] No checkpointed highwatermark is found for partition test2-1 (kafka.cluster.Partition)
[2021-01-10 14:19:30,000] INFO [Partition test2-1 broker=1] Log loaded for partition test2-1 with initial high watermark 0 (kafka.cluster.Partition)
[2021-01-10 14:19:30,005] INFO [Log partition=test2-2, dir=/usr/local/swissbib/current.kafka.2.7.0/broker1/../kafkalog/broker1] Loading producer state till offset 0 with message format version 2 (kafka.log.Log)
[2021-01-10 14:19:30,008] INFO Created log for partition test2-2 in /usr/local/swissbib/current.kafka.2.7.0/broker1/../kafkalog/broker1/test2-2 with properties {compression.type -> producer, min.insync.replicas -> 1, message.downconversion.enable -> true, segment.jitter.ms -> 0, cleanup.policy -> [delete], flush.ms -> 9223372036854775807, retention.ms -> 604800000, segment.bytes -> 1073741824, flush.messages -> 9223372036854775807, message.format.version -> 2.7-IV2, max.compaction.lag.ms -> 9223372036854775807, file.delete.delay.ms -> 60000, max.message.bytes -> 1048588, min.compaction.lag.ms -> 0, message.timestamp.type -> CreateTime, preallocate -> false, index.interval.bytes -> 4096, min.cleanable.dirty.ratio -> 0.5, unclean.leader.election.enable -> false, retention.bytes -> -1, delete.retention.ms -> 86400000, segment.ms -> 604800000, message.timestamp.difference.max.ms -> 9223372036854775807, segment.index.bytes -> 10485760}. (kafka.log.LogManager)
[2021-01-10 14:19:30,008] INFO [Partition test2-2 broker=1] No checkpointed highwatermark is found for partition test2-2 (kafka.cluster.Partition)
[2021-01-10 14:19:30,008] INFO [Partition test2-2 broker=1] Log loaded for partition test2-2 with initial high watermark 0 (kafka.cluster.Partition)
[2021-01-10 14:19:30,008] INFO [Partition swisscollections-rawdata-0 broker=1] Log loaded for partition swisscollections-rawdata-0 with initial high watermark 0 (kafka.cluster.Partition)
[2021-01-10 14:19:30,009] INFO [Partition swisscollections-rawdata-2 broker=1] Log loaded for partition swisscollections-rawdata-2 with initial high watermark 0 (kafka.cluster.Partition)
[2021-01-10 14:19:30,014] INFO [Log partition=test2-0, dir=/usr/local/swissbib/current.kafka.2.7.0/broker1/../kafkalog/broker1] Loading producer state till offset 0 with message format version 2 (kafka.log.Log)
[2021-01-10 14:19:30,016] INFO Created log for partition test2-0 in /usr/local/swissbib/current.kafka.2.7.0/broker1/../kafkalog/broker1/test2-0 with properties {compression.type -> producer, min.insync.replicas -> 1, message.downconversion.enable -> true, segment.jitter.ms -> 0, cleanup.policy -> [delete], flush.ms -> 9223372036854775807, retention.ms -> 604800000, segment.bytes -> 1073741824, flush.messages -> 9223372036854775807, message.format.version -> 2.7-IV2, max.compaction.lag.ms -> 9223372036854775807, file.delete.delay.ms -> 60000, max.message.bytes -> 1048588, min.compaction.lag.ms -> 0, message.timestamp.type -> CreateTime, preallocate -> false, index.interval.bytes -> 4096, min.cleanable.dirty.ratio -> 0.5, unclean.leader.election.enable -> false, retention.bytes -> -1, delete.retention.ms -> 86400000, segment.ms -> 604800000, message.timestamp.difference.max.ms -> 9223372036854775807, segment.index.bytes -> 10485760}. (kafka.log.LogManager)
[2021-01-10 14:19:30,016] INFO [Partition test2-0 broker=1] No checkpointed highwatermark is found for partition test2-0 (kafka.cluster.Partition)
[2021-01-10 14:19:30,016] INFO [Partition test2-0 broker=1] Log loaded for partition test2-0 with initial high watermark 0 (kafka.cluster.Partition)
[2021-01-10 14:19:30,057] INFO [GroupCoordinator 1]: Removed 0 offsets associated with deleted partitions: test2-1, test2-0, test2-2. (kafka.coordinator.group.GroupCoordinator)
[2021-01-10 14:19:30,064] INFO [ReplicaFetcherManager on broker 1] Removed fetcher for partitions Set(swisscollections-rawdata-0, swisscollections-rawdata-2) (kafka.server.ReplicaFetcherManager)
[2021-01-10 14:19:30,108] INFO [GroupCoordinator 1]: Removed 0 offsets associated with deleted partitions: test2-1, test2-0, test2-2. (kafka.coordinator.group.GroupCoordinator)
[2021-01-10 14:19:30,111] INFO [GroupCoordinator 1]: Removed 0 offsets associated with deleted partitions: test2-1, test2-0, test2-2. (kafka.coordinator.group.GroupCoordinator)
[2021-01-10 14:19:30,121] INFO [ReplicaFetcherManager on broker 1] Removed fetcher for partitions Set(test2-1, test2-0, test2-2) (kafka.server.ReplicaFetcherManager)
[2021-01-10 14:19:30,122] INFO [ReplicaAlterLogDirsManager on broker 1] Removed fetcher for partitions Set(test2-1, test2-0, test2-2) (kafka.server.ReplicaAlterLogDirsManager)
[2021-01-10 14:19:30,133] INFO [ReplicaFetcherManager on broker 1] Removed fetcher for partitions Set(test2-1, test2-0, test2-2) (kafka.server.ReplicaFetcherManager)
[2021-01-10 14:19:30,133] INFO [ReplicaAlterLogDirsManager on broker 1] Removed fetcher for partitions Set(test2-1, test2-0, test2-2) (kafka.server.ReplicaAlterLogDirsManager)
[2021-01-10 14:19:30,142] INFO Log for partition test2-1 is renamed to /usr/local/swissbib/current.kafka.2.7.0/broker1/../kafkalog/broker1/test2-1.4f7d8421a98e4eee87b7d672fcfa5abf-delete and is scheduled for deletion (kafka.log.LogManager)
[2021-01-10 14:19:30,144] INFO Log for partition test2-0 is renamed to /usr/local/swissbib/current.kafka.2.7.0/broker1/../kafkalog/broker1/test2-0.bb25d4aa06b9423e9bbfb7fcad3e8bea-delete and is scheduled for deletion (kafka.log.LogManager)
[2021-01-10 14:19:30,145] INFO Log for partition test2-2 is renamed to /usr/local/swissbib/current.kafka.2.7.0/broker1/../kafkalog/broker1/test2-2.962ff206091a46faa40114117d42c245-delete and is scheduled for deletion (kafka.log.LogManager)
[2021-01-10 14:19:30,582] INFO [GroupCoordinator 1]: Removed 0 offsets associated with deleted partitions: test2-1, test2-0, test2-2. (kafka.coordinator.group.GroupCoordinator)
[2021-01-10 14:19:30,598] INFO [GroupCoordinator 1]: Removed 0 offsets associated with deleted partitions: test2-1, test2-0, test2-2. (kafka.coordinator.group.GroupCoordinator)
[2021-01-10 14:19:39,274] INFO [ReplicaFetcherManager on broker 1] Removed fetcher for partitions Set(test2-1) (kafka.server.ReplicaFetcherManager)
[2021-01-10 14:19:39,280] INFO [Log partition=test2-1, dir=/usr/local/swissbib/current.kafka.2.7.0/broker1/../kafkalog/broker1] Loading producer state till offset 0 with message format version 2 (kafka.log.Log)
[2021-01-10 14:19:39,281] INFO Created log for partition test2-1 in /usr/local/swissbib/current.kafka.2.7.0/broker1/../kafkalog/broker1/test2-1 with properties {compression.type -> producer, min.insync.replicas -> 1, message.downconversion.enable -> true, segment.jitter.ms -> 0, cleanup.policy -> [delete], flush.ms -> 9223372036854775807, retention.ms -> 604800000, segment.bytes -> 1073741824, flush.messages -> 9223372036854775807, message.format.version -> 2.7-IV2, max.compaction.lag.ms -> 9223372036854775807, file.delete.delay.ms -> 60000, max.message.bytes -> 1048588, min.compaction.lag.ms -> 0, message.timestamp.type -> CreateTime, preallocate -> false, index.interval.bytes -> 4096, min.cleanable.dirty.ratio -> 0.5, unclean.leader.election.enable -> false, retention.bytes -> -1, delete.retention.ms -> 86400000, segment.ms -> 604800000, message.timestamp.difference.max.ms -> 9223372036854775807, segment.index.bytes -> 10485760}. (kafka.log.LogManager)
[2021-01-10 14:19:39,282] INFO [Partition test2-1 broker=1] No checkpointed highwatermark is found for partition test2-1 (kafka.cluster.Partition)
[2021-01-10 14:19:39,282] INFO [Partition test2-1 broker=1] Log loaded for partition test2-1 with initial high watermark 0 (kafka.cluster.Partition)
[2021-01-10 14:19:39,292] INFO [Log partition=test2-2, dir=/usr/local/swissbib/current.kafka.2.7.0/broker1/../kafkalog/broker1] Loading producer state till offset 0 with message format version 2 (kafka.log.Log)
[2021-01-10 14:19:39,294] INFO Created log for partition test2-2 in /usr/local/swissbib/current.kafka.2.7.0/broker1/../kafkalog/broker1/test2-2 with properties {compression.type -> producer, min.insync.replicas -> 1, message.downconversion.enable -> true, segment.jitter.ms -> 0, cleanup.policy -> [delete], flush.ms -> 9223372036854775807, retention.ms -> 604800000, segment.bytes -> 1073741824, flush.messages -> 9223372036854775807, message.format.version -> 2.7-IV2, max.compaction.lag.ms -> 9223372036854775807, file.delete.delay.ms -> 60000, max.message.bytes -> 1048588, min.compaction.lag.ms -> 0, message.timestamp.type -> CreateTime, preallocate -> false, index.interval.bytes -> 4096, min.cleanable.dirty.ratio -> 0.5, unclean.leader.election.enable -> false, retention.bytes -> -1, delete.retention.ms -> 86400000, segment.ms -> 604800000, message.timestamp.difference.max.ms -> 9223372036854775807, segment.index.bytes -> 10485760}. (kafka.log.LogManager)
[2021-01-10 14:19:39,294] INFO [Partition test2-2 broker=1] No checkpointed highwatermark is found for partition test2-2 (kafka.cluster.Partition)
[2021-01-10 14:19:39,294] INFO [Partition test2-2 broker=1] Log loaded for partition test2-2 with initial high watermark 0 (kafka.cluster.Partition)
[2021-01-10 14:19:39,298] INFO [Log partition=test2-0, dir=/usr/local/swissbib/current.kafka.2.7.0/broker1/../kafkalog/broker1] Loading producer state till offset 0 with message format version 2 (kafka.log.Log)
[2021-01-10 14:19:39,299] INFO Created log for partition test2-0 in /usr/local/swissbib/current.kafka.2.7.0/broker1/../kafkalog/broker1/test2-0 with properties {compression.type -> producer, min.insync.replicas -> 1, message.downconversion.enable -> true, segment.jitter.ms -> 0, cleanup.policy -> [delete], flush.ms -> 9223372036854775807, retention.ms -> 604800000, segment.bytes -> 1073741824, flush.messages -> 9223372036854775807, message.format.version -> 2.7-IV2, max.compaction.lag.ms -> 9223372036854775807, file.delete.delay.ms -> 60000, max.message.bytes -> 1048588, min.compaction.lag.ms -> 0, message.timestamp.type -> CreateTime, preallocate -> false, index.interval.bytes -> 4096, min.cleanable.dirty.ratio -> 0.5, unclean.leader.election.enable -> false, retention.bytes -> -1, delete.retention.ms -> 86400000, segment.ms -> 604800000, message.timestamp.difference.max.ms -> 9223372036854775807, segment.index.bytes -> 10485760}. (kafka.log.LogManager)
[2021-01-10 14:19:39,299] INFO [Partition test2-0 broker=1] No checkpointed highwatermark is found for partition test2-0 (kafka.cluster.Partition)
[2021-01-10 14:19:39,299] INFO [Partition test2-0 broker=1] Log loaded for partition test2-0 with initial high watermark 0 (kafka.cluster.Partition)
[2021-01-10 14:19:39,299] INFO [ReplicaFetcherManager on broker 1] Removed fetcher for partitions HashSet(test2-0, test2-2) (kafka.server.ReplicaFetcherManager)
[2021-01-10 14:19:39,315] INFO [ReplicaFetcher replicaId=1, leaderId=3, fetcherId=0] Starting (kafka.server.ReplicaFetcherThread)
[2021-01-10 14:19:39,318] INFO [ReplicaFetcherManager on broker 1] Added fetcher to broker 3 for partitions Map(test2-0 -> (offset=0, leaderEpoch=0)) (kafka.server.ReplicaFetcherManager)
[2021-01-10 14:19:39,327] INFO [ReplicaFetcher replicaId=1, leaderId=2, fetcherId=0] Starting (kafka.server.ReplicaFetcherThread)
[2021-01-10 14:19:39,328] INFO [ReplicaFetcherManager on broker 1] Added fetcher to broker 2 for partitions Map(test2-2 -> (offset=0, leaderEpoch=0)) (kafka.server.ReplicaFetcherManager)
[2021-01-10 14:19:39,330] INFO [ReplicaFetcher replicaId=1, leaderId=2, fetcherId=0] Truncating partition test2-2 to local high watermark 0 (kafka.server.ReplicaFetcherThread)
[2021-01-10 14:19:39,332] INFO [Log partition=test2-2, dir=/usr/local/swissbib/current.kafka.2.7.0/broker1/../kafkalog/broker1] Truncating to 0 has no effect as the largest offset in the log is -1 (kafka.log.Log)
[2021-01-10 14:19:39,399] WARN [ReplicaFetcher replicaId=1, leaderId=2, fetcherId=0] Received UNKNOWN_TOPIC_OR_PARTITION from the leader for partition test2-2. This error may be returned transiently when the partition is being created or deleted, but it is not expected to persist. (kafka.server.ReplicaFetcherThread)
[2021-01-10 14:19:40,321] INFO [ReplicaFetcher replicaId=1, leaderId=3, fetcherId=0] Truncating partition test2-0 to local high watermark 0 (kafka.server.ReplicaFetcherThread)
[2021-01-10 14:19:40,321] INFO [Log partition=test2-0, dir=/usr/local/swissbib/current.kafka.2.7.0/broker1/../kafkalog/broker1] Truncating to 0 has no effect as the largest offset in the log is -1 (kafka.log.Log)
[2021-01-10 14:19:42,314] INFO [GroupCoordinator 1]: Removed 0 offsets associated with deleted partitions: test2-1, test2-0, test2-2. (kafka.coordinator.group.GroupCoordinator)
[2021-01-10 14:19:42,345] WARN [ReplicaFetcher replicaId=1, leaderId=3, fetcherId=0] Received UNKNOWN_TOPIC_OR_PARTITION from the leader for partition test2-0. This error may be returned transiently when the partition is being created or deleted, but it is not expected to persist. (kafka.server.ReplicaFetcherThread)
[2021-01-10 14:19:42,349] INFO [ReplicaFetcherManager on broker 1] Removed fetcher for partitions Set(test2-1, test2-0, test2-2) (kafka.server.ReplicaFetcherManager)
[2021-01-10 14:19:42,349] INFO [ReplicaAlterLogDirsManager on broker 1] Removed fetcher for partitions Set(test2-1, test2-0, test2-2) (kafka.server.ReplicaAlterLogDirsManager)
[2021-01-10 14:19:42,350] INFO [ReplicaFetcher replicaId=1, leaderId=2, fetcherId=0] Shutting down (kafka.server.ReplicaFetcherThread)
[2021-01-10 14:19:42,352] INFO [ReplicaFetcher replicaId=1, leaderId=2, fetcherId=0] Error sending fetch request (sessionId=2037444033, epoch=3) to node 2: (org.apache.kafka.clients.FetchSessionHandler)
java.io.IOException: Client was shutdown before response was read
	at org.apache.kafka.clients.NetworkClientUtils.sendAndReceive(NetworkClientUtils.java:109)
	at kafka.server.ReplicaFetcherBlockingSend.sendRequest(ReplicaFetcherBlockingSend.scala:110)
	at kafka.server.ReplicaFetcherThread.fetchFromLeader(ReplicaFetcherThread.scala:211)
	at kafka.server.AbstractFetcherThread.processFetchRequest(AbstractFetcherThread.scala:301)
	at kafka.server.AbstractFetcherThread.$anonfun$maybeFetch$3(AbstractFetcherThread.scala:136)
	at kafka.server.AbstractFetcherThread.maybeFetch(AbstractFetcherThread.scala:135)
	at kafka.server.AbstractFetcherThread.doWork(AbstractFetcherThread.scala:118)
	at kafka.utils.ShutdownableThread.run(ShutdownableThread.scala:96)
[2021-01-10 14:19:42,353] INFO [ReplicaFetcher replicaId=1, leaderId=2, fetcherId=0] Shutdown completed (kafka.server.ReplicaFetcherThread)
[2021-01-10 14:19:42,353] INFO [ReplicaFetcher replicaId=1, leaderId=2, fetcherId=0] Stopped (kafka.server.ReplicaFetcherThread)
[2021-01-10 14:19:42,359] INFO [ReplicaFetcher replicaId=1, leaderId=3, fetcherId=0] Shutting down (kafka.server.ReplicaFetcherThread)
[2021-01-10 14:19:42,359] INFO [ReplicaFetcher replicaId=1, leaderId=3, fetcherId=0] Stopped (kafka.server.ReplicaFetcherThread)
[2021-01-10 14:19:42,359] INFO [ReplicaFetcher replicaId=1, leaderId=3, fetcherId=0] Shutdown completed (kafka.server.ReplicaFetcherThread)
[2021-01-10 14:19:42,362] INFO [ReplicaFetcherManager on broker 1] Removed fetcher for partitions Set(test2-1, test2-0, test2-2) (kafka.server.ReplicaFetcherManager)
[2021-01-10 14:19:42,362] INFO [ReplicaAlterLogDirsManager on broker 1] Removed fetcher for partitions Set(test2-1, test2-0, test2-2) (kafka.server.ReplicaAlterLogDirsManager)
[2021-01-10 14:19:42,377] INFO Log for partition test2-1 is renamed to /usr/local/swissbib/current.kafka.2.7.0/broker1/../kafkalog/broker1/test2-1.697fb511f1aa4f51831e766f4460d375-delete and is scheduled for deletion (kafka.log.LogManager)
[2021-01-10 14:19:42,379] INFO Log for partition test2-0 is renamed to /usr/local/swissbib/current.kafka.2.7.0/broker1/../kafkalog/broker1/test2-0.78fa4cbc478342fc92716a2670273b98-delete and is scheduled for deletion (kafka.log.LogManager)
[2021-01-10 14:19:42,380] INFO Log for partition test2-2 is renamed to /usr/local/swissbib/current.kafka.2.7.0/broker1/../kafkalog/broker1/test2-2.ddcaca3c08a54827b1262cf25242f7e3-delete and is scheduled for deletion (kafka.log.LogManager)
[2021-01-10 14:20:09,504] INFO Terminating process due to signal SIGTERM (org.apache.kafka.common.utils.LoggingSignalHandler)
[2021-01-10 14:20:09,505] INFO [KafkaServer id=1] shutting down (kafka.server.KafkaServer)
[2021-01-10 14:20:09,518] INFO [KafkaServer id=1] Starting controlled shutdown (kafka.server.KafkaServer)
[2021-01-10 14:20:09,527] INFO [KafkaServer id=1] Controlled shutdown succeeded (kafka.server.KafkaServer)
[2021-01-10 14:20:09,529] INFO [/config/changes-event-process-thread]: Shutting down (kafka.common.ZkNodeChangeNotificationListener$ChangeEventProcessThread)
[2021-01-10 14:20:09,531] INFO [/config/changes-event-process-thread]: Shutdown completed (kafka.common.ZkNodeChangeNotificationListener$ChangeEventProcessThread)
[2021-01-10 14:20:09,531] INFO [/config/changes-event-process-thread]: Stopped (kafka.common.ZkNodeChangeNotificationListener$ChangeEventProcessThread)
[2021-01-10 14:20:09,532] INFO [SocketServer brokerId=1] Stopping socket server request processors (kafka.network.SocketServer)
[2021-01-10 14:20:09,539] INFO [SocketServer brokerId=1] Stopped socket server request processors (kafka.network.SocketServer)
[2021-01-10 14:20:09,540] INFO [data-plane Kafka Request Handler on Broker 1], shutting down (kafka.server.KafkaRequestHandlerPool)
[2021-01-10 14:20:09,544] INFO Terminating process due to signal SIGTERM (org.apache.kafka.common.utils.LoggingSignalHandler)
[2021-01-10 14:20:09,546] INFO [data-plane Kafka Request Handler on Broker 1], shut down completely (kafka.server.KafkaRequestHandlerPool)
[2021-01-10 14:20:09,549] INFO [ExpirationReaper-1-AlterAcls]: Shutting down (kafka.server.DelayedOperationPurgatory$ExpiredOperationReaper)
[2021-01-10 14:20:09,568] INFO Terminating process due to signal SIGTERM (org.apache.kafka.common.utils.LoggingSignalHandler)
[2021-01-10 14:20:09,728] INFO [ExpirationReaper-1-AlterAcls]: Stopped (kafka.server.DelayedOperationPurgatory$ExpiredOperationReaper)
[2021-01-10 14:20:09,728] INFO [ExpirationReaper-1-AlterAcls]: Shutdown completed (kafka.server.DelayedOperationPurgatory$ExpiredOperationReaper)
[2021-01-10 14:20:09,729] INFO [KafkaApi-1] Shutdown complete. (kafka.server.KafkaApis)
[2021-01-10 14:20:09,730] INFO [ExpirationReaper-1-topic]: Shutting down (kafka.server.DelayedOperationPurgatory$ExpiredOperationReaper)
[2021-01-10 14:20:09,748] INFO [ExpirationReaper-1-topic]: Stopped (kafka.server.DelayedOperationPurgatory$ExpiredOperationReaper)
[2021-01-10 14:20:09,748] INFO [ExpirationReaper-1-topic]: Shutdown completed (kafka.server.DelayedOperationPurgatory$ExpiredOperationReaper)
[2021-01-10 14:20:09,750] INFO [TransactionCoordinator id=1] Shutting down. (kafka.coordinator.transaction.TransactionCoordinator)
[2021-01-10 14:20:09,751] INFO [ProducerId Manager 1]: Shutdown complete: last producerId assigned 12000 (kafka.coordinator.transaction.ProducerIdManager)
[2021-01-10 14:20:09,751] INFO [Transaction State Manager 1]: Shutdown complete (kafka.coordinator.transaction.TransactionStateManager)
[2021-01-10 14:20:09,752] INFO [Transaction Marker Channel Manager 1]: Shutting down (kafka.coordinator.transaction.TransactionMarkerChannelManager)
[2021-01-10 14:20:09,752] INFO [Transaction Marker Channel Manager 1]: Shutdown completed (kafka.coordinator.transaction.TransactionMarkerChannelManager)
[2021-01-10 14:20:09,752] INFO [Transaction Marker Channel Manager 1]: Stopped (kafka.coordinator.transaction.TransactionMarkerChannelManager)
[2021-01-10 14:20:09,753] INFO [TransactionCoordinator id=1] Shutdown complete. (kafka.coordinator.transaction.TransactionCoordinator)
[2021-01-10 14:20:09,754] INFO [GroupCoordinator 1]: Shutting down. (kafka.coordinator.group.GroupCoordinator)
[2021-01-10 14:20:09,754] INFO [ExpirationReaper-1-Heartbeat]: Shutting down (kafka.server.DelayedOperationPurgatory$ExpiredOperationReaper)
[2021-01-10 14:20:09,774] INFO [ExpirationReaper-1-Heartbeat]: Stopped (kafka.server.DelayedOperationPurgatory$ExpiredOperationReaper)
[2021-01-10 14:20:09,774] INFO [ExpirationReaper-1-Heartbeat]: Shutdown completed (kafka.server.DelayedOperationPurgatory$ExpiredOperationReaper)
[2021-01-10 14:20:09,775] INFO [ExpirationReaper-1-Rebalance]: Shutting down (kafka.server.DelayedOperationPurgatory$ExpiredOperationReaper)
[2021-01-10 14:20:09,974] INFO [ExpirationReaper-1-Rebalance]: Stopped (kafka.server.DelayedOperationPurgatory$ExpiredOperationReaper)
[2021-01-10 14:20:09,974] INFO [ExpirationReaper-1-Rebalance]: Shutdown completed (kafka.server.DelayedOperationPurgatory$ExpiredOperationReaper)
[2021-01-10 14:20:09,975] INFO [GroupCoordinator 1]: Shutdown complete. (kafka.coordinator.group.GroupCoordinator)
[2021-01-10 14:20:09,977] INFO [ReplicaManager broker=1] Shutting down (kafka.server.ReplicaManager)
[2021-01-10 14:20:09,977] INFO [LogDirFailureHandler]: Shutting down (kafka.server.ReplicaManager$LogDirFailureHandler)
[2021-01-10 14:20:09,977] INFO [LogDirFailureHandler]: Shutdown completed (kafka.server.ReplicaManager$LogDirFailureHandler)
[2021-01-10 14:20:09,977] INFO [LogDirFailureHandler]: Stopped (kafka.server.ReplicaManager$LogDirFailureHandler)
[2021-01-10 14:20:09,978] INFO [ReplicaFetcherManager on broker 1] shutting down (kafka.server.ReplicaFetcherManager)
[2021-01-10 14:20:09,981] INFO [ReplicaFetcherManager on broker 1] shutdown completed (kafka.server.ReplicaFetcherManager)
[2021-01-10 14:20:09,981] INFO [ReplicaAlterLogDirsManager on broker 1] shutting down (kafka.server.ReplicaAlterLogDirsManager)
[2021-01-10 14:20:09,982] INFO [ReplicaAlterLogDirsManager on broker 1] shutdown completed (kafka.server.ReplicaAlterLogDirsManager)
[2021-01-10 14:20:09,982] INFO [ExpirationReaper-1-Fetch]: Shutting down (kafka.server.DelayedOperationPurgatory$ExpiredOperationReaper)
[2021-01-10 14:20:10,024] INFO [ExpirationReaper-1-Fetch]: Stopped (kafka.server.DelayedOperationPurgatory$ExpiredOperationReaper)
[2021-01-10 14:20:10,024] INFO [ExpirationReaper-1-Fetch]: Shutdown completed (kafka.server.DelayedOperationPurgatory$ExpiredOperationReaper)
[2021-01-10 14:20:10,025] INFO [ExpirationReaper-1-Produce]: Shutting down (kafka.server.DelayedOperationPurgatory$ExpiredOperationReaper)
[2021-01-10 14:20:10,137] INFO [ExpirationReaper-1-Produce]: Stopped (kafka.server.DelayedOperationPurgatory$ExpiredOperationReaper)
[2021-01-10 14:20:10,137] INFO [ExpirationReaper-1-Produce]: Shutdown completed (kafka.server.DelayedOperationPurgatory$ExpiredOperationReaper)
[2021-01-10 14:20:10,138] INFO [ExpirationReaper-1-DeleteRecords]: Shutting down (kafka.server.DelayedOperationPurgatory$ExpiredOperationReaper)
[2021-01-10 14:20:10,330] WARN [Controller id=1, targetBrokerId=1] Connection to node 1 (ubuntu/127.0.1.1:9092) could not be established. Broker may not be available. (org.apache.kafka.clients.NetworkClient)
[2021-01-10 14:20:10,337] INFO [ExpirationReaper-1-DeleteRecords]: Stopped (kafka.server.DelayedOperationPurgatory$ExpiredOperationReaper)
[2021-01-10 14:20:10,337] INFO [ExpirationReaper-1-DeleteRecords]: Shutdown completed (kafka.server.DelayedOperationPurgatory$ExpiredOperationReaper)
[2021-01-10 14:20:10,338] INFO [ExpirationReaper-1-ElectLeader]: Shutting down (kafka.server.DelayedOperationPurgatory$ExpiredOperationReaper)
[2021-01-10 14:20:10,340] INFO [ExpirationReaper-1-ElectLeader]: Stopped (kafka.server.DelayedOperationPurgatory$ExpiredOperationReaper)
[2021-01-10 14:20:10,340] INFO [ExpirationReaper-1-ElectLeader]: Shutdown completed (kafka.server.DelayedOperationPurgatory$ExpiredOperationReaper)
[2021-01-10 14:20:10,344] INFO [ReplicaManager broker=1] Shut down completely (kafka.server.ReplicaManager)
[2021-01-10 14:20:10,344] INFO [broker-1-to-controller-send-thread]: Shutting down (kafka.server.BrokerToControllerRequestThread)
[2021-01-10 14:20:10,344] INFO [broker-1-to-controller-send-thread]: Shutdown completed (kafka.server.BrokerToControllerRequestThread)
[2021-01-10 14:20:10,344] INFO [broker-1-to-controller-send-thread]: Stopped (kafka.server.BrokerToControllerRequestThread)
[2021-01-10 14:20:10,344] INFO [broker-1-to-controller-send-thread]: Shutdown completed (kafka.server.BrokerToControllerRequestThread)
[2021-01-10 14:20:10,345] INFO Shutting down. (kafka.log.LogManager)
[2021-01-10 14:20:10,359] INFO Shutdown complete. (kafka.log.LogManager)
[2021-01-10 14:20:10,363] INFO [feature-zk-node-event-process-thread]: Shutting down (kafka.server.FinalizedFeatureChangeListener$ChangeNotificationProcessorThread)
[2021-01-10 14:20:10,363] INFO [feature-zk-node-event-process-thread]: Shutdown completed (kafka.server.FinalizedFeatureChangeListener$ChangeNotificationProcessorThread)
[2021-01-10 14:20:10,363] INFO [feature-zk-node-event-process-thread]: Stopped (kafka.server.FinalizedFeatureChangeListener$ChangeNotificationProcessorThread)
[2021-01-10 14:20:10,364] INFO [ZooKeeperClient Kafka server] Closing. (kafka.zookeeper.ZooKeeperClient)
[2021-01-10 14:20:10,469] INFO Session: 0x10000bbae970000 closed (org.apache.zookeeper.ZooKeeper)
[2021-01-10 14:20:10,469] INFO EventThread shut down for session: 0x10000bbae970000 (org.apache.zookeeper.ClientCnxn)
[2021-01-10 14:20:10,471] INFO [ZooKeeperClient Kafka server] Closed. (kafka.zookeeper.ZooKeeperClient)
[2021-01-10 14:20:10,471] INFO [ThrottledChannelReaper-Fetch]: Shutting down (kafka.server.ClientQuotaManager$ThrottledChannelReaper)
[2021-01-10 14:20:10,604] INFO [ThrottledChannelReaper-Fetch]: Stopped (kafka.server.ClientQuotaManager$ThrottledChannelReaper)
[2021-01-10 14:20:10,604] INFO [ThrottledChannelReaper-Fetch]: Shutdown completed (kafka.server.ClientQuotaManager$ThrottledChannelReaper)
[2021-01-10 14:20:10,604] INFO [ThrottledChannelReaper-Produce]: Shutting down (kafka.server.ClientQuotaManager$ThrottledChannelReaper)
[2021-01-10 14:20:11,604] INFO [ThrottledChannelReaper-Produce]: Stopped (kafka.server.ClientQuotaManager$ThrottledChannelReaper)
[2021-01-10 14:20:11,604] INFO [ThrottledChannelReaper-Produce]: Shutdown completed (kafka.server.ClientQuotaManager$ThrottledChannelReaper)
[2021-01-10 14:20:11,605] INFO [ThrottledChannelReaper-Request]: Shutting down (kafka.server.ClientQuotaManager$ThrottledChannelReaper)
[2021-01-10 14:20:11,606] INFO [ThrottledChannelReaper-Request]: Stopped (kafka.server.ClientQuotaManager$ThrottledChannelReaper)
[2021-01-10 14:20:11,606] INFO [ThrottledChannelReaper-Request]: Shutdown completed (kafka.server.ClientQuotaManager$ThrottledChannelReaper)
[2021-01-10 14:20:11,606] INFO [ThrottledChannelReaper-ControllerMutation]: Shutting down (kafka.server.ClientQuotaManager$ThrottledChannelReaper)
[2021-01-10 14:20:12,606] INFO [ThrottledChannelReaper-ControllerMutation]: Stopped (kafka.server.ClientQuotaManager$ThrottledChannelReaper)
[2021-01-10 14:20:12,606] INFO [ThrottledChannelReaper-ControllerMutation]: Shutdown completed (kafka.server.ClientQuotaManager$ThrottledChannelReaper)
[2021-01-10 14:20:12,608] INFO [SocketServer brokerId=1] Shutting down socket server (kafka.network.SocketServer)
[2021-01-10 14:20:12,629] INFO [SocketServer brokerId=1] Shutdown completed (kafka.network.SocketServer)
[2021-01-10 14:20:12,630] INFO Metrics scheduler closed (org.apache.kafka.common.metrics.Metrics)
[2021-01-10 14:20:12,630] INFO Closing reporter org.apache.kafka.common.metrics.JmxReporter (org.apache.kafka.common.metrics.Metrics)
[2021-01-10 14:20:12,630] INFO Metrics reporters closed (org.apache.kafka.common.metrics.Metrics)
[2021-01-10 14:20:12,631] INFO Broker and topic stats closed (kafka.server.BrokerTopicStats)
[2021-01-10 14:20:12,631] INFO App info kafka.server for 1 unregistered (org.apache.kafka.common.utils.AppInfoParser)
[2021-01-10 14:20:12,631] INFO [KafkaServer id=1] shut down completed (kafka.server.KafkaServer)
