[2021-01-10 14:19:29,693] INFO [Controller id=1 epoch=9] Sending UpdateMetadata request to brokers HashSet(1) for 0 partitions (state.change.logger)
[2021-01-10 14:19:29,746] INFO [Controller id=1 epoch=9] Sending LeaderAndIsr request to broker 1 with 0 become-leader and 5 become-follower partitions (state.change.logger)
[2021-01-10 14:19:29,747] INFO [Controller id=1 epoch=9] Sending UpdateMetadata request to brokers HashSet(1) for 5 partitions (state.change.logger)
[2021-01-10 14:19:29,794] INFO [Controller id=1 epoch=9] Partition test2-1 state changed to (Leader:-1,ISR:3,LeaderEpoch:2,ControllerEpoch:9) after removing replica 2 from the ISR as part of transition to OfflineReplica (state.change.logger)
[2021-01-10 14:19:29,794] INFO [Controller id=1 epoch=9] Partition test2-0 state changed to (Leader:-1,ISR:3,LeaderEpoch:2,ControllerEpoch:9) after removing replica 2 from the ISR as part of transition to OfflineReplica (state.change.logger)
[2021-01-10 14:19:29,794] INFO [Controller id=1 epoch=9] Partition test2-2 state changed to (Leader:-1,ISR:3,LeaderEpoch:2,ControllerEpoch:9) after removing replica 2 from the ISR as part of transition to OfflineReplica (state.change.logger)
[2021-01-10 14:19:29,820] INFO [Controller id=1 epoch=9] Partition test2-1 state changed to (Leader:-1,ISR:3,LeaderEpoch:3,ControllerEpoch:9) after removing replica 3 from the ISR as part of transition to OfflineReplica (state.change.logger)
[2021-01-10 14:19:29,821] INFO [Controller id=1 epoch=9] Partition test2-0 state changed to (Leader:-1,ISR:3,LeaderEpoch:3,ControllerEpoch:9) after removing replica 3 from the ISR as part of transition to OfflineReplica (state.change.logger)
[2021-01-10 14:19:29,821] INFO [Controller id=1 epoch=9] Partition swisscollections-rawdata-1 state changed to (Leader:-1,ISR:3,LeaderEpoch:1,ControllerEpoch:9) after removing replica 3 from the ISR as part of transition to OfflineReplica (state.change.logger)
[2021-01-10 14:19:29,821] INFO [Controller id=1 epoch=9] Partition test2-2 state changed to (Leader:-1,ISR:3,LeaderEpoch:3,ControllerEpoch:9) after removing replica 3 from the ISR as part of transition to OfflineReplica (state.change.logger)
[2021-01-10 14:19:29,822] INFO [Controller id=1 epoch=9] Sending UpdateMetadata request to brokers HashSet(1) for 1 partitions (state.change.logger)
[2021-01-10 14:19:29,890] ERROR [Controller id=1 epoch=9] Controller 1 epoch 9 failed to change state for partition swisscollections-rawdata-1 from OfflinePartition to OnlinePartition (state.change.logger)
kafka.common.StateChangeFailedException: Failed to elect leader for partition swisscollections-rawdata-1 under strategy OfflinePartitionLeaderElectionStrategy(false)
	at kafka.controller.ZkPartitionStateMachine.$anonfun$doElectLeaderForPartitions$7(PartitionStateMachine.scala:431)
	at scala.collection.IterableOnceOps.foreach(IterableOnce.scala:553)
	at scala.collection.IterableOnceOps.foreach$(IterableOnce.scala:551)
	at scala.collection.AbstractIterable.foreach(Iterable.scala:920)
	at kafka.controller.ZkPartitionStateMachine.doElectLeaderForPartitions(PartitionStateMachine.scala:428)
	at kafka.controller.ZkPartitionStateMachine.electLeaderForPartitions(PartitionStateMachine.scala:339)
	at kafka.controller.ZkPartitionStateMachine.doHandleStateChanges(PartitionStateMachine.scala:238)
	at kafka.controller.ZkPartitionStateMachine.handleStateChanges(PartitionStateMachine.scala:158)
	at kafka.controller.PartitionStateMachine.triggerOnlineStateChangeForPartitions(PartitionStateMachine.scala:74)
	at kafka.controller.PartitionStateMachine.triggerOnlinePartitionStateChange(PartitionStateMachine.scala:59)
	at kafka.controller.PartitionStateMachine.startup(PartitionStateMachine.scala:42)
	at kafka.controller.KafkaController.onControllerFailover(KafkaController.scala:261)
	at kafka.controller.KafkaController.elect(KafkaController.scala:1514)
	at kafka.controller.KafkaController.processStartup(KafkaController.scala:1417)
	at kafka.controller.KafkaController.process(KafkaController.scala:2434)
	at kafka.controller.QueuedEvent.process(ControllerEventManager.scala:52)
	at kafka.controller.ControllerEventManager$ControllerEventThread.process$1(ControllerEventManager.scala:130)
	at kafka.controller.ControllerEventManager$ControllerEventThread.$anonfun$doWork$1(ControllerEventManager.scala:133)
	at scala.runtime.java8.JFunction0$mcV$sp.apply(JFunction0$mcV$sp.scala:18)
	at kafka.metrics.KafkaTimer.time(KafkaTimer.scala:31)
	at kafka.controller.ControllerEventManager$ControllerEventThread.doWork(ControllerEventManager.scala:133)
	at kafka.utils.ShutdownableThread.run(ShutdownableThread.scala:96)
[2021-01-10 14:19:29,894] INFO [Controller id=1 epoch=9] Changed partition swisscollections-rawdata-2 from OfflinePartition to OnlinePartition with state LeaderAndIsr(leader=1, leaderEpoch=2, isr=List(1), zkVersion=2) (state.change.logger)
[2021-01-10 14:19:29,894] INFO [Controller id=1 epoch=9] Changed partition swisscollections-rawdata-0 from OfflinePartition to OnlinePartition with state LeaderAndIsr(leader=1, leaderEpoch=2, isr=List(1), zkVersion=2) (state.change.logger)
[2021-01-10 14:19:29,895] INFO [Controller id=1 epoch=9] Sending LeaderAndIsr request to broker 1 with 2 become-leader and 0 become-follower partitions (state.change.logger)
[2021-01-10 14:19:29,895] INFO [Controller id=1 epoch=9] Sending UpdateMetadata request to brokers HashSet(1) for 2 partitions (state.change.logger)
[2021-01-10 14:19:29,908] INFO [Broker id=1] Handling LeaderAndIsr request correlationId 1 from controller 1 for 5 partitions (state.change.logger)
[2021-01-10 14:19:29,981] ERROR [Broker id=1] Received LeaderAndIsrRequest with correlation id 1 from controller 1 epoch 9 for partition test2-1 (last update controller epoch 7) but cannot become follower since the new leader -1 is unavailable. (state.change.logger)
[2021-01-10 14:19:30,000] ERROR [Broker id=1] Received LeaderAndIsrRequest with correlation id 1 from controller 1 epoch 9 for partition test2-2 (last update controller epoch 7) but cannot become follower since the new leader -1 is unavailable. (state.change.logger)
[2021-01-10 14:19:30,008] ERROR [Broker id=1] Received LeaderAndIsrRequest with correlation id 1 from controller 1 epoch 9 for partition swisscollections-rawdata-0 (last update controller epoch 8) but cannot become follower since the new leader -1 is unavailable. (state.change.logger)
[2021-01-10 14:19:30,009] ERROR [Broker id=1] Received LeaderAndIsrRequest with correlation id 1 from controller 1 epoch 9 for partition swisscollections-rawdata-2 (last update controller epoch 8) but cannot become follower since the new leader -1 is unavailable. (state.change.logger)
[2021-01-10 14:19:30,009] ERROR [Broker id=1] Received LeaderAndIsrRequest with correlation id 1 from controller 1 epoch 9 for partition test2-0 (last update controller epoch 7) but cannot become follower since the new leader -1 is unavailable. (state.change.logger)
[2021-01-10 14:19:30,021] INFO [Broker id=1] Stopped fetchers as part of become-follower request from controller 1 epoch 9 with correlation id 1 for 0 partitions (state.change.logger)
[2021-01-10 14:19:30,033] INFO [Broker id=1] Finished LeaderAndIsr request in 126ms correlationId 1 from controller 1 for 5 partitions (state.change.logger)
[2021-01-10 14:19:30,055] INFO [Broker id=1] Add 2 partitions and deleted 3 partitions from metadata cache in response to UpdateMetadata request sent by controller 1 epoch 9 with correlation id 2 (state.change.logger)
[2021-01-10 14:19:30,059] INFO [Broker id=1] Add 1 partitions and deleted 0 partitions from metadata cache in response to UpdateMetadata request sent by controller 1 epoch 9 with correlation id 3 (state.change.logger)
[2021-01-10 14:19:30,061] INFO [Broker id=1] Handling LeaderAndIsr request correlationId 4 from controller 1 for 2 partitions (state.change.logger)
[2021-01-10 14:19:30,064] INFO [Broker id=1] Stopped fetchers as part of LeaderAndIsr request correlationId 4 from controller 1 epoch 9 as part of the become-leader transition for 2 partitions (state.change.logger)
[2021-01-10 14:19:30,071] INFO [Broker id=1] Leader swisscollections-rawdata-0 starts at leader epoch 2 from offset 0 with high watermark 0 ISR [1] addingReplicas [] removingReplicas []. Previous leader epoch was -1. (state.change.logger)
[2021-01-10 14:19:30,075] INFO [Controller id=1 epoch=9] Sending UpdateMetadata request to brokers HashSet(1) for 0 partitions (state.change.logger)
[2021-01-10 14:19:30,076] INFO [Controller id=1 epoch=9] Sending UpdateMetadata request to brokers HashSet(2) for 3 partitions (state.change.logger)
[2021-01-10 14:19:30,080] INFO [Controller id=1 epoch=9] Sending LeaderAndIsr request to broker 2 with 0 become-leader and 3 become-follower partitions (state.change.logger)
[2021-01-10 14:19:30,080] INFO [Controller id=1 epoch=9] Sending UpdateMetadata request to brokers HashSet(1, 2) for 3 partitions (state.change.logger)
[2021-01-10 14:19:30,084] INFO [Broker id=1] Leader swisscollections-rawdata-2 starts at leader epoch 2 from offset 0 with high watermark 0 ISR [1] addingReplicas [] removingReplicas []. Previous leader epoch was -1. (state.change.logger)
[2021-01-10 14:19:30,086] ERROR [Controller id=1 epoch=9] Controller 1 epoch 9 failed to change state for partition swisscollections-rawdata-1 from OfflinePartition to OnlinePartition (state.change.logger)
kafka.common.StateChangeFailedException: Failed to elect leader for partition swisscollections-rawdata-1 under strategy OfflinePartitionLeaderElectionStrategy(false)
	at kafka.controller.ZkPartitionStateMachine.$anonfun$doElectLeaderForPartitions$7(PartitionStateMachine.scala:431)
	at scala.collection.IterableOnceOps.foreach(IterableOnce.scala:553)
	at scala.collection.IterableOnceOps.foreach$(IterableOnce.scala:551)
	at scala.collection.AbstractIterable.foreach(Iterable.scala:920)
	at kafka.controller.ZkPartitionStateMachine.doElectLeaderForPartitions(PartitionStateMachine.scala:428)
	at kafka.controller.ZkPartitionStateMachine.electLeaderForPartitions(PartitionStateMachine.scala:339)
	at kafka.controller.ZkPartitionStateMachine.doHandleStateChanges(PartitionStateMachine.scala:238)
	at kafka.controller.ZkPartitionStateMachine.handleStateChanges(PartitionStateMachine.scala:158)
	at kafka.controller.PartitionStateMachine.triggerOnlineStateChangeForPartitions(PartitionStateMachine.scala:74)
	at kafka.controller.PartitionStateMachine.triggerOnlinePartitionStateChange(PartitionStateMachine.scala:59)
	at kafka.controller.KafkaController.onBrokerStartup(KafkaController.scala:535)
	at kafka.controller.KafkaController.processBrokerChange(KafkaController.scala:1588)
	at kafka.controller.KafkaController.process(KafkaController.scala:2400)
	at kafka.controller.QueuedEvent.process(ControllerEventManager.scala:52)
	at kafka.controller.ControllerEventManager$ControllerEventThread.process$1(ControllerEventManager.scala:130)
	at kafka.controller.ControllerEventManager$ControllerEventThread.$anonfun$doWork$1(ControllerEventManager.scala:133)
	at scala.runtime.java8.JFunction0$mcV$sp.apply(JFunction0$mcV$sp.scala:18)
	at kafka.metrics.KafkaTimer.time(KafkaTimer.scala:31)
	at kafka.controller.ControllerEventManager$ControllerEventThread.doWork(ControllerEventManager.scala:133)
	at kafka.utils.ShutdownableThread.run(ShutdownableThread.scala:96)
[2021-01-10 14:19:30,087] INFO [Controller id=1 epoch=9] Sending UpdateMetadata request to brokers HashSet() for 0 partitions (state.change.logger)
[2021-01-10 14:19:30,094] INFO [Controller id=1 epoch=9] Sending UpdateMetadata request to brokers HashSet() for 0 partitions (state.change.logger)
[2021-01-10 14:19:30,095] INFO [Controller id=1 epoch=9] Sending UpdateMetadata request to brokers HashSet() for 0 partitions (state.change.logger)
[2021-01-10 14:19:30,097] INFO [Controller id=1 epoch=9] Sending UpdateMetadata request to brokers HashSet(1, 2) for 3 partitions (state.change.logger)
[2021-01-10 14:19:30,097] INFO [Broker id=1] Finished LeaderAndIsr request in 36ms correlationId 4 from controller 1 for 2 partitions (state.change.logger)
[2021-01-10 14:19:30,100] INFO [Controller id=1 epoch=9] Sending UpdateMetadata request to brokers HashSet() for 0 partitions (state.change.logger)
[2021-01-10 14:19:30,100] INFO [Broker id=1] Add 2 partitions and deleted 0 partitions from metadata cache in response to UpdateMetadata request sent by controller 1 epoch 9 with correlation id 5 (state.change.logger)
[2021-01-10 14:19:30,108] INFO [Broker id=1] Add 0 partitions and deleted 3 partitions from metadata cache in response to UpdateMetadata request sent by controller 1 epoch 9 with correlation id 7 (state.change.logger)
[2021-01-10 14:19:30,108] INFO [Controller id=1 epoch=9] Partition test2-1 state changed to (Leader:-1,ISR:3,LeaderEpoch:3,ControllerEpoch:9) after removing replica 1 from the ISR as part of transition to OfflineReplica (state.change.logger)
[2021-01-10 14:19:30,108] INFO [Controller id=1 epoch=9] Partition test2-0 state changed to (Leader:-1,ISR:3,LeaderEpoch:3,ControllerEpoch:9) after removing replica 1 from the ISR as part of transition to OfflineReplica (state.change.logger)
[2021-01-10 14:19:30,108] INFO [Controller id=1 epoch=9] Partition test2-2 state changed to (Leader:-1,ISR:3,LeaderEpoch:3,ControllerEpoch:9) after removing replica 1 from the ISR as part of transition to OfflineReplica (state.change.logger)
[2021-01-10 14:19:30,111] INFO [Broker id=1] Add 0 partitions and deleted 3 partitions from metadata cache in response to UpdateMetadata request sent by controller 1 epoch 9 with correlation id 8 (state.change.logger)
[2021-01-10 14:19:30,113] INFO [Controller id=1 epoch=9] Partition test2-1 state changed to (Leader:-1,ISR:3,LeaderEpoch:3,ControllerEpoch:9) after removing replica 2 from the ISR as part of transition to OfflineReplica (state.change.logger)
[2021-01-10 14:19:30,113] INFO [Controller id=1 epoch=9] Partition test2-0 state changed to (Leader:-1,ISR:3,LeaderEpoch:3,ControllerEpoch:9) after removing replica 2 from the ISR as part of transition to OfflineReplica (state.change.logger)
[2021-01-10 14:19:30,113] INFO [Controller id=1 epoch=9] Partition test2-2 state changed to (Leader:-1,ISR:3,LeaderEpoch:3,ControllerEpoch:9) after removing replica 2 from the ISR as part of transition to OfflineReplica (state.change.logger)
[2021-01-10 14:19:30,113] INFO [Controller id=1 epoch=9] Sending UpdateMetadata request to brokers HashSet() for 0 partitions (state.change.logger)
[2021-01-10 14:19:30,115] INFO [Controller id=1 epoch=9] Sending StopReplica request for 3 replicas to broker 1 (state.change.logger)
[2021-01-10 14:19:30,118] INFO [Controller id=1 epoch=9] Sending StopReplica request for 3 replicas to broker 2 (state.change.logger)
[2021-01-10 14:19:30,119] INFO [Broker id=1] Handling StopReplica request correlationId 9 from controller 1 for 3 partitions (state.change.logger)
[2021-01-10 14:19:30,119] INFO [Controller id=1 epoch=9] Sending UpdateMetadata request to brokers HashSet() for 0 partitions (state.change.logger)
[2021-01-10 14:19:30,120] INFO [Controller id=1 epoch=9] Sending StopReplica request for 3 replicas to broker 1 (state.change.logger)
[2021-01-10 14:19:30,120] INFO [Controller id=1 epoch=9] Sending StopReplica request for 3 replicas to broker 2 (state.change.logger)
[2021-01-10 14:19:30,133] INFO [Broker id=1] Handling StopReplica request correlationId 10 from controller 1 for 3 partitions (state.change.logger)
[2021-01-10 14:19:30,165] INFO [Controller id=1 epoch=9] Sending UpdateMetadata request to brokers HashSet() for 0 partitions (state.change.logger)
[2021-01-10 14:19:30,577] INFO [Controller id=1 epoch=9] Sending UpdateMetadata request to brokers HashSet(1, 2) for 0 partitions (state.change.logger)
[2021-01-10 14:19:30,578] INFO [Controller id=1 epoch=9] Sending UpdateMetadata request to brokers HashSet(3) for 3 partitions (state.change.logger)
[2021-01-10 14:19:30,579] INFO [Controller id=1 epoch=9] Sending LeaderAndIsr request to broker 3 with 0 become-leader and 4 become-follower partitions (state.change.logger)
[2021-01-10 14:19:30,580] INFO [Controller id=1 epoch=9] Sending UpdateMetadata request to brokers HashSet(1, 2, 3) for 4 partitions (state.change.logger)
[2021-01-10 14:19:30,582] INFO [Broker id=1] Add 1 partitions and deleted 3 partitions from metadata cache in response to UpdateMetadata request sent by controller 1 epoch 9 with correlation id 12 (state.change.logger)
[2021-01-10 14:19:30,589] INFO [Controller id=1 epoch=9] Changed partition swisscollections-rawdata-1 from OfflinePartition to OnlinePartition with state LeaderAndIsr(leader=3, leaderEpoch=2, isr=List(3), zkVersion=2) (state.change.logger)
[2021-01-10 14:19:30,589] INFO [Controller id=1 epoch=9] Sending LeaderAndIsr request to broker 3 with 1 become-leader and 0 become-follower partitions (state.change.logger)
[2021-01-10 14:19:30,589] INFO [Controller id=1 epoch=9] Sending UpdateMetadata request to brokers HashSet(1, 2, 3) for 1 partitions (state.change.logger)
[2021-01-10 14:19:30,591] INFO [Broker id=1] Add 1 partitions and deleted 0 partitions from metadata cache in response to UpdateMetadata request sent by controller 1 epoch 9 with correlation id 13 (state.change.logger)
[2021-01-10 14:19:30,594] INFO [Controller id=1 epoch=9] Sending UpdateMetadata request to brokers HashSet() for 0 partitions (state.change.logger)
[2021-01-10 14:19:30,596] INFO [Controller id=1 epoch=9] Sending UpdateMetadata request to brokers HashSet(1, 2, 3) for 3 partitions (state.change.logger)
[2021-01-10 14:19:30,598] INFO [Broker id=1] Add 0 partitions and deleted 3 partitions from metadata cache in response to UpdateMetadata request sent by controller 1 epoch 9 with correlation id 14 (state.change.logger)
[2021-01-10 14:19:30,614] INFO [Controller id=1 epoch=9] Partition test2-1 state changed to (Leader:-1,ISR:3,LeaderEpoch:4,ControllerEpoch:9) after removing replica 3 from the ISR as part of transition to OfflineReplica (state.change.logger)
[2021-01-10 14:19:30,614] INFO [Controller id=1 epoch=9] Partition test2-0 state changed to (Leader:-1,ISR:3,LeaderEpoch:4,ControllerEpoch:9) after removing replica 3 from the ISR as part of transition to OfflineReplica (state.change.logger)
[2021-01-10 14:19:30,614] INFO [Controller id=1 epoch=9] Partition test2-2 state changed to (Leader:-1,ISR:3,LeaderEpoch:4,ControllerEpoch:9) after removing replica 3 from the ISR as part of transition to OfflineReplica (state.change.logger)
[2021-01-10 14:19:30,614] INFO [Controller id=1 epoch=9] Sending UpdateMetadata request to brokers HashSet() for 0 partitions (state.change.logger)
[2021-01-10 14:19:30,615] INFO [Controller id=1 epoch=9] Sending StopReplica request for 3 replicas to broker 3 (state.change.logger)
[2021-01-10 14:19:30,615] INFO [Controller id=1 epoch=9] Sending UpdateMetadata request to brokers HashSet() for 0 partitions (state.change.logger)
[2021-01-10 14:19:30,615] INFO [Controller id=1 epoch=9] Sending StopReplica request for 3 replicas to broker 3 (state.change.logger)
[2021-01-10 14:19:30,955] INFO [Controller id=1 epoch=9] Sending UpdateMetadata request to brokers HashSet() for 0 partitions (state.change.logger)
[2021-01-10 14:19:30,957] INFO [Controller id=1 epoch=9] Sending UpdateMetadata request to brokers HashSet() for 0 partitions (state.change.logger)
[2021-01-10 14:19:39,245] INFO [Controller id=1 epoch=9] Changed partition test2-0 state from NonExistentPartition to NewPartition with assigned replicas 3,2,1 (state.change.logger)
[2021-01-10 14:19:39,245] INFO [Controller id=1 epoch=9] Changed partition test2-1 state from NonExistentPartition to NewPartition with assigned replicas 1,3,2 (state.change.logger)
[2021-01-10 14:19:39,245] INFO [Controller id=1 epoch=9] Changed partition test2-2 state from NonExistentPartition to NewPartition with assigned replicas 2,1,3 (state.change.logger)
[2021-01-10 14:19:39,245] INFO [Controller id=1 epoch=9] Sending UpdateMetadata request to brokers HashSet() for 0 partitions (state.change.logger)
[2021-01-10 14:19:39,246] INFO [Controller id=1 epoch=9] Sending UpdateMetadata request to brokers HashSet() for 0 partitions (state.change.logger)
[2021-01-10 14:19:39,269] INFO [Controller id=1 epoch=9] Changed partition test2-0 from NewPartition to OnlinePartition with state LeaderAndIsr(leader=3, leaderEpoch=0, isr=List(3, 2, 1), zkVersion=0) (state.change.logger)
[2021-01-10 14:19:39,269] INFO [Controller id=1 epoch=9] Changed partition test2-1 from NewPartition to OnlinePartition with state LeaderAndIsr(leader=1, leaderEpoch=0, isr=List(1, 3, 2), zkVersion=0) (state.change.logger)
[2021-01-10 14:19:39,269] INFO [Controller id=1 epoch=9] Changed partition test2-2 from NewPartition to OnlinePartition with state LeaderAndIsr(leader=2, leaderEpoch=0, isr=List(2, 1, 3), zkVersion=0) (state.change.logger)
[2021-01-10 14:19:39,269] INFO [Controller id=1 epoch=9] Sending LeaderAndIsr request to broker 1 with 1 become-leader and 2 become-follower partitions (state.change.logger)
[2021-01-10 14:19:39,269] INFO [Controller id=1 epoch=9] Sending LeaderAndIsr request to broker 2 with 1 become-leader and 2 become-follower partitions (state.change.logger)
[2021-01-10 14:19:39,269] INFO [Controller id=1 epoch=9] Sending LeaderAndIsr request to broker 3 with 1 become-leader and 2 become-follower partitions (state.change.logger)
[2021-01-10 14:19:39,269] INFO [Controller id=1 epoch=9] Sending UpdateMetadata request to brokers HashSet(1, 2, 3) for 3 partitions (state.change.logger)
[2021-01-10 14:19:39,270] INFO [Controller id=1 epoch=9] Sending UpdateMetadata request to brokers HashSet() for 0 partitions (state.change.logger)
[2021-01-10 14:19:39,271] INFO [Broker id=1] Handling LeaderAndIsr request correlationId 15 from controller 1 for 3 partitions (state.change.logger)
[2021-01-10 14:19:39,274] INFO [Broker id=1] Stopped fetchers as part of LeaderAndIsr request correlationId 15 from controller 1 epoch 9 as part of the become-leader transition for 1 partitions (state.change.logger)
[2021-01-10 14:19:39,282] INFO [Broker id=1] Leader test2-1 starts at leader epoch 0 from offset 0 with high watermark 0 ISR [1,3,2] addingReplicas [] removingReplicas []. Previous leader epoch was -1. (state.change.logger)
[2021-01-10 14:19:39,294] INFO [Broker id=1] Follower test2-2 starts at leader epoch 0 from offset 0 with high watermark 0. Previous leader epoch was -1. (state.change.logger)
[2021-01-10 14:19:39,299] INFO [Broker id=1] Follower test2-0 starts at leader epoch 0 from offset 0 with high watermark 0. Previous leader epoch was -1. (state.change.logger)
[2021-01-10 14:19:39,300] INFO [Broker id=1] Stopped fetchers as part of become-follower request from controller 1 epoch 9 with correlation id 15 for 2 partitions (state.change.logger)
[2021-01-10 14:19:39,329] INFO [Broker id=1] Finished LeaderAndIsr request in 57ms correlationId 15 from controller 1 for 3 partitions (state.change.logger)
[2021-01-10 14:19:39,331] INFO [Broker id=1] Add 3 partitions and deleted 0 partitions from metadata cache in response to UpdateMetadata request sent by controller 1 epoch 9 with correlation id 16 (state.change.logger)
[2021-01-10 14:19:42,311] INFO [Controller id=1 epoch=9] Sending UpdateMetadata request to brokers HashSet() for 0 partitions (state.change.logger)
[2021-01-10 14:19:42,312] INFO [Controller id=1 epoch=9] Sending UpdateMetadata request to brokers HashSet() for 0 partitions (state.change.logger)
[2021-01-10 14:19:42,312] INFO [Controller id=1 epoch=9] Sending UpdateMetadata request to brokers HashSet(1, 2, 3) for 3 partitions (state.change.logger)
[2021-01-10 14:19:42,314] INFO [Broker id=1] Add 0 partitions and deleted 3 partitions from metadata cache in response to UpdateMetadata request sent by controller 1 epoch 9 with correlation id 17 (state.change.logger)
[2021-01-10 14:19:42,327] INFO [Controller id=1 epoch=9] Partition test2-1 state changed to (Leader:-1,ISR:3,2,LeaderEpoch:1,ControllerEpoch:9) after removing replica 1 from the ISR as part of transition to OfflineReplica (state.change.logger)
[2021-01-10 14:19:42,327] INFO [Controller id=1 epoch=9] Partition test2-0 state changed to (Leader:3,ISR:3,2,LeaderEpoch:1,ControllerEpoch:9) after removing replica 1 from the ISR as part of transition to OfflineReplica (state.change.logger)
[2021-01-10 14:19:42,327] INFO [Controller id=1 epoch=9] Partition test2-2 state changed to (Leader:2,ISR:2,3,LeaderEpoch:1,ControllerEpoch:9) after removing replica 1 from the ISR as part of transition to OfflineReplica (state.change.logger)
[2021-01-10 14:19:42,337] INFO [Controller id=1 epoch=9] Partition test2-1 state changed to (Leader:-1,ISR:3,LeaderEpoch:2,ControllerEpoch:9) after removing replica 2 from the ISR as part of transition to OfflineReplica (state.change.logger)
[2021-01-10 14:19:42,337] INFO [Controller id=1 epoch=9] Partition test2-0 state changed to (Leader:3,ISR:3,LeaderEpoch:2,ControllerEpoch:9) after removing replica 2 from the ISR as part of transition to OfflineReplica (state.change.logger)
[2021-01-10 14:19:42,337] INFO [Controller id=1 epoch=9] Partition test2-2 state changed to (Leader:-1,ISR:3,LeaderEpoch:2,ControllerEpoch:9) after removing replica 2 from the ISR as part of transition to OfflineReplica (state.change.logger)
[2021-01-10 14:19:42,346] INFO [Controller id=1 epoch=9] Partition test2-1 state changed to (Leader:-1,ISR:3,LeaderEpoch:3,ControllerEpoch:9) after removing replica 3 from the ISR as part of transition to OfflineReplica (state.change.logger)
[2021-01-10 14:19:42,346] INFO [Controller id=1 epoch=9] Partition test2-0 state changed to (Leader:-1,ISR:3,LeaderEpoch:3,ControllerEpoch:9) after removing replica 3 from the ISR as part of transition to OfflineReplica (state.change.logger)
[2021-01-10 14:19:42,346] INFO [Controller id=1 epoch=9] Partition test2-2 state changed to (Leader:-1,ISR:3,LeaderEpoch:3,ControllerEpoch:9) after removing replica 3 from the ISR as part of transition to OfflineReplica (state.change.logger)
[2021-01-10 14:19:42,346] INFO [Controller id=1 epoch=9] Sending UpdateMetadata request to brokers HashSet() for 0 partitions (state.change.logger)
[2021-01-10 14:19:42,346] INFO [Controller id=1 epoch=9] Sending StopReplica request for 3 replicas to broker 1 (state.change.logger)
[2021-01-10 14:19:42,346] INFO [Controller id=1 epoch=9] Sending StopReplica request for 3 replicas to broker 2 (state.change.logger)
[2021-01-10 14:19:42,347] INFO [Controller id=1 epoch=9] Sending StopReplica request for 3 replicas to broker 3 (state.change.logger)
[2021-01-10 14:19:42,347] INFO [Controller id=1 epoch=9] Sending UpdateMetadata request to brokers HashSet() for 0 partitions (state.change.logger)
[2021-01-10 14:19:42,347] INFO [Controller id=1 epoch=9] Sending StopReplica request for 3 replicas to broker 1 (state.change.logger)
[2021-01-10 14:19:42,347] INFO [Controller id=1 epoch=9] Sending StopReplica request for 3 replicas to broker 2 (state.change.logger)
[2021-01-10 14:19:42,347] INFO [Controller id=1 epoch=9] Sending StopReplica request for 3 replicas to broker 3 (state.change.logger)
[2021-01-10 14:19:42,347] INFO [Broker id=1] Handling StopReplica request correlationId 18 from controller 1 for 3 partitions (state.change.logger)
[2021-01-10 14:19:42,351] INFO [Broker id=1] Handling StopReplica request correlationId 19 from controller 1 for 3 partitions (state.change.logger)
[2021-01-10 14:19:42,391] INFO [Controller id=1 epoch=9] Sending UpdateMetadata request to brokers HashSet() for 0 partitions (state.change.logger)
[2021-01-10 14:19:42,393] INFO [Controller id=1 epoch=9] Sending UpdateMetadata request to brokers HashSet() for 0 partitions (state.change.logger)
[2021-01-10 14:19:42,396] INFO [Controller id=1 epoch=9] Sending UpdateMetadata request to brokers HashSet() for 0 partitions (state.change.logger)
[2021-01-10 14:19:42,396] INFO [Controller id=1 epoch=9] Sending UpdateMetadata request to brokers HashSet() for 0 partitions (state.change.logger)
[2021-01-10 14:20:09,521] INFO [Controller id=1 epoch=9] Sending UpdateMetadata request to brokers HashSet() for 0 partitions (state.change.logger)
[2021-01-10 14:20:09,525] INFO [Controller id=1 epoch=9] Sending UpdateMetadata request to brokers HashSet() for 0 partitions (state.change.logger)
[2021-01-10 14:20:09,526] INFO [Controller id=1 epoch=9] Sending UpdateMetadata request to brokers HashSet() for 0 partitions (state.change.logger)
[2021-01-10 14:20:10,313] INFO [Controller id=1 epoch=9] Sending UpdateMetadata request to brokers HashSet() for 0 partitions (state.change.logger)
[2021-01-10 14:20:10,316] ERROR [Controller id=1 epoch=9] Controller 1 epoch 9 failed to change state for partition swisscollections-rawdata-1 from OfflinePartition to OnlinePartition (state.change.logger)
kafka.common.StateChangeFailedException: Failed to elect leader for partition swisscollections-rawdata-1 under strategy OfflinePartitionLeaderElectionStrategy(false)
	at kafka.controller.ZkPartitionStateMachine.$anonfun$doElectLeaderForPartitions$7(PartitionStateMachine.scala:431)
	at scala.collection.IterableOnceOps.foreach(IterableOnce.scala:553)
	at scala.collection.IterableOnceOps.foreach$(IterableOnce.scala:551)
	at scala.collection.AbstractIterable.foreach(Iterable.scala:920)
	at kafka.controller.ZkPartitionStateMachine.doElectLeaderForPartitions(PartitionStateMachine.scala:428)
	at kafka.controller.ZkPartitionStateMachine.electLeaderForPartitions(PartitionStateMachine.scala:339)
	at kafka.controller.ZkPartitionStateMachine.doHandleStateChanges(PartitionStateMachine.scala:238)
	at kafka.controller.ZkPartitionStateMachine.handleStateChanges(PartitionStateMachine.scala:158)
	at kafka.controller.PartitionStateMachine.triggerOnlineStateChangeForPartitions(PartitionStateMachine.scala:74)
	at kafka.controller.PartitionStateMachine.triggerOnlinePartitionStateChange(PartitionStateMachine.scala:59)
	at kafka.controller.KafkaController.onReplicasBecomeOffline(KafkaController.scala:618)
	at kafka.controller.KafkaController.onBrokerFailure(KafkaController.scala:588)
	at kafka.controller.KafkaController.processBrokerChange(KafkaController.scala:1604)
	at kafka.controller.KafkaController.process(KafkaController.scala:2400)
	at kafka.controller.QueuedEvent.process(ControllerEventManager.scala:52)
	at kafka.controller.ControllerEventManager$ControllerEventThread.process$1(ControllerEventManager.scala:130)
	at kafka.controller.ControllerEventManager$ControllerEventThread.$anonfun$doWork$1(ControllerEventManager.scala:133)
	at scala.runtime.java8.JFunction0$mcV$sp.apply(JFunction0$mcV$sp.scala:18)
	at kafka.metrics.KafkaTimer.time(KafkaTimer.scala:31)
	at kafka.controller.ControllerEventManager$ControllerEventThread.doWork(ControllerEventManager.scala:133)
	at kafka.utils.ShutdownableThread.run(ShutdownableThread.scala:96)
[2021-01-10 14:20:10,316] ERROR [Controller id=1 epoch=9] Controller 1 epoch 9 failed to change state for partition swisscollections-rawdata-2 from OfflinePartition to OnlinePartition (state.change.logger)
kafka.common.StateChangeFailedException: Failed to elect leader for partition swisscollections-rawdata-2 under strategy OfflinePartitionLeaderElectionStrategy(false)
	at kafka.controller.ZkPartitionStateMachine.$anonfun$doElectLeaderForPartitions$7(PartitionStateMachine.scala:431)
	at scala.collection.IterableOnceOps.foreach(IterableOnce.scala:553)
	at scala.collection.IterableOnceOps.foreach$(IterableOnce.scala:551)
	at scala.collection.AbstractIterable.foreach(Iterable.scala:920)
	at kafka.controller.ZkPartitionStateMachine.doElectLeaderForPartitions(PartitionStateMachine.scala:428)
	at kafka.controller.ZkPartitionStateMachine.electLeaderForPartitions(PartitionStateMachine.scala:339)
	at kafka.controller.ZkPartitionStateMachine.doHandleStateChanges(PartitionStateMachine.scala:238)
	at kafka.controller.ZkPartitionStateMachine.handleStateChanges(PartitionStateMachine.scala:158)
	at kafka.controller.PartitionStateMachine.triggerOnlineStateChangeForPartitions(PartitionStateMachine.scala:74)
	at kafka.controller.PartitionStateMachine.triggerOnlinePartitionStateChange(PartitionStateMachine.scala:59)
	at kafka.controller.KafkaController.onReplicasBecomeOffline(KafkaController.scala:618)
	at kafka.controller.KafkaController.onBrokerFailure(KafkaController.scala:588)
	at kafka.controller.KafkaController.processBrokerChange(KafkaController.scala:1604)
	at kafka.controller.KafkaController.process(KafkaController.scala:2400)
	at kafka.controller.QueuedEvent.process(ControllerEventManager.scala:52)
	at kafka.controller.ControllerEventManager$ControllerEventThread.process$1(ControllerEventManager.scala:130)
	at kafka.controller.ControllerEventManager$ControllerEventThread.$anonfun$doWork$1(ControllerEventManager.scala:133)
	at scala.runtime.java8.JFunction0$mcV$sp.apply(JFunction0$mcV$sp.scala:18)
	at kafka.metrics.KafkaTimer.time(KafkaTimer.scala:31)
	at kafka.controller.ControllerEventManager$ControllerEventThread.doWork(ControllerEventManager.scala:133)
	at kafka.utils.ShutdownableThread.run(ShutdownableThread.scala:96)
[2021-01-10 14:20:10,317] ERROR [Controller id=1 epoch=9] Controller 1 epoch 9 failed to change state for partition swisscollections-rawdata-0 from OfflinePartition to OnlinePartition (state.change.logger)
kafka.common.StateChangeFailedException: Failed to elect leader for partition swisscollections-rawdata-0 under strategy OfflinePartitionLeaderElectionStrategy(false)
	at kafka.controller.ZkPartitionStateMachine.$anonfun$doElectLeaderForPartitions$7(PartitionStateMachine.scala:431)
	at scala.collection.IterableOnceOps.foreach(IterableOnce.scala:553)
	at scala.collection.IterableOnceOps.foreach$(IterableOnce.scala:551)
	at scala.collection.AbstractIterable.foreach(Iterable.scala:920)
	at kafka.controller.ZkPartitionStateMachine.doElectLeaderForPartitions(PartitionStateMachine.scala:428)
	at kafka.controller.ZkPartitionStateMachine.electLeaderForPartitions(PartitionStateMachine.scala:339)
	at kafka.controller.ZkPartitionStateMachine.doHandleStateChanges(PartitionStateMachine.scala:238)
	at kafka.controller.ZkPartitionStateMachine.handleStateChanges(PartitionStateMachine.scala:158)
	at kafka.controller.PartitionStateMachine.triggerOnlineStateChangeForPartitions(PartitionStateMachine.scala:74)
	at kafka.controller.PartitionStateMachine.triggerOnlinePartitionStateChange(PartitionStateMachine.scala:59)
	at kafka.controller.KafkaController.onReplicasBecomeOffline(KafkaController.scala:618)
	at kafka.controller.KafkaController.onBrokerFailure(KafkaController.scala:588)
	at kafka.controller.KafkaController.processBrokerChange(KafkaController.scala:1604)
	at kafka.controller.KafkaController.process(KafkaController.scala:2400)
	at kafka.controller.QueuedEvent.process(ControllerEventManager.scala:52)
	at kafka.controller.ControllerEventManager$ControllerEventThread.process$1(ControllerEventManager.scala:130)
	at kafka.controller.ControllerEventManager$ControllerEventThread.$anonfun$doWork$1(ControllerEventManager.scala:133)
	at scala.runtime.java8.JFunction0$mcV$sp.apply(JFunction0$mcV$sp.scala:18)
	at kafka.metrics.KafkaTimer.time(KafkaTimer.scala:31)
	at kafka.controller.ControllerEventManager$ControllerEventThread.doWork(ControllerEventManager.scala:133)
	at kafka.utils.ShutdownableThread.run(ShutdownableThread.scala:96)
[2021-01-10 14:20:10,317] INFO [Controller id=1 epoch=9] Sending UpdateMetadata request to brokers HashSet() for 0 partitions (state.change.logger)
[2021-01-10 14:20:10,321] INFO [Controller id=1 epoch=9] Sending UpdateMetadata request to brokers HashSet() for 0 partitions (state.change.logger)
[2021-01-10 14:20:10,323] ERROR [Controller id=1 epoch=9] Controller 1 epoch 9 failed to change state for partition swisscollections-rawdata-1 from OfflinePartition to OnlinePartition (state.change.logger)
kafka.common.StateChangeFailedException: Failed to elect leader for partition swisscollections-rawdata-1 under strategy OfflinePartitionLeaderElectionStrategy(false)
	at kafka.controller.ZkPartitionStateMachine.$anonfun$doElectLeaderForPartitions$7(PartitionStateMachine.scala:431)
	at scala.collection.IterableOnceOps.foreach(IterableOnce.scala:553)
	at scala.collection.IterableOnceOps.foreach$(IterableOnce.scala:551)
	at scala.collection.AbstractIterable.foreach(Iterable.scala:920)
	at kafka.controller.ZkPartitionStateMachine.doElectLeaderForPartitions(PartitionStateMachine.scala:428)
	at kafka.controller.ZkPartitionStateMachine.electLeaderForPartitions(PartitionStateMachine.scala:339)
	at kafka.controller.ZkPartitionStateMachine.doHandleStateChanges(PartitionStateMachine.scala:238)
	at kafka.controller.ZkPartitionStateMachine.handleStateChanges(PartitionStateMachine.scala:158)
	at kafka.controller.PartitionStateMachine.triggerOnlineStateChangeForPartitions(PartitionStateMachine.scala:74)
	at kafka.controller.PartitionStateMachine.triggerOnlinePartitionStateChange(PartitionStateMachine.scala:59)
	at kafka.controller.KafkaController.onReplicasBecomeOffline(KafkaController.scala:618)
	at kafka.controller.KafkaController.onBrokerFailure(KafkaController.scala:588)
	at kafka.controller.KafkaController.processBrokerChange(KafkaController.scala:1604)
	at kafka.controller.KafkaController.process(KafkaController.scala:2400)
	at kafka.controller.QueuedEvent.process(ControllerEventManager.scala:52)
	at kafka.controller.ControllerEventManager$ControllerEventThread.process$1(ControllerEventManager.scala:130)
	at kafka.controller.ControllerEventManager$ControllerEventThread.$anonfun$doWork$1(ControllerEventManager.scala:133)
	at scala.runtime.java8.JFunction0$mcV$sp.apply(JFunction0$mcV$sp.scala:18)
	at kafka.metrics.KafkaTimer.time(KafkaTimer.scala:31)
	at kafka.controller.ControllerEventManager$ControllerEventThread.doWork(ControllerEventManager.scala:133)
	at kafka.utils.ShutdownableThread.run(ShutdownableThread.scala:96)
[2021-01-10 14:20:10,324] ERROR [Controller id=1 epoch=9] Controller 1 epoch 9 failed to change state for partition swisscollections-rawdata-2 from OfflinePartition to OnlinePartition (state.change.logger)
kafka.common.StateChangeFailedException: Failed to elect leader for partition swisscollections-rawdata-2 under strategy OfflinePartitionLeaderElectionStrategy(false)
	at kafka.controller.ZkPartitionStateMachine.$anonfun$doElectLeaderForPartitions$7(PartitionStateMachine.scala:431)
	at scala.collection.IterableOnceOps.foreach(IterableOnce.scala:553)
	at scala.collection.IterableOnceOps.foreach$(IterableOnce.scala:551)
	at scala.collection.AbstractIterable.foreach(Iterable.scala:920)
	at kafka.controller.ZkPartitionStateMachine.doElectLeaderForPartitions(PartitionStateMachine.scala:428)
	at kafka.controller.ZkPartitionStateMachine.electLeaderForPartitions(PartitionStateMachine.scala:339)
	at kafka.controller.ZkPartitionStateMachine.doHandleStateChanges(PartitionStateMachine.scala:238)
	at kafka.controller.ZkPartitionStateMachine.handleStateChanges(PartitionStateMachine.scala:158)
	at kafka.controller.PartitionStateMachine.triggerOnlineStateChangeForPartitions(PartitionStateMachine.scala:74)
	at kafka.controller.PartitionStateMachine.triggerOnlinePartitionStateChange(PartitionStateMachine.scala:59)
	at kafka.controller.KafkaController.onReplicasBecomeOffline(KafkaController.scala:618)
	at kafka.controller.KafkaController.onBrokerFailure(KafkaController.scala:588)
	at kafka.controller.KafkaController.processBrokerChange(KafkaController.scala:1604)
	at kafka.controller.KafkaController.process(KafkaController.scala:2400)
	at kafka.controller.QueuedEvent.process(ControllerEventManager.scala:52)
	at kafka.controller.ControllerEventManager$ControllerEventThread.process$1(ControllerEventManager.scala:130)
	at kafka.controller.ControllerEventManager$ControllerEventThread.$anonfun$doWork$1(ControllerEventManager.scala:133)
	at scala.runtime.java8.JFunction0$mcV$sp.apply(JFunction0$mcV$sp.scala:18)
	at kafka.metrics.KafkaTimer.time(KafkaTimer.scala:31)
	at kafka.controller.ControllerEventManager$ControllerEventThread.doWork(ControllerEventManager.scala:133)
	at kafka.utils.ShutdownableThread.run(ShutdownableThread.scala:96)
[2021-01-10 14:20:10,324] ERROR [Controller id=1 epoch=9] Controller 1 epoch 9 failed to change state for partition swisscollections-rawdata-0 from OfflinePartition to OnlinePartition (state.change.logger)
kafka.common.StateChangeFailedException: Failed to elect leader for partition swisscollections-rawdata-0 under strategy OfflinePartitionLeaderElectionStrategy(false)
	at kafka.controller.ZkPartitionStateMachine.$anonfun$doElectLeaderForPartitions$7(PartitionStateMachine.scala:431)
	at scala.collection.IterableOnceOps.foreach(IterableOnce.scala:553)
	at scala.collection.IterableOnceOps.foreach$(IterableOnce.scala:551)
	at scala.collection.AbstractIterable.foreach(Iterable.scala:920)
	at kafka.controller.ZkPartitionStateMachine.doElectLeaderForPartitions(PartitionStateMachine.scala:428)
	at kafka.controller.ZkPartitionStateMachine.electLeaderForPartitions(PartitionStateMachine.scala:339)
	at kafka.controller.ZkPartitionStateMachine.doHandleStateChanges(PartitionStateMachine.scala:238)
	at kafka.controller.ZkPartitionStateMachine.handleStateChanges(PartitionStateMachine.scala:158)
	at kafka.controller.PartitionStateMachine.triggerOnlineStateChangeForPartitions(PartitionStateMachine.scala:74)
	at kafka.controller.PartitionStateMachine.triggerOnlinePartitionStateChange(PartitionStateMachine.scala:59)
	at kafka.controller.KafkaController.onReplicasBecomeOffline(KafkaController.scala:618)
	at kafka.controller.KafkaController.onBrokerFailure(KafkaController.scala:588)
	at kafka.controller.KafkaController.processBrokerChange(KafkaController.scala:1604)
	at kafka.controller.KafkaController.process(KafkaController.scala:2400)
	at kafka.controller.QueuedEvent.process(ControllerEventManager.scala:52)
	at kafka.controller.ControllerEventManager$ControllerEventThread.process$1(ControllerEventManager.scala:130)
	at kafka.controller.ControllerEventManager$ControllerEventThread.$anonfun$doWork$1(ControllerEventManager.scala:133)
	at scala.runtime.java8.JFunction0$mcV$sp.apply(JFunction0$mcV$sp.scala:18)
	at kafka.metrics.KafkaTimer.time(KafkaTimer.scala:31)
	at kafka.controller.ControllerEventManager$ControllerEventThread.doWork(ControllerEventManager.scala:133)
	at kafka.utils.ShutdownableThread.run(ShutdownableThread.scala:96)
[2021-01-10 14:20:10,324] INFO [Controller id=1 epoch=9] Sending UpdateMetadata request to brokers HashSet() for 0 partitions (state.change.logger)
[2021-01-10 14:20:10,329] INFO [Controller id=1 epoch=9] Partition swisscollections-rawdata-1 state changed to (Leader:-1,ISR:3,LeaderEpoch:3,ControllerEpoch:9) after removing replica 3 from the ISR as part of transition to OfflineReplica (state.change.logger)
[2021-01-10 14:20:10,329] INFO [Controller id=1 epoch=9] Sending UpdateMetadata request to brokers HashSet(1) for 1 partitions (state.change.logger)
