[2021-01-10 14:19:30,811] INFO [Broker id=3] Add 3 partitions and deleted 0 partitions from metadata cache in response to UpdateMetadata request sent by controller 1 epoch 9 with correlation id 0 (state.change.logger)
[2021-01-10 14:19:30,824] INFO [Broker id=3] Handling LeaderAndIsr request correlationId 1 from controller 1 for 4 partitions (state.change.logger)
[2021-01-10 14:19:30,848] ERROR [Broker id=3] Received LeaderAndIsrRequest with correlation id 1 from controller 1 epoch 9 for partition test2-1 (last update controller epoch 9) but cannot become follower since the new leader -1 is unavailable. (state.change.logger)
[2021-01-10 14:19:30,865] ERROR [Broker id=3] Received LeaderAndIsrRequest with correlation id 1 from controller 1 epoch 9 for partition test2-2 (last update controller epoch 9) but cannot become follower since the new leader -1 is unavailable. (state.change.logger)
[2021-01-10 14:19:30,870] ERROR [Broker id=3] Received LeaderAndIsrRequest with correlation id 1 from controller 1 epoch 9 for partition swisscollections-rawdata-1 (last update controller epoch 9) but cannot become follower since the new leader -1 is unavailable. (state.change.logger)
[2021-01-10 14:19:30,870] ERROR [Broker id=3] Received LeaderAndIsrRequest with correlation id 1 from controller 1 epoch 9 for partition test2-0 (last update controller epoch 9) but cannot become follower since the new leader -1 is unavailable. (state.change.logger)
[2021-01-10 14:19:30,878] INFO [Broker id=3] Stopped fetchers as part of become-follower request from controller 1 epoch 9 with correlation id 1 for 0 partitions (state.change.logger)
[2021-01-10 14:19:30,885] INFO [Broker id=3] Finished LeaderAndIsr request in 61ms correlationId 1 from controller 1 for 4 partitions (state.change.logger)
[2021-01-10 14:19:30,892] INFO [Broker id=3] Add 1 partitions and deleted 3 partitions from metadata cache in response to UpdateMetadata request sent by controller 1 epoch 9 with correlation id 2 (state.change.logger)
[2021-01-10 14:19:30,895] INFO [Broker id=3] Handling LeaderAndIsr request correlationId 3 from controller 1 for 1 partitions (state.change.logger)
[2021-01-10 14:19:30,899] INFO [Broker id=3] Stopped fetchers as part of LeaderAndIsr request correlationId 3 from controller 1 epoch 9 as part of the become-leader transition for 1 partitions (state.change.logger)
[2021-01-10 14:19:30,904] INFO [Broker id=3] Leader swisscollections-rawdata-1 starts at leader epoch 2 from offset 0 with high watermark 0 ISR [3] addingReplicas [] removingReplicas []. Previous leader epoch was -1. (state.change.logger)
[2021-01-10 14:19:30,917] INFO [Broker id=3] Finished LeaderAndIsr request in 22ms correlationId 3 from controller 1 for 1 partitions (state.change.logger)
[2021-01-10 14:19:30,920] INFO [Broker id=3] Add 1 partitions and deleted 0 partitions from metadata cache in response to UpdateMetadata request sent by controller 1 epoch 9 with correlation id 4 (state.change.logger)
[2021-01-10 14:19:30,923] INFO [Broker id=3] Add 0 partitions and deleted 3 partitions from metadata cache in response to UpdateMetadata request sent by controller 1 epoch 9 with correlation id 5 (state.change.logger)
[2021-01-10 14:19:30,925] INFO [Broker id=3] Handling StopReplica request correlationId 6 from controller 1 for 3 partitions (state.change.logger)
[2021-01-10 14:19:30,933] INFO [Broker id=3] Handling StopReplica request correlationId 7 from controller 1 for 3 partitions (state.change.logger)
[2021-01-10 14:19:39,270] INFO [Broker id=3] Handling LeaderAndIsr request correlationId 8 from controller 1 for 3 partitions (state.change.logger)
[2021-01-10 14:19:39,274] INFO [Broker id=3] Stopped fetchers as part of LeaderAndIsr request correlationId 8 from controller 1 epoch 9 as part of the become-leader transition for 1 partitions (state.change.logger)
[2021-01-10 14:19:39,281] INFO [Broker id=3] Leader test2-0 starts at leader epoch 0 from offset 0 with high watermark 0 ISR [3,2,1] addingReplicas [] removingReplicas []. Previous leader epoch was -1. (state.change.logger)
[2021-01-10 14:19:39,291] INFO [Broker id=3] Follower test2-1 starts at leader epoch 0 from offset 0 with high watermark 0. Previous leader epoch was -1. (state.change.logger)
[2021-01-10 14:19:39,298] INFO [Broker id=3] Follower test2-2 starts at leader epoch 0 from offset 0 with high watermark 0. Previous leader epoch was -1. (state.change.logger)
[2021-01-10 14:19:39,298] INFO [Broker id=3] Stopped fetchers as part of become-follower request from controller 1 epoch 9 with correlation id 8 for 2 partitions (state.change.logger)
[2021-01-10 14:19:39,348] INFO [Broker id=3] Finished LeaderAndIsr request in 78ms correlationId 8 from controller 1 for 3 partitions (state.change.logger)
[2021-01-10 14:19:39,351] INFO [Broker id=3] Add 3 partitions and deleted 0 partitions from metadata cache in response to UpdateMetadata request sent by controller 1 epoch 9 with correlation id 9 (state.change.logger)
[2021-01-10 14:19:42,315] INFO [Broker id=3] Add 0 partitions and deleted 3 partitions from metadata cache in response to UpdateMetadata request sent by controller 1 epoch 9 with correlation id 10 (state.change.logger)
[2021-01-10 14:19:42,347] INFO [Broker id=3] Handling StopReplica request correlationId 11 from controller 1 for 3 partitions (state.change.logger)
[2021-01-10 14:19:42,352] INFO [Broker id=3] Handling StopReplica request correlationId 12 from controller 1 for 3 partitions (state.change.logger)
